9951:
2.9
3.2
4.4
3.5
3.5
3.7
9952:
2.9
3.6
3.3
3.0
3.2
9953:
3.6
9954:
3.2
4.2
3.6
3.5
3.8
3.6
3.7
3.7
3.6
4.5
3.9
3.6
3.8
3.8
4.4
4.0
3.5
4.0
3.6
3.9
3.7
3.6
4.1
4.1
3.7
5.0
4.5
3.7
4.2
3.9
4.2
3.5
3.7
3.9
3.6
3.8
3.6
4.4
3.8
4.0
3.7
4.2
4.0
3.8
3.8
4.5
3.6
3.1
3.6
3.3
4.1
4.4
4.0
3.4
4.0
3.5
4.1
4.2
4.0
4.0
4.0
4.3
4.1
4.5
4.1
4.5
3.5
4.6
3.6
4.1
3.8
4.3
3.8
4.1
4.8
4.1
4.3
3.8
9955:
3.2
3.0
2.2
3.7
2.8
3.7
2.8
9956:
3.4
9957:
3.1
2.9
2.4
2.7
2.7
9958:
2.8
4.2
3.8
3.6
3.7
3.8
3.9
9959:
3.5
4.2
3.4
3.1
3.1
2.7
3.2
3.5
3.7
4.1
3.7
3.4
3.2
3.3
3.3
4.1
3.2
2.5
2.9
3.5
3.9
3.4
3.2
4.2
3.1
2.9
2.8
3.0
3.2
3.3
3.0
3.3
3.5
3.1
3.4
2.3
3.5
3.8
3.6
3.6
3.5
3.3
3.8
3.1
3.8
3.2
2.8
3.3
3.1
3.2
2.4
996:
4.6
3.1
4.5
4.4
4.4
4.1
4.7
3.5
2.9
3.9
4.3
4.6
4.2
4.1
5.0
4.0
4.9
3.9
4.3
4.1
4.1
4.2
4.4
3.6
4.5
4.7
2.7
4.2
4.8
4.3
3.4
3.7
3.8
4.1
3.6
3.9
4.3
3.0
4.1
4.6
3.7
3.9
4.5
4.0
3.7
3.8
3.8
2.8
4.4
4.3
4.3
2.8
4.2
3.9
4.0
3.6
4.1
3.8
4.3
3.7
3.3
4.6
3.8
4.3
3.9
4.2
3.9
3.9
3.5
4.2
4.2
5.0
3.8
4.8
4.2
3.8
4.4
4.3
4.5
3.2
4.1
4.1
3.5
3.2
3.8
4.2
4.1
3.4
3.8
2.8
3.9
4.0
4.7
5.0
4.6
3.8
4.3
4.5
3.9
3.9
3.9
4.2
3.6
4.6
4.2
4.1
4.0
3.1
4.5
3.9
4.8
4.2
4.4
3.9
4.4
4.2
4.1
3.8
3.6
3.9
4.4
4.3
3.6
4.6
4.2
3.4
3.2
4.8
4.8
4.3
4.3
3.5
4.2
3.6
3.8
2.6
4.6
4.2
4.6
4.0
4.3
3.0
4.5
3.4
3.8
4.4
3.7
4.4
4.0
4.2
3.8
3.3
3.9
3.5
4.0
3.6
3.8
3.8
3.8
3.8
3.6
2.5
3.5
4.2
4.2
3.7
3.7
3.9
3.3
4.5
3.9
4.3
3.7
3.9
4.1
2.9
3.8
3.7
4.2
3.7
3.9
4.5
3.3
3.8
4.4
3.2
2.7
4.9
4.6
4.1
4.6
3.8
3.6
4.2
4.7
3.6
3.3
4.3
3.6
3.6
3.6
3.9
4.1
4.0
3.2
4.9
4.0
3.9
4.3
3.6
2.5
3.9
4.1
4.0
4.3
3.9
4.3
4.6
4.3
3.5
3.6
3.8
4.1
4.4
3.7
2.8
3.6
4.2
4.3
4.2
5.0
3.7
4.3
3.6
3.4
3.4
3.5
4.4
3.7
3.8
4.4
4.1
4.7
4.1
4.0
4.1
3.9
4.4
3.7
3.7
3.8
3.8
4.2
3.9
3.7
3.9
4.1
4.0
4.3
3.7
4.0
3.6
4.0
4.4
3.3
3.8
3.8
4.0
4.8
4.2
4.6
4.4
2.3
3.8
4.6
3.7
4.5
9960:
4.0
4.1
4.2
3.7
4.4
3.7
3.4
3.6
3.8
3.1
3.9
3.5
4.2
4.3
4.9
4.2
3.5
3.7
3.9
3.9
4.3
4.6
4.1
3.4
4.2
4.3
3.5
4.1
4.3
4.2
3.8
4.1
4.5
4.1
4.0
3.3
4.3
3.7
3.6
4.1
4.3
4.7
4.5
3.9
3.9
4.5
4.1
4.3
4.6
4.3
4.1
4.9
3.4
4.2
4.4
4.2
4.6
4.6
3.5
5.0
3.5
5.0
4.5
4.7
3.8
4.2
4.5
4.4
4.0
4.0
4.3
4.0
4.0
4.2
4.5
4.2
4.3
4.6
3.4
3.9
4.4
4.6
3.8
4.3
4.2
4.4
3.8
4.0
3.8
4.4
4.3
3.9
4.2
4.3
4.3
4.4
4.0
3.7
4.7
4.8
3.7
3.6
4.0
4.3
4.0
4.3
3.4
4.3
3.5
4.7
4.0
4.2
4.8
4.2
2.4
4.1
4.0
3.9
4.5
4.5
3.8
4.3
3.9
3.8
3.1
4.1
4.1
4.1
4.1
4.0
4.1
4.8
5.0
4.1
3.8
4.5
4.7
4.0
4.1
3.4
4.3
4.4
3.8
4.1
4.1
4.1
4.3
4.6
4.2
3.7
3.8
4.6
3.8
4.2
4.2
3.9
4.8
3.9
4.9
4.6
4.2
3.8
4.0
5.0
4.4
5.0
3.3
3.4
4.8
4.3
4.8
3.8
4.0
3.9
3.9
4.3
3.9
3.7
4.6
4.2
3.5
4.3
4.0
4.7
4.2
4.2
4.2
4.4
4.4
3.7
3.7
3.4
4.1
4.4
3.9
4.1
4.1
4.9
4.0
4.6
5.0
4.4
4.0
4.7
3.9
4.4
4.2
4.6
4.4
4.2
5.0
4.2
3.9
4.2
4.2
3.5
3.8
3.9
4.0
4.6
4.3
3.9
3.7
4.2
4.8
4.1
3.6
3.9
3.0
4.6
3.4
4.3
4.2
3.3
4.0
3.9
4.9
4.4
4.1
4.5
3.5
3.5
4.5
4.5
4.1
4.2
4.4
4.5
3.9
4.2
3.0
4.0
4.8
4.1
3.8
4.2
4.1
4.1
4.1
3.5
4.0
4.2
2.9
4.1
4.3
4.0
4.3
9961:
4.6
4.1
3.4
4.5
4.8
4.0
4.3
3.9
5.0
3.9
4.0
4.3
4.7
3.9
4.0
3.7
4.6
4.5
3.6
3.9
3.6
5.0
3.7
3.6
4.0
4.0
4.0
4.0
5.0
4.1
4.6
3.6
3.8
4.0
4.0
4.4
3.9
4.1
9962:
1.8
3.2
2.9
2.9
9963:
2.9
3.4
2.4
2.8
3.0
3.1
2.6
3.0
9964:
3.4
3.4
3.8
4.7
3.6
4.7
4.1
3.9
3.5
3.6
3.9
3.4
3.8
4.2
3.9
3.9
4.0
4.1
3.7
3.6
3.7
3.7
4.2
4.3
4.1
2.9
2.8
4.4
3.9
4.4
3.3
4.1
4.1
4.1
3.8
3.1
3.1
4.1
4.5
4.1
9965:
3.7
3.7
3.2
2.7
2.6
3.7
2.9
3.0
9966:
3.9
4.1
3.8
3.5
3.7
3.6
4.1
3.6
3.6
3.3
3.1
4.2
3.2
3.3
3.6
3.4
3.5
3.6
3.9
3.8
3.6
3.4
3.4
3.6
2.6
3.4
3.8
2.6
3.9
3.6
4.0
3.0
2.8
4.4
3.3
3.6
3.5
3.3
3.7
3.3
3.3
3.4
3.3
3.0
3.6
3.1
3.4
3.4
3.3
3.5
3.6
3.2
3.6
4.1
3.0
4.1
3.3
3.4
3.5
3.3
3.6
3.2
2.7
3.6
3.7
3.0
3.2
3.5
3.6
3.5
3.1
3.4
3.4
2.7
2.6
3.0
3.7
3.2
2.8
3.3
3.9
2.9
3.5
3.0
9967:
3.3
2.3
9968:
3.2
4.2
9969:
2.4
2.5
997:
3.7
3.4
3.0
3.6
3.1
3.4
2.9
3.7
4.6
2.8
9970:
3.9
3.9
3.1
4.3
4.0
4.3
4.1
4.1
4.1
3.6
4.1
3.8
3.5
4.6
3.6
4.3
5.0
4.2
3.8
3.8
3.8
3.8
3.5
4.0
4.4
4.3
3.8
3.7
3.6
3.6
3.9
4.0
4.1
4.8
3.9
3.8
4.1
3.6
3.8
4.3
9971:
2.6
3.6
3.8
3.6
9972:
3.0
2.8
2.5
2.8
3.8
2.0
2.1
2.9
3.0
3.0
3.0
2.7
2.9
9974:
3.4
2.6
3.1
2.0
3.0
3.0
2.7
3.2
2.9
3.6
2.6
2.7
3.3
2.7
2.7
3.0
3.1
9975:
1.9
0.8
2.4
1.0
2.1
1.7
1.8
0.5
9976:
4.1
3.4
3.1
3.5
4.2
3.5
3.9
3.5
3.1
3.6
3.9
3.5
3.8
3.8
2.8
3.8
3.3
3.9
4.5
3.3
3.6
3.7
3.4
3.5
3.3
3.8
3.7
4.5
3.8
3.5
9977:
3.6
3.4
2.7
3.1
3.4
2.7
2.7
3.5
2.7
3.2
3.4
3.4
3.3
3.1
3.4
3.3
3.0
3.6
3.1
9978:
2.5
2.7
2.6
2.2
2.4
9979:
4.2
4.2
4.0
4.4
4.7
998:
3.8
3.7
2.5
3.8
3.4
9980:
2.8
4.1
3.1
3.3
2.9
2.5
3.1
2.6
9981:
3.3
4.9
3.1
4.1
3.6
4.3
4.2
3.7
4.6
3.4
3.9
4.4
4.0
3.6
3.2
3.5
4.1
4.0
4.6
4.7
4.2
3.6
4.1
4.2
3.3
3.6
4.6
3.2
4.6
4.1
4.6
4.1
3.6
3.7
4.7
4.6
4.3
3.9
3.1
4.0
4.2
3.1
4.2
3.7
3.6
4.2
4.3
4.4
4.1
4.7
4.0
3.8
4.3
3.4
4.2
3.4
3.7
4.2
4.2
3.1
4.7
3.8
4.1
4.6
3.4
3.2
3.8
4.1
4.1
4.1
3.9
3.8
3.5
3.9
4.5
4.1
3.8
3.4
4.0
4.3
3.4
4.2
3.8
3.9
3.6
4.2
4.2
3.0
3.9
4.4
4.4
3.8
4.3
3.5
3.6
4.0
4.6
5.0
4.2
4.8
3.5
3.6
4.2
3.9
4.4
4.2
3.6
3.5
3.6
4.0
4.9
3.9
4.0
4.7
4.2
3.9
3.9
4.3
4.2
9982:
3.3
3.0
3.3
3.4
3.8
3.9
9983:
3.7
3.7
3.5
4.0
4.1
4.3
3.7
3.5
4.0
3.2
3.9
2.9
2.4
3.4
3.3
3.6
3.4
3.3
3.8
2.3
3.9
4.6
4.1
3.6
3.5
3.3
3.7
3.4
3.0
4.1
3.5
2.2
3.9
4.6
3.2
3.6
4.1
3.8
3.5
4.0
9984:
3.6
3.7
4.2
3.3
3.3
4.0
3.1
3.6
3.5
3.2
3.5
4.0
3.5
3.6
4.5
3.6
4.4
3.4
3.6
4.7
3.4
3.1
4.2
3.8
4.7
4.0
3.7
3.6
3.7
4.3
3.6
3.9
3.8
4.3
3.7
3.9
3.3
4.0
3.6
3.7
4.2
4.0
3.7
3.9
4.3
3.3
2.5
4.0
3.9
3.5
2.8
4.0
3.4
4.1
3.8
3.3
3.5
4.5
3.6
4.0
4.0
4.2
3.9
3.7
4.3
3.6
3.9
3.7
3.8
3.2
3.0
4.3
3.5
4.5
2.7
4.5
4.2
3.6
3.3
3.4
3.6
4.5
3.3
3.8
4.2
3.4
9985:
2.8
3.3
3.8
3.7
3.2
2.8
3.2
3.3
3.2
3.9
3.1
3.4
3.7
2.8
2.5
3.0
2.8
4.2
3.3
2.6
3.6
3.7
3.6
3.1
3.2
3.3
3.5
3.1
2.4
2.8
3.2
2.7
2.7
3.3
3.2
2.9
2.8
3.1
2.8
3.2
3.4
2.9
2.7
3.5
3.0
3.3
2.6
3.1
3.8
3.6
3.5
3.9
3.0
3.0
3.0
2.7
4.3
3.9
3.1
3.5
2.7
2.6
3.4
3.6
3.2
3.9
3.3
2.2
2.9
9986:
3.3
3.9
3.6
3.6
4.0
3.6
3.3
3.6
3.0
3.5
3.4
3.4
3.6
3.8
3.4
3.8
3.4
4.0
2.9
3.6
3.3
3.1
3.8
3.3
3.0
4.3
2.5
4.1
3.5
3.1
3.4
3.3
3.4
3.5
3.6
4.4
3.5
3.3
3.1
3.7
3.2
3.5
3.6
4.3
3.4
3.5
3.4
3.2
2.9
3.7
3.8
3.6
3.3
4.1
3.1
2.5
3.7
3.5
4.1
9987:
3.5
2.9
3.2
4.4
3.4
4.0
4.4
4.8
3.3
4.0
3.5
3.7
2.9
2.8
3.6
3.7
3.8
3.3
3.9
2.9
4.2
2.8
4.0
3.3
3.4
3.5
3.7
4.7
3.9
4.1
3.8
3.2
4.1
3.8
3.4
2.8
3.2
3.4
3.8
4.2
4.0
3.8
3.0
3.7
3.4
4.1
4.0
3.7
3.9
3.7
3.9
3.2
3.4
3.7
3.2
3.8
3.6
3.7
3.6
9988:
3.9
3.5
3.1
4.1
4.8
3.4
3.5
3.7
3.5
3.7
4.2
4.0
4.2
3.8
4.0
3.3
3.7
4.3
5.0
4.6
4.5
4.5
4.1
3.2
9989:
2.3
2.5
2.4
3.2
999:
2.5
2.6
2.3
2.9
2.3
2.5
2.0
2.1
2.6
2.9
2.8
3.1
1.9
2.7
2.5
1.7
2.1
9990:
4.5
3.2
3.0
3.8
3.7
3.9
3.3
3.9
3.7
9991:
3.5
3.7
3.6
3.1
3.5
3.6
3.7
2.9
2.6
3.9
2.9
2.6
3.2
3.8
3.3
3.7
4.0
3.4
3.7
3.3
3.3
2.8
2.9
4.5
3.3
2.5
4.0
3.4
3.1
3.3
3.2
3.7
3.3
3.5
3.1
3.6
4.3
3.6
2.9
3.4
3.4
3.6
3.6
3.8
RMSE: 0.99
