13814:
3.6
3.8
3.2
3.2
2.8
3.7
3.5
3.5
3.4
3.3
3.1
2.8
3.2
2.9
3.4
3.6
3.5
3.2
3.5
3.2
3.0
3.1
3.9
4.0
4.5
3.3
3.7
3.3
3.3
3.2
2.9
3.3
3.1
3.4
2.8
3.2
3.5
3.4
3.3
3.2
3.7
3.0
3.4
13815:
3.8
3.3
4.4
3.2
4.8
4.3
3.9
4.3
4.5
13821:
3.2
3.4
13822:
3.9
3.2
3.9
2.2
13823:
4.2
2.8
13824:
3.1
13825:
3.7
3.3
3.5
4.3
3.5
3.7
3.3
3.3
3.6
3.9
3.6
3.5
3.6
3.3
3.7
3.7
3.4
4.0
3.8
3.4
3.6
3.6
3.1
4.3
3.7
4.0
3.3
3.8
3.1
3.6
4.1
3.7
4.5
3.0
3.5
3.2
3.6
13826:
4.0
2.7
3.3
3.3
3.4
3.2
3.1
4.1
3.3
3.2
2.9
3.0
4.1
3.2
3.5
3.2
3.6
3.8
2.9
3.2
3.7
3.0
3.5
3.8
3.3
3.3
3.7
2.8
3.3
4.3
3.1
2.9
13827:
3.9
3.5
3.8
3.9
3.2
3.8
2.7
3.9
4.1
3.2
3.6
3.6
3.9
3.1
4.5
3.7
3.1
3.8
3.7
3.5
2.7
3.6
2.9
3.8
2.9
3.9
3.6
3.8
3.5
3.3
2.9
3.5
3.4
2.6
3.2
3.7
3.8
2.7
3.4
3.9
3.2
3.3
3.7
3.2
3.2
3.8
3.5
3.3
4.1
3.5
3.5
3.1
3.6
2.9
3.7
3.4
4.0
3.7
3.4
3.7
3.4
3.7
3.2
3.8
2.6
2.5
4.0
3.1
2.6
3.6
2.6
4.1
4.0
2.7
4.0
2.9
3.5
3.2
3.1
3.5
4.1
3.3
3.4
3.4
3.2
3.1
3.4
2.5
3.2
2.3
3.9
3.8
3.0
2.9
4.6
3.8
2.9
3.3
3.8
3.4
3.3
3.9
3.7
3.2
2.9
3.3
2.9
2.7
2.6
3.1
3.4
3.3
3.4
3.7
3.3
3.8
3.0
3.9
13828:
2.4
2.7
13829:
3.8
3.6
3.8
3.7
3.1
3.7
3.2
3.4
3.2
3.3
3.1
3.8
3.8
2.9
3.9
3.5
3.5
2.9
4.1
4.0
3.5
3.3
3.5
3.4
4.1
4.3
4.2
3.1
3.8
3.9
3.6
3.9
3.2
3.9
3.6
3.0
4.4
3.4
3.4
3.6
3.4
3.6
4.1
3.3
3.5
3.8
4.2
2.9
3.8
3.4
3.5
3.3
4.0
3.4
3.6
1.7
3.7
3.9
3.8
3.8
3.9
3.3
3.1
3.4
3.6
3.3
2.8
3.2
3.6
3.7
3.6
3.4
3.8
3.4
3.2
3.3
3.4
3.7
3.0
4.2
3.0
2.6
3.6
2.6
3.4
3.5
3.5
4.1
2.9
2.7
3.5
3.7
2.9
2.9
3.6
4.0
3.6
3.5
4.2
3.1
3.5
4.0
3.8
3.6
3.0
3.9
3.2
4.0
3.8
3.3
3.5
2.9
3.3
3.3
3.8
3.6
3.3
3.6
3.2
3.6
3.4
3.8
13830:
1.9
2.6
3.1
13831:
3.9
2.4
3.1
3.6
3.6
3.2
4.0
3.5
3.9
4.1
3.5
13832:
3.6
2.7
3.0
3.1
3.3
2.9
2.9
3.1
2.8
3.0
3.0
3.1
3.3
2.9
3.3
3.3
2.4
2.7
3.1
3.0
2.4
2.9
3.7
2.5
3.0
2.4
2.9
3.0
2.9
2.4
3.3
2.8
3.5
2.5
2.8
3.2
2.9
3.8
3.5
2.8
3.2
2.6
3.3
2.6
3.7
3.4
3.9
2.7
2.9
3.6
3.0
3.4
13833:
3.8
3.4
13834:
2.7
3.6
3.5
3.0
13835:
4.2
4.0
4.1
3.9
4.6
4.7
4.1
2.7
4.6
5.0
4.2
3.9
4.5
4.2
4.0
4.2
13836:
3.7
4.3
4.1
3.6
4.0
4.0
3.7
3.5
3.9
4.2
3.9
3.7
3.8
3.8
4.0
3.6
5.1
4.8
3.8
4.2
4.4
3.9
3.7
3.7
3.7
3.6
4.3
3.7
3.6
3.6
4.2
4.2
3.6
4.5
4.2
4.1
3.7
4.4
3.6
3.4
3.5
3.9
4.9
4.7
4.4
3.9
4.7
3.8
3.0
4.2
3.8
3.9
3.5
3.6
3.6
3.7
4.4
4.3
3.8
4.0
3.5
3.9
3.7
4.1
4.4
3.5
3.8
3.8
4.0
3.3
3.6
3.8
3.2
3.8
3.3
4.1
3.9
4.3
3.7
3.3
4.7
4.4
3.1
3.5
3.4
3.8
4.2
4.6
3.9
2.8
3.8
3.6
4.0
3.0
3.4
3.9
3.7
4.3
4.1
3.9
4.0
4.1
3.3
4.0
4.0
3.5
3.5
4.1
4.2
4.3
3.9
3.8
4.4
3.7
3.4
4.4
4.3
3.9
3.7
4.3
3.5
3.3
3.6
4.2
3.6
4.1
4.7
3.8
4.5
3.9
3.9
4.1
4.2
3.9
4.6
3.9
4.1
3.0
3.4
4.1
3.9
3.8
3.7
3.7
4.1
3.4
4.5
4.2
3.1
3.4
3.8
4.1
4.2
3.5
3.6
4.0
4.3
3.5
4.0
4.2
3.9
2.8
3.9
4.9
3.4
4.3
4.4
3.2
3.7
3.9
4.1
3.6
4.0
3.5
4.0
3.9
3.4
3.3
3.8
3.0
3.7
3.4
13837:
3.9
3.4
2.7
4.6
4.1
3.8
13838:
3.3
3.4
3.2
3.1
3.3
3.6
2.7
2.9
2.3
13839:
2.0
2.4
2.6
2.6
2.8
2.3
2.3
3.1
2.7
2.7
2.3
2.4
3.0
2.1
3.1
2.6
3.5
2.8
2.8
2.7
2.7
3.5
1384:
4.1
4.5
3.5
3.6
4.1
4.0
2.7
3.2
3.6
4.0
4.2
3.4
3.5
2.6
3.4
2.9
3.8
3.2
4.2
3.0
3.9
3.0
3.8
4.2
3.3
4.1
4.6
4.0
3.0
4.1
2.9
4.4
4.2
4.0
4.2
3.9
4.4
4.0
4.5
3.9
3.6
3.5
3.0
2.6
3.8
3.8
3.1
3.6
3.1
3.0
3.6
4.0
3.4
3.9
4.0
3.7
3.3
3.0
3.4
3.2
4.9
2.2
4.1
13840:
3.8
3.1
2.7
4.2
3.6
3.6
3.6
3.4
3.2
2.3
3.7
3.1
3.6
3.7
3.9
3.2
3.6
2.9
4.1
3.7
3.7
3.9
3.5
3.8
3.1
3.3
3.3
3.6
3.5
4.3
3.7
3.7
3.9
4.0
3.5
3.7
3.5
3.3
3.3
3.2
3.2
3.9
3.8
3.4
3.9
3.8
3.7
3.8
3.7
4.3
4.6
4.2
3.8
5.0
3.5
3.8
3.5
3.3
3.4
3.9
3.5
3.3
3.6
3.2
3.9
3.2
2.9
3.8
3.4
4.5
3.0
3.8
3.3
3.8
3.3
3.2
4.0
3.5
4.5
3.6
4.1
3.4
3.8
3.0
3.1
2.9
3.1
3.8
3.5
2.4
3.4
3.6
3.7
3.5
3.4
3.9
3.5
3.4
3.2
3.8
3.2
3.5
3.5
2.7
3.3
3.3
3.5
4.2
3.4
3.4
2.9
3.7
3.5
3.5
2.7
4.3
3.2
3.5
3.7
4.1
3.6
3.3
3.5
3.2
3.2
3.1
3.5
3.8
4.6
2.7
3.0
3.8
3.1
3.1
4.3
2.8
3.4
3.8
3.7
3.2
3.2
3.8
3.9
3.4
3.7
4.3
3.4
3.4
3.5
3.8
3.7
3.4
3.9
3.4
3.6
4.2
2.8
3.2
3.2
3.6
4.4
3.4
3.5
3.5
3.8
3.0
3.4
4.1
4.0
3.5
3.5
3.3
3.8
3.1
4.7
3.4
3.2
3.2
3.4
3.5
3.3
3.1
3.7
3.5
3.6
3.8
3.7
3.2
3.2
4.2
3.7
3.9
3.7
3.4
3.9
3.2
3.3
3.8
3.6
3.6
3.5
2.7
4.7
4.0
3.5
4.0
3.3
4.4
3.2
3.2
3.9
3.6
3.6
4.1
3.6
3.6
3.0
3.6
4.1
3.8
3.8
3.9
3.4
2.5
3.8
3.5
3.4
3.9
3.6
3.1
2.8
3.5
3.1
2.9
3.7
3.0
3.7
3.4
3.7
3.6
3.6
3.5
3.5
4.1
3.4
3.4
3.7
4.2
3.6
3.8
3.1
3.4
3.2
4.0
3.3
4.0
3.8
3.9
3.8
3.8
4.4
3.2
3.4
3.5
4.1
3.7
2.6
2.3
3.3
3.8
3.3
4.1
3.2
3.6
3.1
3.6
3.4
3.8
3.5
3.8
3.4
3.7
2.7
3.6
3.7
3.1
3.6
3.2
4.4
3.3
3.8
3.4
3.5
4.1
3.7
3.6
3.4
3.5
3.5
3.8
3.5
3.9
3.6
2.9
3.6
4.0
4.2
3.2
4.0
3.9
3.3
3.1
2.7
4.4
3.7
3.4
2.6
3.0
3.4
4.1
3.5
3.0
3.6
3.9
3.7
3.0
4.7
3.8
3.8
2.9
4.2
3.5
3.7
3.7
3.9
3.6
3.9
3.9
4.4
3.7
3.2
3.8
4.2
3.2
3.6
4.0
4.2
3.6
3.8
3.9
3.8
3.7
3.7
3.2
3.3
3.3
2.9
3.2
3.2
4.1
3.4
4.0
3.8
3.1
4.2
4.3
3.6
2.9
3.7
3.2
3.3
3.6
3.9
3.7
3.2
3.4
3.1
2.7
3.6
3.9
3.8
3.1
4.5
4.0
3.4
4.0
3.0
3.9
4.2
13841:
3.0
3.0
3.1
3.8
3.0
3.9
3.5
3.2
3.7
3.8
2.9
3.4
3.6
3.3
2.9
3.3
3.7
3.5
3.0
3.4
3.1
13842:
4.5
4.2
4.2
4.5
3.8
3.6
3.7
3.7
4.0
4.9
3.8
4.6
4.1
3.8
4.1
4.2
3.8
3.6
3.7
3.6
4.1
4.2
3.5
4.2
4.9
3.7
4.2
4.1
3.9
4.0
2.9
3.4
5.0
3.6
3.3
3.8
3.8
4.0
13843:
2.6
2.5
2.9
3.2
3.4
3.5
3.3
3.4
2.7
13845:
3.3
3.5
2.5
2.6
2.8
2.2
3.1
2.8
2.8
3.5
3.2
3.5
3.0
2.8
2.4
3.5
3.5
3.1
2.2
2.6
3.4
2.6
3.7
2.6
2.5
2.8
3.0
3.3
2.8
2.9
3.1
2.8
2.9
3.2
2.9
2.7
2.6
2.5
3.2
3.2
2.6
2.6
2.9
2.6
3.9
3.1
3.4
13846:
3.0
2.5
2.0
13913:
3.5
13951:
4.1
4.3
4.1
4.3
4.4
4.3
4.3
3.2
2.6
3.4
3.6
3.8
3.7
4.1
3.8
3.8
3.7
3.7
4.1
4.3
3.8
3.4
2.9
4.2
3.6
3.4
3.4
4.1
3.6
4.3
3.9
13952:
4.5
3.9
4.1
13953:
3.3
3.6
3.4
3.5
3.1
3.3
3.2
3.1
17225:
4.2
3.7
4.5
3.6
4.1
4.6
3.5
4.5
4.5
4.2
4.1
3.8
3.7
3.4
4.9
4.1
3.8
4.9
17226:
2.8
1.9
17227:
2.5
2.1
2.6
17228:
3.2
2.5
2.8
17229:
2.4
3.1
3.8
3.3
2.9
3.3
3.1
3.4
3.1
2.7
2.6
3.4
4.0
3.6
3.1
2.8
2.9
2.8
3.1
3.0
2.8
2.4
3.7
3.3
3.4
2.4
2.5
3.0
3.3
2.6
3.0
3.2
2.8
2.7
2.5
3.3
3.4
2.9
3.5
2.9
2.9
3.0
3.2
3.6
3.0
1723:
2.9
2.7
2.2
1.9
2.3
17230:
4.9
4.2
4.4
4.3
4.3
3.7
4.3
4.6
3.9
3.8
4.3
4.5
4.9
4.6
4.1
4.1
3.9
4.1
4.1
4.8
4.4
5.1
3.3
4.5
3.8
4.5
5.0
4.3
4.0
4.4
4.8
4.2
4.4
4.0
17231:
2.5
2.5
17232:
3.0
17233:
3.9
3.5
2.7
3.5
3.3
2.4
2.9
2.7
2.7
4.5
3.1
2.7
3.2
3.0
3.1
2.2
3.4
1724:
3.3
3.5
2.7
17240:
3.5
2.7
17241:
2.7
3.7
2.5
2.5
2.2
2.2
2.6
2.6
2.5
2.4
2.1
2.3
2.7
17242:
2.4
2.0
2.7
2.2
2.9
2.8
17243:
4.2
3.1
3.6
3.7
4.1
3.9
17244:
3.5
3.9
3.5
2.8
3.3
4.8
3.7
3.6
3.9
3.0
3.6
3.9
3.6
4.1
4.0
3.6
4.0
2.4
17245:
4.2
3.4
3.6
3.6
4.1
3.1
4.5
4.1
4.3
3.8
2.8
3.3
4.1
3.9
4.6
4.3
3.7
4.1
3.6
4.1
4.3
3.8
4.0
3.9
4.0
3.8
3.9
2.9
3.8
3.9
3.8
3.6
4.2
4.4
3.1
3.6
3.8
4.2
3.5
3.8
4.0
4.6
4.1
3.8
3.6
4.9
4.2
3.9
4.0
3.5
4.8
3.3
3.3
3.8
4.0
4.0
3.4
4.4
3.6
4.3
4.1
4.3
4.1
2.9
4.7
4.1
3.8
3.9
4.2
3.9
3.9
3.9
3.9
4.6
3.9
3.6
4.2
4.1
3.7
4.1
3.6
3.5
4.2
3.8
4.4
4.1
3.8
3.5
3.8
4.0
3.8
3.8
3.4
3.8
4.1
3.9
3.9
3.5
4.0
4.6
3.9
3.7
4.1
3.5
3.9
3.9
4.0
3.6
4.4
3.4
3.4
3.8
4.1
4.3
3.9
17246:
3.0
3.3
2.5
2.5
2.9
3.8
17247:
3.4
3.4
3.0
3.6
3.6
3.0
3.2
4.1
4.1
3.9
3.1
3.4
3.3
3.8
3.3
2.9
3.2
3.6
3.4
3.4
3.3
4.0
17248:
3.3
3.6
3.0
3.2
3.7
2.6
2.7
3.6
17249:
3.4
4.2
2.4
3.5
3.3
3.2
3.2
4.0
3.4
2.9
2.7
3.7
4.2
3.7
3.3
3.6
2.8
3.7
3.5
3.7
3.0
4.1
2.1
3.3
1.8
2.9
3.5
3.1
4.1
3.2
1725:
1.9
1.8
1.3
2.0
1.5
2.3
1.6
2.1
1.1
1.9
1.9
1.9
1.7
1.4
1.3
1.4
1.6
1.9
2.3
1.5
0.9
1.8
17250:
3.6
4.2
4.0
3.8
4.5
4.4
3.8
3.8
3.7
4.4
3.9
3.8
3.6
3.7
4.6
4.2
3.9
4.0
4.5
4.1
3.4
4.1
4.1
3.9
4.3
3.8
4.8
4.3
4.0
5.1
4.0
3.4
3.2
4.0
3.4
3.9
4.3
3.8
4.4
4.2
4.1
4.0
3.6
3.7
4.1
4.4
4.2
3.8
3.2
4.4
4.7
4.6
4.5
5.2
3.8
3.6
4.1
4.1
3.5
3.8
4.6
3.8
4.4
4.5
3.4
3.5
3.3
3.7
4.1
4.1
3.7
4.0
4.0
4.1
4.3
4.2
4.0
3.9
3.5
3.8
3.2
3.8
4.2
5.4
3.5
4.2
3.8
3.6
4.2
3.5
3.8
3.8
17251:
3.4
3.9
2.6
3.7
3.2
3.4
2.2
3.2
3.8
3.1
2.7
2.6
2.9
3.3
2.7
3.1
3.2
2.9
3.5
3.5
3.1
3.1
2.6
2.7
2.7
3.6
3.2
3.9
3.7
3.3
3.5
3.9
3.7
2.7
3.5
3.2
3.5
3.1
2.5
2.9
2.8
2.6
4.5
3.9
2.6
2.6
3.7
2.9
3.2
3.5
3.1
3.9
3.7
2.8
3.2
2.3
2.8
3.5
3.0
3.1
3.5
3.2
3.4
2.7
3.7
3.2
3.4
3.3
3.1
3.0
2.9
3.2
2.3
3.2
2.8
3.3
3.4
3.0
2.9
3.3
3.6
3.0
3.3
2.9
2.8
2.7
3.2
2.8
2.5
3.0
3.2
3.3
2.6
2.9
3.1
3.1
3.4
2.8
2.9
4.6
3.6
3.3
3.1
2.8
3.4
3.5
3.5
3.1
3.4
2.8
2.1
3.4
3.1
2.9
3.9
2.7
3.8
3.5
3.8
1.5
3.1
3.6
3.1
2.9
2.7
3.3
3.2
3.9
3.9
RMSE: 0.99
