10204:
3.2
2.8
3.4
3.9
2.7
3.3
3.5
2.9
3.3
2.6
3.6
3.3
3.8
2.9
10205:
4.0
2.3
3.3
2.9
10206:
3.0
3.0
3.3
2.6
3.4
4.2
3.2
3.5
3.1
3.2
10207:
3.4
3.2
2.5
4.0
3.3
3.7
10208:
2.5
2.0
10209:
3.6
4.1
3.1
3.4
3.6
3.7
2.3
3.7
3.3
3.8
3.4
1021:
2.9
3.5
3.1
3.6
3.9
4.0
4.0
3.7
3.5
3.8
3.4
3.9
3.9
3.5
3.5
3.6
3.8
3.9
3.7
3.7
3.4
4.0
3.6
4.2
3.6
4.0
3.5
3.0
4.3
3.5
3.1
4.2
4.1
3.7
3.8
3.6
3.6
3.8
3.7
3.3
3.2
3.7
4.5
3.6
3.5
3.5
3.7
3.8
4.0
3.5
3.7
3.6
3.8
4.3
3.7
4.3
3.6
4.2
3.6
3.3
3.5
3.8
3.3
4.0
4.4
3.7
3.3
3.6
4.3
10210:
2.1
2.1
10211:
4.1
3.5
4.0
3.5
3.8
3.7
4.4
3.0
3.7
3.7
2.5
2.5
4.0
3.8
3.5
3.4
3.6
3.8
3.5
3.2
3.6
10212:
4.2
3.8
3.4
4.0
3.4
3.4
3.4
3.7
3.4
3.2
4.0
3.3
4.3
3.8
3.9
4.2
3.4
4.0
3.7
3.4
3.7
3.7
3.7
4.1
3.7
4.3
3.9
4.1
4.2
4.0
3.2
3.4
3.4
3.8
3.7
3.5
3.6
3.7
4.2
3.6
3.5
3.3
3.8
4.0
4.1
3.2
4.0
3.8
4.0
3.8
3.4
3.3
3.5
3.9
3.6
4.1
4.0
2.9
4.2
3.5
3.5
3.8
3.6
3.8
3.7
3.7
3.8
3.8
3.7
4.3
4.0
4.0
4.3
4.1
3.4
4.0
4.2
3.7
3.7
3.5
3.8
4.1
3.9
4.1
3.6
3.4
3.8
3.4
3.6
3.2
3.9
4.1
4.0
3.3
3.6
3.4
4.0
3.7
3.7
3.5
3.5
3.3
4.0
3.5
3.9
4.2
3.8
4.2
4.0
3.5
4.3
3.2
3.7
3.7
4.2
3.9
3.3
3.8
3.8
3.4
3.7
3.8
3.9
10213:
4.1
3.7
3.8
3.0
3.9
4.0
4.3
4.0
4.3
3.8
4.0
4.0
4.1
4.4
4.5
3.8
4.1
3.5
4.4
3.5
3.7
4.1
3.7
3.7
3.6
3.7
3.8
3.9
4.2
3.7
3.6
4.3
4.2
4.3
3.9
10214:
3.4
3.8
4.0
3.7
3.4
3.6
3.3
3.8
3.7
3.9
3.4
3.4
3.2
3.5
3.2
3.0
3.6
2.9
3.4
3.4
3.5
3.6
3.3
3.5
10215:
3.9
3.8
10216:
3.4
3.0
3.3
2.7
10217:
3.8
3.0
3.0
3.0
2.5
3.1
3.4
3.5
3.5
10218:
3.4
2.4
3.3
3.5
3.4
2.8
4.0
3.5
3.1
3.4
4.4
10219:
2.4
2.7
2.0
2.6
2.6
3.2
2.9
3.6
3.2
3.0
2.9
2.5
3.3
3.9
3.2
3.1
3.8
3.4
3.3
3.2
2.5
2.5
2.2
1022:
3.5
3.0
3.7
3.6
4.1
3.6
3.7
3.5
2.7
3.0
3.6
3.9
3.6
3.6
2.7
3.5
3.4
3.3
3.1
3.3
3.2
3.5
3.3
3.2
3.2
3.3
3.8
3.4
3.1
3.1
2.6
3.6
3.2
3.2
3.6
3.7
3.3
2.8
3.7
10220:
3.1
3.7
3.5
10221:
3.8
3.7
3.2
3.2
3.0
3.9
3.7
3.4
3.9
4.0
3.6
3.9
3.4
3.5
3.6
3.5
4.0
10222:
3.6
3.4
4.6
4.1
3.7
3.9
3.2
4.0
3.2
3.8
2.7
2.5
3.8
3.7
4.3
3.8
3.9
4.4
3.3
3.0
3.9
3.7
3.8
4.0
4.0
4.1
3.5
3.8
3.8
4.0
3.7
3.2
3.3
3.6
4.0
4.0
3.9
3.6
3.7
3.8
3.7
3.8
3.3
4.2
3.0
3.8
3.3
3.8
4.0
3.6
3.3
4.1
3.2
3.5
3.9
3.5
3.5
4.4
3.9
4.4
4.3
3.9
3.4
4.5
3.3
3.6
3.8
3.8
4.1
3.8
3.5
3.4
3.6
3.4
3.5
3.7
3.3
3.8
4.6
4.3
4.1
3.1
3.4
3.4
3.1
3.5
3.2
3.6
3.5
4.1
3.6
3.7
3.7
4.1
3.6
3.0
4.3
3.9
3.9
3.7
3.8
3.7
3.7
4.3
4.4
3.7
3.8
3.3
4.2
3.3
4.1
4.4
3.4
4.2
3.9
3.8
4.0
3.8
3.9
3.3
3.2
3.3
3.8
2.9
3.7
4.2
3.6
3.9
4.4
3.7
3.8
4.1
3.0
3.7
3.7
4.3
3.8
3.4
3.4
3.3
3.6
3.9
3.5
3.6
3.7
4.4
3.7
3.7
3.9
2.6
3.6
3.6
4.5
3.5
3.6
4.2
4.2
3.1
4.2
3.6
3.9
2.7
3.7
4.0
3.4
3.7
3.9
3.3
3.5
3.2
3.6
3.4
3.6
3.9
3.4
4.2
4.0
3.4
3.9
4.0
3.8
4.3
3.7
3.8
3.5
3.8
3.3
4.3
3.6
4.4
3.9
3.4
3.7
4.0
3.8
4.2
3.8
2.8
3.5
3.6
3.6
3.7
4.1
3.5
3.9
3.9
3.4
10223:
3.8
3.5
4.2
3.8
4.0
3.4
4.1
4.0
4.2
4.0
3.6
10224:
3.9
10225:
3.6
3.9
4.0
3.9
3.2
3.7
4.5
3.8
4.3
3.7
3.2
3.5
3.7
4.0
3.5
3.7
3.7
3.6
3.7
2.8
3.8
3.6
3.9
3.7
3.7
3.6
3.5
3.4
3.1
3.6
4.2
3.4
4.0
3.8
4.1
4.1
2.9
3.6
3.9
3.7
4.4
4.0
3.9
4.1
4.0
3.7
3.9
3.6
4.2
3.5
4.5
3.8
3.8
3.6
4.1
3.6
3.6
4.0
3.5
4.0
4.2
4.1
3.9
4.0
3.6
3.9
3.2
4.5
4.0
3.9
4.3
3.8
3.8
4.1
3.7
4.5
4.3
3.8
3.6
3.5
3.7
4.1
3.4
4.5
4.1
3.9
4.2
3.9
3.8
4.3
4.1
3.7
3.6
3.7
4.0
3.4
3.8
4.2
3.9
4.0
4.0
3.9
3.7
4.0
3.4
3.6
3.7
3.8
4.0
4.5
3.5
3.7
4.2
3.8
3.9
3.7
3.7
3.6
3.2
3.6
4.4
4.0
4.1
4.4
3.1
3.4
4.4
4.0
3.8
3.5
3.6
4.3
3.9
3.2
3.7
3.6
4.3
3.8
3.3
4.2
4.3
4.2
4.0
4.0
4.1
4.3
3.8
3.8
3.5
3.8
4.0
3.9
4.2
3.9
3.9
4.0
3.6
3.7
3.9
3.9
4.4
3.7
3.7
4.0
4.5
4.1
3.5
4.0
3.2
3.7
3.3
3.7
3.7
3.6
3.6
3.8
4.0
3.6
3.8
3.9
4.2
3.9
3.8
3.9
3.6
4.0
4.3
3.9
3.3
3.9
3.2
3.9
3.7
3.5
4.1
4.2
4.5
3.7
3.8
3.6
3.9
3.7
3.9
3.6
3.6
3.9
3.7
3.9
3.2
3.9
4.5
3.9
3.9
4.1
3.4
3.6
4.3
3.5
4.1
4.1
4.0
3.8
3.8
4.1
3.9
4.2
4.0
3.6
3.5
3.4
4.1
3.4
4.0
4.0
4.4
3.8
4.0
4.2
3.3
3.9
3.8
4.1
3.6
4.4
3.4
3.9
3.7
3.7
3.9
3.8
3.8
3.4
4.1
4.3
3.9
3.5
4.2
4.3
3.7
3.7
4.3
3.6
4.1
4.1
4.1
3.7
3.9
4.0
3.7
3.8
3.6
4.0
4.4
3.6
4.1
10226:
3.3
3.0
3.6
3.7
3.1
3.5
3.3
3.3
3.4
3.1
3.3
3.3
3.4
3.2
3.7
3.4
2.7
3.4
3.3
3.4
3.8
3.8
3.0
4.0
3.9
3.5
3.4
3.3
3.3
3.3
3.1
4.0
2.6
3.1
3.8
3.0
3.2
3.7
3.2
3.7
3.4
3.8
3.8
3.6
3.4
3.6
3.2
3.4
3.6
3.5
3.4
3.7
3.4
3.1
2.9
3.6
3.3
3.3
3.7
3.8
3.4
3.4
3.2
3.0
3.5
3.3
3.7
3.6
3.4
3.0
3.7
3.7
2.9
3.8
3.8
4.0
3.2
3.5
3.2
3.4
3.3
3.5
3.6
3.1
3.7
3.0
3.4
3.4
3.7
3.4
3.4
3.9
3.8
3.7
3.7
3.7
3.5
3.5
3.5
3.3
3.6
3.7
3.3
3.9
3.2
3.6
3.4
3.3
3.5
3.1
3.2
2.7
3.4
3.5
3.3
3.3
3.6
3.5
3.6
3.9
3.7
3.3
3.4
3.0
3.3
3.2
3.5
3.5
3.2
3.7
3.6
3.5
3.3
3.2
3.5
3.5
3.7
3.6
3.7
3.6
3.3
3.9
3.0
3.9
3.3
3.6
3.3
3.5
3.5
3.5
3.1
3.2
3.5
3.8
3.4
3.5
3.5
3.5
3.7
3.4
3.5
3.3
3.8
3.4
3.5
3.3
4.1
3.1
3.5
3.6
3.6
3.6
3.1
3.6
3.3
3.7
3.6
3.6
3.2
3.6
3.9
2.8
3.2
3.4
3.5
3.8
3.2
3.5
3.3
3.4
3.4
3.8
3.1
3.4
3.1
3.3
3.3
3.5
3.2
3.6
10227:
3.9
3.6
4.3
3.7
3.7
3.9
3.5
10228:
3.3
10229:
3.1
3.8
3.3
3.5
3.6
3.6
3.7
3.9
2.9
3.1
3.4
3.4
3.0
2.9
3.3
3.5
3.7
3.5
3.7
3.4
3.5
3.3
2.9
2.9
3.5
3.8
3.2
3.8
3.4
3.3
3.6
3.6
3.6
3.5
3.4
3.7
3.2
3.3
3.2
3.2
3.2
3.6
3.5
3.2
3.5
3.0
3.8
3.5
3.4
3.5
3.3
3.4
3.9
3.9
3.4
3.5
3.5
3.1
3.3
3.2
3.8
3.4
3.3
3.4
3.0
3.2
3.1
2.9
2.8
3.3
3.3
3.6
3.1
3.4
3.1
2.9
3.8
3.6
4.1
3.2
3.1
3.3
3.7
3.5
3.2
3.9
3.0
3.1
3.0
3.6
3.1
3.4
3.3
3.3
3.4
4.0
3.4
3.1
3.3
2.8
3.2
3.0
3.6
3.5
3.2
2.8
3.1
2.8
3.4
3.1
4.1
3.4
3.4
3.4
2.9
2.8
3.2
3.1
3.0
3.1
3.4
3.3
3.4
3.2
3.6
3.4
3.4
3.2
3.5
3.4
2.4
3.0
3.1
3.4
3.3
3.5
3.3
3.8
3.7
2.8
3.3
4.0
3.4
3.3
3.3
3.7
3.3
3.3
3.3
3.7
3.0
3.4
3.5
3.8
3.3
3.4
3.1
3.6
2.9
3.3
3.3
3.2
3.2
3.5
3.2
2.8
3.1
3.5
3.7
3.3
3.7
3.4
3.5
3.2
3.0
3.0
3.0
3.6
2.9
3.2
3.2
3.2
3.1
3.1
3.6
3.4
3.1
3.5
3.9
3.3
3.0
2.7
3.3
3.2
2.9
3.5
3.1
3.2
3.7
3.5
3.2
2.9
3.2
3.4
3.4
3.3
3.2
3.4
3.1
3.6
3.4
3.6
3.6
3.2
3.0
3.6
3.3
3.3
3.4
3.2
4.2
3.2
3.3
3.4
3.4
3.0
3.6
3.4
2.7
3.5
2.9
2.9
2.9
3.7
3.2
3.4
3.0
3.1
3.5
2.7
4.0
3.8
3.1
3.3
3.0
3.1
3.3
3.7
4.1
3.2
3.1
3.8
3.5
3.2
3.3
3.3
3.9
3.3
3.4
3.1
3.5
3.6
2.7
3.5
2.8
2.9
2.9
3.6
3.7
2.5
3.6
3.2
3.6
3.1
3.5
3.2
2.9
3.5
3.3
3.2
3.2
3.3
2.8
3.3
3.3
3.5
2.9
2.9
3.4
3.3
3.7
3.9
3.4
3.5
3.3
3.3
3.7
2.8
2.4
2.9
3.3
3.7
3.3
3.0
3.2
3.4
3.8
3.9
3.4
3.3
3.5
3.5
3.1
3.3
3.2
3.6
3.3
3.4
3.3
3.7
3.3
3.4
3.5
2.8
3.2
3.3
3.2
2.9
3.2
3.2
3.2
3.5
3.6
3.1
4.1
3.0
3.5
3.3
3.7
3.1
3.4
3.7
3.0
3.2
3.6
3.2
3.5
3.9
3.4
3.2
3.7
3.7
3.5
3.7
3.4
3.5
3.3
3.9
3.3
3.2
3.6
3.1
3.5
3.3
3.2
3.1
3.4
3.3
3.6
3.3
3.3
2.8
3.4
3.3
3.4
3.3
3.2
3.0
3.6
3.4
3.6
3.6
3.7
3.3
3.3
3.0
3.8
3.1
3.6
3.4
3.6
3.3
3.6
3.7
3.1
3.7
3.2
3.3
3.4
3.3
3.4
3.3
3.9
3.4
2.8
4.1
2.9
3.3
3.1
3.5
3.7
3.4
3.2
3.5
3.6
3.8
3.2
2.6
3.5
3.7
3.9
3.0
3.1
3.4
3.2
3.3
3.8
3.8
3.9
3.2
3.0
3.5
3.1
3.4
3.5
3.9
3.5
3.3
3.6
3.5
3.4
3.7
3.3
3.4
3.5
3.0
3.7
3.4
3.8
3.6
3.0
3.2
3.2
3.3
3.1
3.0
3.0
3.6
3.9
3.4
3.4
3.5
3.0
3.4
3.2
3.6
3.8
2.9
3.2
3.0
3.6
2.4
3.3
3.3
3.4
3.3
3.3
3.4
3.2
3.3
3.4
3.5
2.6
3.5
3.3
3.6
3.3
3.5
3.4
3.2
3.6
3.5
3.3
3.5
3.6
3.6
2.9
3.2
3.2
3.2
3.4
3.1
3.0
3.4
3.2
3.4
3.4
2.9
3.1
2.7
3.0
3.6
3.5
3.5
3.7
3.5
3.2
2.9
2.9
3.5
3.5
3.7
3.6
3.6
3.6
3.8
3.3
3.3
3.6
2.4
3.3
3.6
3.1
3.5
3.3
3.9
3.1
3.9
3.0
3.0
3.3
3.2
3.5
3.7
3.1
3.5
3.2
3.6
3.1
2.8
3.2
2.9
3.6
3.2
3.4
3.4
3.3
3.0
3.4
3.4
3.3
3.2
3.1
3.6
3.5
3.1
3.3
3.3
3.4
4.0
3.2
3.7
3.2
3.5
3.1
2.7
3.6
2.9
3.8
3.9
RMSE: 0.89
