1:
4.0
3.0
5.0
5.0
10000:
5.0
10001:
4.0
5.0
4.0
10002:
5.0
4.0
5.0
5.0
10004:
5.0
5.0
5.0
5.0
1.0
5.0
5.0
4.0
5.0
5.0
4.0
10006:
4.0
10008:
4.0
4.0
5.0
4.0
4.0
3.0
10009:
4.0
5.0
10013:
3.0
4.0
10014:
2.0
4.0
10015:
4.0
5.0
5.0
3.0
4.0
4.0
5.0
5.0
5.0
5.0
5.0
10017:
2.0
3.0
10018:
4.0
3.0
4.0
3.0
4.0
5.0
3.0
3.0
3.0
4.0
4.0
3.0
4.0
4.0
10019:
2.0
5.0
4.0
5.0
10020:
4.0
5.0
5.0
5.0
2.0
10021:
1.0
10023:
5.0
5.0
10024:
5.0
10027:
5.0
5.0
5.0
2.0
5.0
5.0
4.0
1.0
1.0
5.0
5.0
4.0
4.0
5.0
4.0
5.0
5.0
5.0
1.0
5.0
5.0
5.0
4.0
2.0
5.0
5.0
10028:
4.0
5.0
5.0
10029:
5.0
3.0
10031:
3.0
4.0
10032:
5.0
5.0
4.0
3.0
5.0
4.0
4.0
2.0
4.0
5.0
4.0
4.0
4.0
4.0
5.0
3.0
4.0
4.0
5.0
5.0
5.0
4.0
3.0
4.0
4.0
4.0
5.0
1.0
5.0
4.0
10033:
4.0
5.0
4.0
5.0
4.0
5.0
10035:
4.0
5.0
4.0
4.0
3.0
5.0
4.0
5.0
10036:
5.0
5.0
4.0
3.0
5.0
5.0
5.0
4.0
5.0
5.0
10037:
3.0
3.0
4.0
10038:
3.0
10040:
4.0
10041:
4.0
2.0
1.0
1.0
4.0
4.0
4.0
1.0
4.0
3.0
10042:
5.0
5.0
4.0
5.0
5.0
5.0
5.0
5.0
5.0
3.0
5.0
5.0
5.0
5.0
4.0
5.0
5.0
4.0
5.0
4.0
5.0
5.0
5.0
5.0
5.0
5.0
5.0
4.0
5.0
5.0
4.0
4.0
4.0
5.0
4.0
5.0
5.0
2.0
4.0
4.0
5.0
5.0
5.0
4.0
5.0
2.0
3.0
5.0
5.0
5.0
4.0
5.0
5.0
4.0
5.0
5.0
5.0
4.0
4.0
5.0
5.0
3.0
5.0
5.0
5.0
5.0
5.0
5.0
5.0
5.0
5.0
5.0
5.0
5.0
4.0
5.0
5.0
5.0
4.0
5.0
5.0
4.0
4.0
5.0
5.0
5.0
3.0
3.0
5.0
4.0
5.0
5.0
5.0
5.0
5.0
4.0
5.0
5.0
5.0
3.0
5.0
5.0
4.0
5.0
5.0
5.0
4.0
3.0
5.0
5.0
5.0
4.0
5.0
5.0
3.0
5.0
4.0
5.0
5.0
5.0
4.0
5.0
5.0
4.0
5.0
5.0
3.0
4.0
2.0
4.0
5.0
4.0
5.0
5.0
5.0
1.0
5.0
5.0
1.0
5.0
5.0
4.0
4.0
5.0
4.0
4.0
5.0
4.0
5.0
4.0
4.0
5.0
5.0
5.0
5.0
4.0
4.0
5.0
4.0
5.0
5.0
5.0
5.0
5.0
4.0
5.0
5.0
5.0
5.0
5.0
5.0
5.0
5.0
3.0
5.0
4.0
4.0
5.0
4.0
5.0
4.0
5.0
5.0
5.0
5.0
4.0
5.0
5.0
5.0
5.0
5.0
4.0
5.0
5.0
5.0
5.0
5.0
4.0
5.0
4.0
3.0
5.0
5.0
5.0
5.0
5.0
4.0
5.0
5.0
4.0
5.0
4.0
4.0
5.0
5.0
4.0
5.0
2.0
5.0
5.0
5.0
5.0
4.0
5.0
5.0
5.0
5.0
5.0
5.0
5.0
5.0
5.0
5.0
5.0
5.0
5.0
4.0
5.0
5.0
4.0
5.0
4.0
5.0
5.0
4.0
5.0
5.0
5.0
4.0
4.0
5.0
4.0
5.0
4.0
5.0
3.0
5.0
3.0
5.0
5.0
5.0
4.0
4.0
5.0
5.0
5.0
5.0
4.0
4.0
5.0
5.0
3.0
5.0
5.0
5.0
5.0
5.0
3.0
4.0
4.0
5.0
4.0
5.0
5.0
5.0
5.0
5.0
5.0
5.0
5.0
5.0
5.0
5.0
4.0
4.0
5.0
5.0
5.0
5.0
5.0
3.0
5.0
5.0
5.0
5.0
5.0
5.0
5.0
4.0
5.0
3.0
4.0
5.0
5.0
4.0
5.0
5.0
5.0
5.0
5.0
4.0
4.0
5.0
5.0
5.0
5.0
5.0
2.0
5.0
5.0
4.0
5.0
4.0
5.0
5.0
5.0
5.0
5.0
5.0
5.0
5.0
4.0
5.0
5.0
5.0
5.0
5.0
4.0
5.0
5.0
5.0
4.0
5.0
5.0
5.0
5.0
5.0
5.0
5.0
5.0
5.0
3.0
5.0
5.0
1.0
5.0
5.0
5.0
5.0
4.0
4.0
3.0
5.0
5.0
3.0
5.0
1.0
5.0
4.0
5.0
5.0
5.0
2.0
4.0
5.0
5.0
4.0
5.0
5.0
5.0
5.0
5.0
5.0
4.0
5.0
4.0
4.0
4.0
4.0
5.0
5.0
4.0
5.0
4.0
1.0
5.0
5.0
5.0
4.0
5.0
3.0
5.0
3.0
5.0
5.0
4.0
3.0
5.0
3.0
5.0
5.0
5.0
5.0
5.0
4.0
5.0
5.0
5.0
4.0
4.0
5.0
5.0
5.0
5.0
5.0
5.0
5.0
4.0
5.0
5.0
5.0
2.0
4.0
5.0
5.0
5.0
5.0
5.0
5.0
5.0
5.0
4.0
5.0
5.0
5.0
3.0
4.0
5.0
5.0
4.0
5.0
5.0
5.0
4.0
3.0
5.0
5.0
4.0
4.0
5.0
3.0
4.0
5.0
4.0
5.0
5.0
5.0
4.0
5.0
5.0
5.0
4.0
4.0
5.0
5.0
3.0
4.0
5.0
5.0
5.0
4.0
5.0
5.0
5.0
5.0
5.0
5.0
3.0
2.0
4.0
4.0
3.0
10043:
5.0
5.0
5.0
5.0
5.0
5.0
5.0
5.0
5.0
5.0
5.0
5.0
5.0
5.0
5.0
5.0
5.0
1.0
5.0
1.0
5.0
5.0
5.0
10044:
3.0
4.0
5.0
5.0
5.0
5.0
5.0
10045:
4.0
10047:
5.0
10048:
4.0
5.0
10051:
4.0
4.0
4.0
5.0
5.0
1.0
4.0
10052:
4.0
10053:
4.0
5.0
4.0
4.0
2.0
4.0
5.0
5.0
4.0
2.0
5.0
4.0
5.0
3.0
2.0
5.0
4.0
4.0
4.0
4.0
1.0
5.0
5.0
5.0
1.0
4.0
2.0
4.0
4.0
5.0
3.0
5.0
5.0
3.0
3.0
3.0
4.0
4.0
5.0
10054:
1.0
1.0
1.0
10055:
3.0
1.0
4.0
3.0
4.0
3.0
5.0
3.0
2.0
2.0
3.0
10060:
1.0
5.0
5.0
10061:
5.0
5.0
5.0
5.0
5.0
5.0
5.0
5.0
5.0
4.0
5.0
5.0
5.0
5.0
5.0
5.0
5.0
5.0
5.0
5.0
5.0
5.0
5.0
5.0
5.0
5.0
5.0
5.0
5.0
10062:
4.0
4.0
10063:
3.0
5.0
3.0
4.0
5.0
1.0
10065:
5.0
1.0
5.0
4.0
10066:
3.0
10067:
4.0
5.0
3.0
2.0
10068:
3.0
5.0
10069:
3.0
10071:
4.0
5.0
5.0
5.0
4.0
5.0
4.0
10072:
5.0
5.0
5.0
4.0
5.0
4.0
5.0
5.0
5.0
5.0
10073:
4.0
10074:
5.0
4.0
5.0
4.0
4.0
4.0
4.0
4.0
4.0
10077:
5.0
5.0
4.0
2.0
3.0
3.0
4.0
10078:
3.0
4.0
5.0
5.0
4.0
1.0
5.0
3.0
4.0
4.0
1.0
3.0
3.0
4.0
3.0
4.0
3.0
2.0
4.0
4.0
5.0
4.0
5.0
4.0
10079:
5.0
5.0
5.0
5.0
10080:
5.0
5.0
5.0
5.0
5.0
5.0
5.0
5.0
5.0
5.0
5.0
5.0
5.0
5.0
5.0
5.0
5.0
5.0
5.0
5.0
5.0
5.0
5.0
5.0
5.0
5.0
4.0
5.0
5.0
5.0
5.0
5.0
5.0
5.0
5.0
5.0
5.0
5.0
5.0
5.0
5.0
5.0
5.0
5.0
5.0
5.0
5.0
4.0
5.0
5.0
5.0
5.0
5.0
5.0
5.0
5.0
5.0
5.0
5.0
5.0
5.0
5.0
5.0
5.0
5.0
5.0
5.0
5.0
5.0
5.0
5.0
5.0
5.0
5.0
5.0
5.0
5.0
3.0
5.0
5.0
5.0
5.0
5.0
5.0
5.0
5.0
5.0
5.0
5.0
5.0
5.0
5.0
5.0
5.0
5.0
5.0
5.0
5.0
5.0
5.0
5.0
10082:
2.0
2.0
2.0
3.0
5.0
1.0
5.0
10083:
3.0
3.0
1.0
3.0
3.0
4.0
3.0
3.0
4.0
5.0
10084:
5.0
4.0
4.0
4.0
5.0
5.0
3.0
4.0
4.0
4.0
5.0
4.0
4.0
3.0
4.0
4.0
5.0
3.0
4.0
4.0
5.0
2.0
3.0
3.0
5.0
4.0
5.0
4.0
4.0
5.0
4.0
4.0
3.0
5.0
101:
5.0
10086:
4.0
4.0
10087:
5.0
5.0
10088:
5.0
5.0
5.0
10089:
5.0
10090:
5.0
5.0
5.0
5.0
5.0
10091:
2.0
10092:
4.0
10094:
4.0
3.0
4.0
10095:
4.0
3.0
4.0
10096:
4.0
4.0
5.0
5.0
3.0
5.0
4.0
3.0
5.0
5.0
3.0
3.0
10097:
4.0
5.0
10099:
5.0
5.0
5.0
3.0
4.0
5.0
10100:
3.0
1.0
10101:
5.0
5.0
5.0
5.0
5.0
5.0
10102:
3.0
4.0
3.0
10103:
5.0
5.0
4.0
10105:
4.0
3.0
5.0
3.0
4.0
3.0
4.0
3.0
5.0
3.0
4.0
4.0
4.0
4.0
3.0
4.0
1.0
5.0
4.0
4.0
4.0
10106:
4.0
3.0
10109:
3.0
4.0
10110:
3.0
10111:
5.0
2.0
3.0
4.0
1.0
4.0
10112:
5.0
4.0
5.0
5.0
5.0
10113:
4.0
10114:
3.0
5.0
3.0
5.0
5.0
1.0
4.0
4.0
2.0
2.0
2.0
5.0
4.0
4.0
2.0
2.0
4.0
4.0
4.0
4.0
2.0
3.0
2.0
1.0
4.0
3.0
4.0
4.0
10115:
5.0
10117:
4.0
2.0
4.0
3.0
3.0
4.0
5.0
4.0
4.0
5.0
4.0
4.0
5.0
2.0
2.0
5.0
5.0
3.0
4.0
4.0
4.0
5.0
4.0
2.0
3.0
4.0
4.0
4.0
10119:
1.0
3.0
2.0
1.0
4.0
4.0
3.0
4.0
1.0
5.0
5.0
4.0
2.0
3.0
5.0
2.0
3.0
3.0
4.0
3.0
3.0
3.0
5.0
2.0
3.0
3.0
4.0
2.0
4.0
1.0
3.0
3.0
3.0
4.0
5.0
4.0
4.0
5.0
4.0
5.0
4.0
5.0
4.0
5.0
3.0
3.0
2.0
3.0
3.0
3.0
4.0
1.0
4.0
4.0
1.0
3.0
3.0
3.0
2.0
4.0
1.0
5.0
3.0
4.0
4.0
1.0
4.0
10120:
4.0
4.0
5.0
3.0
10121:
5.0
5.0
5.0
5.0
10122:
5.0
10123:
3.0
4.0
3.0
4.0
4.0
4.0
4.0
3.0
1.0
3.0
4.0
4.0
4.0
5.0
4.0
3.0
4.0
3.0
5.0
3.0
3.0
4.0
5.0
4.0
5.0
2.0
5.0
3.0
4.0
5.0
4.0
10125:
3.0
3.0
5.0
3.0
4.0
3.0
5.0
4.0
10126:
3.0
3.0
3.0
4.0
5.0
4.0
5.0
3.0
4.0
4.0
4.0
5.0
5.0
5.0
4.0
5.0
3.0
5.0
3.0
3.0
3.0
10127:
1.0
10128:
4.0
3.0
4.0
3.0
10130:
5.0
5.0
5.0
5.0
4.0
4.0
5.0
10131:
4.0
5.0
3.0
10133:
4.0
5.0
2.0
3.0
3.0
3.0
3.0
10135:
2.0
5.0
4.0
10137:
5.0
5.0
3.0
5.0
5.0
5.0
1.0
5.0
4.0
3.0
5.0
5.0
4.0
3.0
4.0
4.0
5.0
4.0
5.0
4.0
5.0
4.0
10140:
5.0
3.0
5.0
5.0
5.0
3.0
3.0
5.0
5.0
5.0
2.0
5.0
5.0
4.0
5.0
5.0
10141:
5.0
5.0
5.0
5.0
5.0
5.0
5.0
5.0
5.0
5.0
5.0
5.0
4.0
5.0
5.0
4.0
5.0
5.0
10142:
4.0
5.0
5.0
4.0
2.0
3.0
4.0
3.0
2.0
3.0
5.0
4.0
2.0
10143:
5.0
3.0
5.0
4.0
2.0
4.0
1.0
4.0
4.0
5.0
4.0
4.0
3.0
4.0
3.0
4.0
5.0
4.0
5.0
4.0
3.0
5.0
5.0
5.0
5.0
5.0
4.0
5.0
4.0
5.0
5.0
2.0
4.0
5.0
4.0
3.0
5.0
3.0
3.0
2.0
4.0
5.0
3.0
5.0
3.0
5.0
3.0
4.0
5.0
3.0
4.0
5.0
5.0
4.0
10144:
4.0
3.0
3.0
3.0
3.0
3.0
5.0
2.0
10145:
5.0
10146:
5.0
4.0
10147:
3.0
4.0
2.0
5.0
4.0
4.0
5.0
5.0
4.0
4.0
5.0
5.0
5.0
5.0
5.0
5.0
4.0
5.0
5.0
4.0
4.0
2.0
5.0
5.0
3.0
10148:
3.0
10150:
5.0
10151:
5.0
4.0
3.0
3.0
10152:
3.0
5.0
4.0
4.0
5.0
5.0
5.0
4.0
4.0
3.0
5.0
4.0
4.0
4.0
3.0
5.0
4.0
3.0
5.0
5.0
4.0
4.0
5.0
4.0
4.0
3.0
5.0
10153:
1.0
1.0
10155:
3.0
3.0
2.0
3.0
5.0
3.0
10157:
4.0
4.0
5.0
4.0
4.0
4.0
4.0
10158:
3.0
3.0
4.0
5.0
3.0
4.0
5.0
5.0
5.0
5.0
5.0
1.0
4.0
3.0
5.0
5.0
4.0
1.0
4.0
5.0
3.0
3.0
5.0
3.0
5.0
3.0
4.0
5.0
5.0
5.0
4.0
3.0
4.0
3.0
4.0
4.0
10159:
4.0
5.0
3.0
4.0
3.0
5.0
5.0
5.0
5.0
2.0
5.0
3.0
3.0
5.0
4.0
5.0
4.0
4.0
5.0
3.0
4.0
3.0
4.0
4.0
10160:
5.0
10162:
4.0
5.0
5.0
5.0
4.0
4.0
4.0
4.0
4.0
4.0
5.0
5.0
2.0
4.0
5.0
4.0
4.0
4.0
4.0
4.0
4.0
5.0
4.0
4.0
4.0
3.0
5.0
5.0
5.0
3.0
5.0
4.0
4.0
5.0
5.0
5.0
5.0
4.0
4.0
3.0
3.0
5.0
4.0
4.0
4.0
5.0
5.0
5.0
4.0
5.0
3.0
4.0
4.0
5.0
4.0
4.0
4.0
4.0
5.0
4.0
3.0
5.0
2.0
3.0
5.0
4.0
3.0
4.0
3.0
3.0
5.0
3.0
5.0
4.0
4.0
3.0
4.0
5.0
3.0
3.0
5.0
10164:
4.0
5.0
3.0
5.0
5.0
4.0
5.0
5.0
10166:
1.0
10167:
5.0
10168:
3.0
3.0
4.0
2.0
5.0
4.0
2.0
5.0
3.0
4.0
1.0
4.0
1.0
4.0
2.0
4.0
3.0
4.0
1000:
2.0
5.0
2.0
1001:
4.0
5.0
5.0
4.0
4.0
5.0
4.0
4.0
5.0
1002:
4.0
4.0
1004:
3.0
1006:
4.0
5.0
5.0
5.0
5.0
1007:
4.0
4.0
1008:
5.0
1.0
3.0
4.0
4.0
4.0
5.0
5.0
3.0
1011:
4.0
4.0
5.0
4.0
3.0
3.0
3.0
4.0
2.0
4.0
5.0
2.0
3.0
2.0
5.0
4.0
3.0
4.0
3.0
3.0
3.0
3.0
1.0
3.0
4.0
1012:
1.0
3.0
5.0
3.0
3.0
4.0
4.0
1.0
3.0
3.0
5.0
2.0
3.0
3.0
2.0
5.0
3.0
4.0
3.0
5.0
3.0
5.0
5.0
5.0
3.0
3.0
4.0
5.0
5.0
4.0
4.0
5.0
4.0
5.0
5.0
3.0
5.0
3.0
5.0
5.0
5.0
3.0
2.0
4.0
5.0
5.0
4.0
1.0
4.0
3.0
4.0
3.0
5.0
3.0
5.0
3.0
4.0
4.0
5.0
5.0
4.0
5.0
3.0
4.0
5.0
5.0
3.0
3.0
4.0
3.0
3.0
4.0
5.0
3.0
3.0
2.0
4.0
5.0
3.0
4.0
3.0
4.0
4.0
5.0
3.0
1.0
5.0
5.0
3.0
2.0
3.0
5.0
1.0
4.0
5.0
5.0
3.0
3.0
3.0
3.0
3.0
3.0
5.0
4.0
5.0
4.0
5.0
2.0
5.0
3.0
3.0
1.0
5.0
5.0
5.0
5.0
4.0
3.0
4.0
3.0
4.0
1.0
5.0
4.0
5.0
4.0
5.0
5.0
5.0
5.0
5.0
4.0
2.0
5.0
5.0
3.0
5.0
5.0
2.0
3.0
3.0
3.0
5.0
5.0
1.0
5.0
3.0
3.0
4.0
4.0
4.0
5.0
2.0
5.0
5.0
2.0
5.0
5.0
5.0
2.0
3.0
5.0
4.0
5.0
3.0
5.0
4.0
2.0
4.0
3.0
5.0
4.0
5.0
4.0
2.0
5.0
3.0
2.0
5.0
4.0
3.0
4.0
3.0
5.0
3.0
4.0
4.0
5.0
5.0
3.0
5.0
4.0
5.0
5.0
3.0
2.0
5.0
1013:
5.0
5.0
4.0
1014:
3.0
1.0
4.0
3.0
2.0
2.0
3.0
4.0
1015:
5.0
2.0
4.0
5.0
5.0
5.0
1016:
1.0
RMSE: 0.0
