2056:
2.8
3.9
2.5
3.2
3.9
3.0
3.8
4.3
4.4
3.8
3.3
4.5
4.3
2057:
4.4
4.7
5.0
5.0
4.4
1.4
4.3
4.7
3.8
4.0
3.5
4.2
3.9
4.7
4.2
3.6
4.2
5.0
4.3
4.6
3.5
4.1
5.0
5.0
5.0
4.8
5.0
4.1
5.0
4.6
4.3
4.1
3.3
4.3
4.5
4.3
4.6
4.8
4.5
4.2
3.3
3.8
4.3
3.8
5.0
3.4
4.9
3.6
3.6
3.5
4.6
3.3
4.5
4.3
4.8
4.4
4.4
4.1
4.5
4.5
4.4
4.6
3.9
4.7
4.7
4.7
4.4
4.5
4.8
4.0
5.0
1.7
3.9
4.8
3.9
4.5
4.5
3.9
3.9
4.4
4.2
4.3
3.8
5.0
3.3
3.9
4.0
4.6
4.3
4.3
4.6
5.0
4.1
4.8
4.4
4.9
4.0
5.0
4.2
5.0
3.7
4.3
3.1
4.3
4.2
4.7
5.0
4.4
4.2
5.0
4.4
4.3
4.8
4.6
4.7
3.5
4.6
4.5
4.6
4.8
4.8
3.5
3.9
4.1
4.6
4.5
3.7
4.1
4.9
4.4
5.0
5.0
4.3
4.5
3.5
4.7
4.1
4.7
5.0
5.0
4.5
4.3
4.3
4.1
3.6
4.5
4.7
5.0
4.2
3.5
5.0
4.6
4.1
5.0
5.0
4.8
3.5
4.0
4.4
4.0
5.0
4.5
4.2
3.5
3.6
4.9
4.6
4.3
3.5
3.1
3.0
4.1
4.1
4.5
5.0
4.7
4.8
3.8
4.9
4.1
4.5
3.7
4.8
4.1
5.0
4.4
4.1
4.5
3.8
4.8
4.0
4.9
3.8
5.0
4.9
4.4
4.2
4.0
4.6
5.0
4.9
4.6
4.9
3.9
5.0
5.0
5.0
4.5
4.0
2058:
2.6
4.1
2059:
3.9
5.0
3.0
4.0
3.0
4.4
5.0
5.0
4.9
5.0
2.0
4.5
4.0
1.0
4.0
4.0
3.0
5.0
4.4
3.5
4.0
4.0
3.8
4.0
3.5
4.4
3.0
5.0
4.5
4.0
5.0
5.0
3.5
5.0
3.9
4.0
4.0
4.5
5.0
3.7
4.7
1.0
4.2
3.2
4.0
3.9
3.0
4.0
3.0
3.7
2.2
2.0
3.9
2.5
3.0
3.2
3.5
1.0
5.0
5.0
4.2
4.0
4.0
3.6
5.0
3.9
4.0
3.0
5.0
2.9
206:
3.5
3.4
3.8
4.5
3.6
3.2
3.0
3.3
4.0
3.7
4.4
3.0
4.2
4.0
4.4
3.6
4.9
3.2
3.6
4.4
4.4
3.4
3.9
3.9
3.5
4.1
3.3
4.2
5.0
3.2
4.3
4.0
3.8
4.1
5.0
4.9
3.9
3.2
4.3
4.1
5.0
3.2
3.8
3.2
3.6
3.4
3.3
4.1
3.9
4.5
4.8
3.5
3.4
3.7
3.9
3.9
4.5
3.7
3.5
4.2
5.0
4.4
3.6
4.0
4.6
3.6
3.5
4.7
5.0
3.7
4.0
3.4
3.5
3.9
4.4
4.5
4.2
4.3
4.0
3.4
4.1
3.8
2060:
3.0
2.8
2062:
3.1
5.0
3.7
3.7
2.6
4.2
3.3
4.0
3.7
5.0
3.6
3.4
4.3
4.0
4.1
2063:
3.4
4.4
3.1
3.0
3.6
4.0
4.0
3.1
3.1
3.9
3.7
2.0
2.8
3.7
3.1
3.0
2.0
2.9
4.3
5.0
3.5
3.8
5.0
2.5
4.7
3.5
2.9
4.3
3.0
3.1
3.2
4.2
3.8
5.0
3.1
3.4
4.4
3.1
3.8
3.6
4.3
3.6
4.0
3.5
4.9
2.9
4.4
2.6
2064:
3.1
2.0
3.1
2.9
2.3
3.6
3.5
4.1
3.1
3.7
4.0
3.0
3.0
3.0
3.0
2065:
2.9
2.5
2066:
3.3
3.8
4.3
3.8
4.3
4.8
3.5
4.5
3.8
2067:
3.8
5.0
2.5
3.0
2.0
1.0
2068:
4.0
3.5
2.0
3.9
3.6
4.0
3.9
3.9
5.0
3.4
4.8
4.8
3.4
4.2
4.2
3.5
4.4
3.1
4.4
3.8
3.7
2069:
3.6
3.1
4.9
3.9
4.0
3.9
2.6
4.3
3.2
3.1
3.8
4.7
3.8
4.0
3.0
3.4
207:
3.1
3.5
3.8
3.0
3.4
3.2
3.2
3.1
2070:
2.4
2.7
3.7
2071:
1.9
4.2
3.2
2072:
3.6
3.8
4.6
2.0
2.5
3.4
4.1
3.6
2.0
3.3
2.6
2.9
4.0
4.0
3.6
4.0
4.1
2.9
3.3
3.3
3.0
2.7
3.6
1.0
1.9
3.1
2.6
4.0
4.4
3.6
3.5
2.7
3.5
3.0
1.9
2.0
4.7
2.0
4.2
4.0
2.0
1.8
3.0
3.1
3.8
3.6
3.0
2.1
4.2
3.8
1.0
3.9
3.0
4.0
1.5
2.0
3.0
2.3
5.0
2.0
3.2
4.0
4.0
3.5
3.0
2.8
4.3
3.0
2073:
2.5
3.0
2074:
4.2
4.4
4.6
4.6
4.2
3.4
5.0
4.4
4.8
3.6
3.9
4.1
4.6
4.4
3.0
4.4
4.4
4.0
5.0
4.4
3.4
5.0
4.6
4.6
2.0
3.7
4.6
4.5
4.5
4.6
4.8
5.0
3.8
4.6
4.1
3.9
4.1
3.8
4.3
2075:
2.6
3.1
3.0
3.3
5.0
3.0
2.4
2.8
2076:
2.9
2.1
3.3
3.8
3.5
2.9
2.5
2.9
2.5
3.8
2.5
4.6
2.9
3.5
2077:
3.0
4.1
3.4
3.0
3.6
3.8
3.7
1.8
4.1
3.0
3.5
3.2
3.3
3.4
3.3
3.5
3.3
3.4
3.7
3.4
3.5
4.0
3.0
3.9
4.1
3.2
4.1
2.9
3.7
5.0
4.3
4.0
2.7
3.6
3.0
3.6
3.4
4.0
3.6
2.8
2.8
2.9
3.1
4.5
3.6
2.9
3.6
3.1
3.3
3.6
1.9
2.8
3.0
3.7
3.5
3.7
3.4
4.0
3.1
2078:
4.7
3.7
4.4
3.2
3.2
4.9
2.8
3.5
3.4
3.5
3.4
2.0
3.3
3.2
3.7
2.9
3.8
3.8
2.8
3.4
3.5
3.3
4.0
3.3
4.0
2.9
4.6
3.4
3.1
3.7
2.8
3.1
3.4
2.2
4.0
3.4
2.1
4.4
3.0
3.8
2.7
3.9
3.6
3.7
2.8
2.5
3.8
3.7
3.0
4.6
3.3
2.9
3.7
3.3
4.0
3.6
3.8
4.1
3.4
3.9
3.2
3.4
2.5
3.4
4.0
2.7
3.0
3.3
3.1
2079:
2.8
2.6
2.2
3.4
208:
4.8
3.3
2.8
1.8
2.0
5.0
4.8
2.3
4.8
4.8
4.3
1.0
3.3
3.0
5.0
3.0
4.8
3.0
3.8
2.0
4.0
4.4
5.0
4.8
2.0
3.9
4.0
2.0
4.0
2080:
1.6
2.7
4.2
2.7
3.0
3.4
5.0
3.4
4.4
3.7
3.0
3.3
4.6
2.9
3.4
3.8
4.7
4.1
3.5
3.8
4.5
4.3
3.3
4.0
3.8
4.1
4.5
3.1
3.4
3.3
5.0
4.0
2.5
3.0
3.2
3.0
5.0
3.6
2081:
2.4
3.7
3.0
3.5
4.4
3.2
3.1
5.0
3.2
3.6
1.0
4.0
4.4
3.5
3.5
4.5
3.7
2.1
3.3
4.3
2.4
3.5
4.0
5.0
2.6
2.0
2082:
3.3
2083:
3.2
4.4
4.6
3.6
4.6
4.3
2.9
3.2
4.0
3.3
3.8
5.0
2084:
1.9
2.9
2.8
1.9
2.8
3.8
2085:
4.2
4.4
4.6
4.5
3.9
3.7
2.8
3.2
4.7
4.0
5.0
3.5
4.0
2086:
3.1
4.9
3.4
4.4
3.6
3.9
1.0
2.9
3.4
5.0
2.8
3.1
3.6
3.6
2.9
3.0
3.5
3.7
3.0
2087:
2.3
1.9
2088:
2.0
2.2
2089:
4.4
4.5
3.2
4.2
3.8
3.4
3.6
3.9
4.5
4.5
3.9
3.8
3.9
4.1
4.9
2.9
3.6
3.6
3.9
4.0
4.1
3.7
3.9
3.3
209:
4.9
2.9
4.2
3.4
5.0
5.0
3.9
3.9
5.0
4.2
4.8
4.0
4.9
4.4
3.8
5.0
4.9
3.5
4.3
4.3
4.8
4.9
3.9
4.0
4.9
3.1
4.7
4.4
3.8
4.9
4.3
4.5
3.5
4.0
4.2
5.0
4.5
4.8
4.2
4.5
3.7
4.3
4.2
4.1
4.5
4.7
4.8
4.5
4.4
3.4
4.8
4.2
4.7
4.0
4.8
3.3
4.5
4.2
4.1
3.4
5.0
4.3
3.2
4.2
4.6
3.4
4.7
4.0
4.7
5.0
3.5
4.1
4.9
5.0
4.1
3.6
4.9
5.0
4.1
3.5
4.2
3.3
4.1
4.1
4.0
4.3
3.8
4.4
3.0
4.4
4.5
4.6
3.5
4.0
3.8
5.0
4.0
4.0
4.4
4.3
2.7
4.9
2.9
4.6
2.0
4.7
4.6
4.2
5.0
5.0
4.1
3.9
5.0
5.0
4.1
5.0
3.9
3.8
5.0
3.7
5.0
4.5
5.0
4.1
3.9
4.1
4.1
4.3
4.5
4.6
4.2
4.0
3.7
4.4
3.9
3.6
4.5
4.1
5.0
3.8
4.0
4.6
3.9
3.6
2090:
3.3
2.4
3.2
2091:
3.9
4.7
2.0
3.6
3.8
2.9
3.1
2.9
3.4
3.3
2.0
2.5
3.1
2.2
2.1
3.0
3.0
3.5
3.6
3.6
2.3
2092:
3.3
2093:
2.9
2.9
3.1
2.6
3.2
2.6
2.9
4.0
3.1
3.0
2.8
3.1
3.1
2.1
3.0
1.2
2.6
3.6
3.7
3.0
2.9
1.0
2.6
3.0
3.1
2.4
2094:
3.3
4.4
4.9
4.1
3.8
3.9
3.0
2.7
2.1
2095:
1.0
5.0
4.0
4.1
3.5
4.1
4.1
4.7
3.3
4.2
3.8
4.1
3.9
5.0
3.2
3.4
3.0
2.4
4.3
3.6
3.8
3.6
3.9
4.9
2.7
3.7
4.4
3.6
3.1
4.5
4.1
3.9
4.2
3.0
4.0
3.7
4.6
4.3
3.0
3.2
3.9
3.2
3.4
4.7
4.3
4.4
3.9
3.9
3.1
2.8
3.4
2.5
3.8
3.2
4.1
4.0
3.9
3.0
3.4
4.6
3.7
3.4
3.4
4.4
3.0
3.8
4.4
4.2
3.1
4.9
3.5
3.5
4.3
4.0
3.9
5.0
3.3
2.9
3.5
3.3
4.6
4.3
4.9
3.1
3.4
3.5
4.1
4.0
3.7
3.7
3.9
2.9
4.0
4.7
3.7
5.0
1.0
3.2
2.6
3.7
3.7
4.1
3.4
4.4
4.0
4.3
3.9
3.3
3.6
3.3
4.2
4.1
2.8
4.3
4.0
3.7
4.4
3.0
4.9
3.6
3.5
5.0
3.2
2.7
3.7
3.4
4.0
3.1
3.7
3.9
2.9
3.0
3.4
3.9
3.7
4.9
3.2
2.7
3.3
5.0
3.4
3.9
2.7
4.7
3.3
3.8
1.9
2.8
3.3
4.7
4.1
3.1
4.6
4.3
3.4
4.2
4.2
4.2
3.2
3.0
1.0
4.4
3.3
2.6
3.4
4.1
4.5
1.0
3.5
2.6
2.9
3.8
3.7
4.5
3.4
3.6
3.5
5.0
4.2
3.0
3.7
3.4
3.2
2.8
3.4
2.7
3.6
4.0
3.4
3.2
2.6
2.6
3.4
4.2
5.0
3.5
5.0
4.0
4.5
3.9
3.8
4.3
3.9
4.0
3.8
3.0
4.3
4.0
3.4
5.0
3.0
3.3
4.5
RMSE: 0.79
