1:
3.7
3.2
4.0
4.7
4.9
4.0
4.0
4.0
3.5
3.7
3.4
3.9
3.8
4.0
3.0
4.3
4.1
4.9
4.2
5.0
2.8
5.0
3.4
10:
3.0
3.0
1000:
3.6
2.4
2.0
5.0
3.9
3.4
2.0
3.9
3.0
3.1
3.8
3.3
3.2
4.6
3.9
3.4
2.8
2.8
3.1
4.4
3.4
4.4
2.1
2.6
3.3
3.1
3.4
10000:
5.0
3.3
10001:
3.6
4.4
3.4
4.0
4.3
3.3
3.4
4.1
4.2
5.0
3.4
4.2
4.0
4.3
3.2
3.9
3.7
10002:
5.0
4.0
5.0
5.0
10003:
2.0
10004:
5.0
5.0
4.4
5.0
4.4
4.7
4.6
5.0
4.2
1.0
4.2
4.1
5.0
3.9
5.0
4.3
4.0
4.1
4.5
4.5
4.7
3.9
3.7
5.0
5.0
3.4
4.7
4.5
4.0
4.8
4.2
10005:
2.9
4.2
2.8
2.9
3.6
10006:
4.0
3.8
4.5
3.5
10007:
2.9
3.6
2.6
2.2
2.0
2.7
2.7
2.9
2.7
2.7
2.6
2.6
2.0
10008:
4.0
4.0
5.0
2.1
4.0
4.0
3.0
10009:
2.9
2.7
4.0
2.8
2.8
5.0
1001:
4.6
3.2
2.9
3.4
4.3
3.7
3.2
3.3
2.8
3.6
4.0
3.8
3.0
3.8
3.5
4.0
4.1
3.0
2.9
3.2
3.2
4.0
3.2
3.1
2.9
4.0
2.9
3.0
5.0
4.2
3.9
5.0
3.2
3.5
2.9
3.4
4.2
3.0
2.8
3.4
3.7
2.5
3.8
4.4
4.0
3.5
3.6
3.1
2.7
4.4
3.3
2.2
2.8
3.8
3.5
4.0
3.3
3.4
3.3
3.0
3.4
3.0
4.0
3.1
3.7
2.7
3.0
3.4
5.0
3.3
2.6
3.3
3.4
3.1
4.0
4.0
2.8
2.8
3.2
3.7
4.1
3.4
2.8
3.7
3.2
3.5
4.5
4.3
3.2
2.7
4.4
3.3
3.7
3.8
3.0
2.5
4.0
5.0
3.0
3.2
3.7
3.5
2.7
3.0
3.6
3.5
3.9
3.6
4.1
3.5
2.6
3.2
3.8
3.2
2.7
2.4
2.4
3.6
3.3
1.6
3.4
3.4
3.1
3.5
3.5
3.5
4.0
4.0
3.7
3.1
3.9
3.7
3.8
3.4
10010:
2.5
2.9
1.9
3.4
3.0
2.8
2.9
2.6
1.9
2.7
2.1
2.0
2.3
2.0
2.7
2.4
1.9
2.9
1.8
2.1
1.3
2.3
1.7
10011:
4.2
3.8
10012:
3.0
4.1
3.3
3.3
3.8
4.4
2.6
3.4
3.3
3.3
4.1
3.7
3.3
10013:
3.8
3.1
3.8
4.0
3.5
3.4
3.2
3.0
2.8
3.9
2.8
3.7
3.4
3.1
3.0
3.2
2.9
2.7
3.2
3.3
3.1
2.7
3.0
3.7
3.9
2.9
3.5
2.5
3.2
3.1
3.2
2.7
3.1
3.8
3.6
2.9
4.1
4.2
3.8
2.7
2.8
3.1
3.9
3.0
3.0
2.6
4.0
2.9
3.1
3.6
2.8
3.4
3.4
3.3
2.6
2.5
4.3
10014:
2.0
4.5
3.2
4.0
2.6
10015:
3.5
3.9
4.0
3.7
3.8
5.0
5.0
3.0
4.5
4.0
3.6
3.4
4.0
5.0
5.0
3.5
4.4
2.6
4.0
3.9
5.0
3.6
4.2
5.0
2.6
2.8
5.0
3.6
10016:
3.1
2.5
2.6
2.7
3.5
10017:
3.4
2.0
3.0
10018:
3.8
4.0
4.0
3.0
4.0
3.2
3.3
3.8
3.0
4.0
5.0
3.0
3.0
4.5
3.7
3.0
3.3
3.4
4.0
4.0
4.8
3.0
2.8
4.5
4.2
3.6
4.0
4.0
3.8
4.6
10019:
3.0
2.9
3.9
2.0
3.2
4.4
4.2
2.3
4.6
3.2
5.0
2.3
2.8
3.1
3.5
3.8
3.7
2.9
3.7
3.8
3.2
3.5
3.1
4.0
3.9
3.8
3.1
3.2
3.2
4.0
3.3
3.0
4.1
4.1
3.6
4.0
2.5
3.4
3.7
3.9
4.1
4.0
3.7
3.2
3.8
2.6
3.8
4.0
3.8
3.5
2.2
3.6
3.7
3.4
2.6
5.0
2.8
3.0
4.1
2.5
3.0
4.4
3.6
3.6
3.5
4.4
3.4
4.8
3.5
1002:
3.3
3.3
3.6
3.3
3.1
4.0
3.3
2.2
3.4
3.4
4.3
3.4
4.0
3.4
10020:
3.5
3.7
4.0
4.6
2.5
3.4
3.7
4.0
4.6
4.6
3.9
5.0
4.1
4.8
5.0
4.1
4.2
3.8
4.8
3.4
4.4
3.1
3.4
5.0
3.4
2.0
4.8
10021:
2.1
2.2
2.5
1.0
10022:
2.1
3.3
2.8
2.7
4.1
3.1
2.2
2.6
10023:
3.6
4.1
4.3
5.0
4.9
3.8
3.3
4.5
4.4
4.5
5.0
10024:
4.4
4.0
2.0
4.7
5.0
3.7
3.9
3.2
3.9
2.4
10025:
2.3
10027:
4.6
5.0
4.4
5.0
2.5
5.0
3.3
4.4
2.0
5.0
3.5
4.1
4.3
3.1
4.1
5.0
4.0
4.9
4.1
4.0
4.0
4.5
4.0
1.0
4.1
4.4
3.3
1.0
5.0
5.0
4.0
3.9
3.1
4.0
4.5
4.9
5.0
4.0
4.0
3.4
5.0
5.0
5.0
4.3
2.8
4.7
4.7
1.0
5.0
4.5
3.4
5.0
3.2
3.8
3.9
4.7
3.0
3.1
5.0
4.2
4.9
3.2
5.0
3.6
4.9
5.0
3.7
4.0
2.0
4.0
2.9
4.3
4.4
5.0
4.6
3.9
4.9
3.8
3.7
3.9
5.0
3.8
3.4
3.7
4.5
4.9
4.4
4.0
10028:
4.2
3.7
4.0
5.0
5.0
2.8
4.5
10029:
3.4
5.0
3.8
3.0
10031:
3.0
3.4
4.0
2.6
3.9
3.6
2.7
2.4
4.0
10032:
3.1
5.0
5.0
4.0
3.9
2.4
3.8
3.8
3.0
3.0
3.6
4.4
5.0
4.0
4.0
2.0
4.0
5.0
4.0
4.0
4.0
3.8
4.0
5.0
4.1
3.0
3.2
4.0
4.0
4.0
5.0
3.3
5.0
5.0
4.0
3.0
4.0
4.0
4.0
3.9
5.0
1.0
3.3
5.0
4.5
3.6
4.0
10033:
3.8
4.0
4.8
5.0
4.0
3.3
2.2
2.7
5.0
4.0
3.7
3.8
5.0
3.4
10034:
1.8
2.7
10035:
4.0
4.9
5.0
4.0
4.0
4.7
3.6
3.0
3.8
3.5
3.5
3.9
5.0
4.5
4.0
4.2
4.1
4.1
4.6
5.0
10036:
3.7
3.5
3.6
2.7
4.2
3.7
3.4
3.2
2.8
3.5
3.3
3.6
3.2
4.2
4.8
3.9
3.7
4.3
2.9
2.8
3.7
4.3
4.4
4.5
3.9
4.2
3.8
4.1
4.2
2.0
3.4
4.4
3.1
3.6
3.4
3.7
3.9
4.1
3.3
4.1
3.5
4.4
4.3
4.1
3.9
3.7
4.4
5.0
3.4
4.2
3.5
3.8
3.5
3.3
3.4
4.5
3.5
5.0
4.1
4.1
3.9
4.2
3.1
4.4
2.9
4.6
3.2
4.0
4.1
4.2
4.9
4.5
4.0
3.3
4.1
4.4
4.4
3.8
3.6
4.1
3.5
3.5
4.6
4.0
2.8
4.1
3.5
3.9
3.9
3.3
3.0
4.1
3.6
4.3
3.5
3.2
5.0
4.0
2.6
4.2
4.4
4.2
3.3
5.0
3.7
2.6
4.1
3.6
3.9
2.9
3.7
3.2
2.9
3.5
3.6
4.1
4.1
3.6
3.2
4.1
3.5
3.6
4.1
3.3
4.1
3.0
3.8
3.9
3.6
3.6
4.9
3.0
3.4
4.6
3.8
3.5
4.3
4.1
4.2
3.4
4.4
4.0
4.0
4.3
3.3
4.5
3.2
5.0
3.8
4.0
4.3
4.3
4.1
4.0
4.2
4.1
4.2
4.5
4.2
4.3
4.0
4.0
3.8
4.1
3.9
4.1
4.3
3.9
3.9
3.4
5.0
3.6
4.3
3.6
3.9
4.2
3.6
3.9
3.7
3.8
3.6
4.2
3.5
4.0
4.7
3.3
3.5
3.5
3.9
4.5
3.7
3.5
3.7
5.0
4.1
3.1
3.7
4.1
3.8
3.8
4.0
4.2
3.4
4.0
3.6
4.7
3.5
3.9
4.1
4.2
4.0
3.5
5.0
3.7
3.6
RMSE: 0.81
