2336:
910214 2.1
1207791 3.7
669796 3.2
2252513 3.5
1566166 3.0
2160017 3.1
559991 2.9
2337:
1009346 3.0
1345583 2.8
643324 2.6
531401 2.7
385781 2.9
2419258 2.9
2338:
963134 3.3
1169924 3.4
1456253 2.5
1660405 3.3
1494634 3.0
2179661 3.8
232956 3.0
464374 3.3
2536101 2.6
1428723 2.9
1039594 3.2
807738 3.0
1244978 3.5
1182133 3.3
1696995 3.5
428101 2.3
296094 3.2
253907 3.6
2519310 3.1
612068 3.5
2084601 3.3
361375 3.1
40249 3.1
2254863 2.8
2396709 3.4
781670 3.2
337202 2.9
2614273 3.0
1023351 3.2
453690 3.3
499666 3.5
2456770 3.3
770860 3.4
2590858 3.0
249526 3.1
1525615 3.1
1173267 3.0
1353938 2.9
1025022 3.5
634927 3.2
659007 3.5
2144516 3.7
1493810 3.5
609402 3.0
1656846 2.7
317636 3.2
2419494 3.2
826465 3.0
1803599 3.3
1654869 3.6
1296679 2.4
1056041 3.1
2180113 2.6
531218 2.9
796455 2.8
435392 2.9
2023084 2.9
2619645 2.8
1632787 2.8
173067 2.8
2254853 3.2
1297658 3.1
2518730 3.3
1417412 3.4
2580154 3.3
1714416 4.1
1447648 3.0
1238001 3.5
768437 3.2
1666367 2.8
2090369 3.1
1912004 3.5
825924 3.2
1181197 2.9
1348839 2.7
1215846 3.0
261509 3.0
2321759 3.0
560809 2.9
1989286 3.7
989621 2.9
1418126 2.9
1811452 2.8
2451802 3.6
1858079 2.7
1337878 3.5
635789 3.1
1477783 3.1
2205870 3.2
2441914 3.0
590760 2.5
1955049 3.4
885011 3.2
1947278 3.2
2300457 2.9
2426969 3.1
1702414 3.3
1619373 3.4
1824079 3.2
572990 2.6
18624 3.0
1285394 3.7
2544482 2.5
1570842 3.3
1425876 3.1
2253540 3.0
2492108 3.2
443926 3.3
2622229 2.8
1464088 2.5
1790119 2.8
2152310 2.9
2630854 2.9
1752442 3.2
1917146 2.3
2021127 3.1
2443115 3.1
156925 3.5
232:
1546342 3.2
2207910 3.2
2541531 2.9
227967 3.2
2240742 3.6
1897071 3.6
1853136 3.7
1450842 3.4
585388 3.5
1138678 3.0
2599941 3.4
159523 3.6
2010934 3.4
2232866 3.4
742446 3.1
382964 3.4
2398075 3.2
662707 3.1
2247033 3.4
894852 3.5
1232194 3.6
771395 3.5
2328536 3.6
910493 3.6
1638959 3.2
420626 3.4
1441738 2.9
1613378 3.7
1795251 3.4
73788 3.6
2116448 3.8
2353594 4.2
1244204 3.0
593893 3.3
1156931 3.8
309934 3.4
2258181 3.1
1709186 3.5
579190 3.5
1991094 3.5
959509 3.0
2284803 3.4
18830 3.4
643544 3.4
2025365 3.3
1855068 4.2
1443495 3.6
1216365 3.2
2202555 3.4
2028180 3.8
215821 3.7
1876274 3.8
983308 3.5
2122793 3.2
1965579 3.4
1899339 3.5
431056 3.7
1852930 3.4
666673 3.1
880521 3.7
251861 3.2
2356355 3.3
157932 3.1
664502 3.0
1531527 3.1
2098223 2.3
786847 2.9
238714 3.0
1613743 3.6
1214342 3.1
2047687 3.1
1115687 3.7
2198123 2.9
1636816 3.8
1064177 3.7
147405 3.5
414627 3.2
233:
1491487 3.7
580109 2.8
1415249 3.4
1848775 3.0
1195895 3.4
346956 3.1
1221897 3.6
2319:
2420848 3.9
2447366 4.5
66692 3.5
962645 4.4
1554343 4.1
2527572 4.0
1751752 4.2
1693016 3.5
86365 4.2
1631729 4.0
1451623 3.8
1967058 4.1
2628192 4.1
2366006 3.5
424121 4.2
1049979 3.5
1155559 4.1
1138392 4.5
1711022 4.1
1841531 3.1
1712972 3.8
2524260 4.3
188570 3.5
1550751 4.3
1511683 1.9
1529717 4.2
2445276 4.8
21857 3.6
1754321 3.8
2359703 4.5
678579 4.1
318174 4.3
590205 4.0
1785164 4.0
424345 3.2
1056435 3.5
2138909 4.3
1739389 4.0
566120 3.9
1791653 3.8
1873377 3.5
2254067 4.1
2001521 4.3
1029197 3.8
188813 3.5
1803726 4.5
451892 3.6
488286 4.1
530031 3.5
171944 3.6
766141 4.0
1246041 4.1
1046608 4.0
1514294 3.7
2266049 4.1
1252889 4.0
954888 4.3
823589 3.9
2454494 3.0
1046918 4.3
2403154 3.6
2256866 3.8
760653 4.1
967642 3.2
2620768 4.0
1817253 4.3
1262109 3.6
1088976 3.9
491066 4.0
2224306 3.9
430644 3.8
2336079 3.3
2491172 4.3
1326506 4.2
1157088 4.1
965047 4.8
1774245 4.1
520989 3.6
1759607 3.8
2351750 3.6
2313488 4.4
1718362 3.8
2351813 4.5
434562 3.8
708953 4.1
2430477 4.0
1300130 3.5
2190379 4.0
870715 4.0
2566956 3.9
2371183 3.8
1632747 4.8
178186 4.1
2395283 4.3
311339 3.9
666079 4.2
1424872 4.1
132489 4.0
1149218 3.9
1131860 3.7
1804473 4.1
2420654 3.2
1189881 3.9
49890 4.5
2598847 4.1
519177 3.6
2503381 4.3
235874 4.2
330866 3.7
1723614 4.0
2283856 3.7
1590757 3.8
534005 4.1
1758473 4.7
475819 3.4
998108 3.9
2141595 3.6
433799 3.8
2410473 3.7
381563 3.7
1938784 4.3
293839 3.6
744445 3.6
1175727 3.9
2176529 3.4
2498370 4.5
778092 3.8
773812 3.2
588885 3.7
301467 3.9
1985731 3.6
1665912 4.2
576975 3.8
21003 3.9
2606404 3.9
2391645 3.8
350389 3.4
2571835 4.2
505289 3.6
1623186 3.9
1934588 3.6
890446 3.7
1398961 3.6
593305 3.7
1773414 4.1
201321 4.2
1812630 4.0
1674205 4.2
1160737 4.0
1620548 3.6
2036885 3.8
2504315 4.1
823557 4.0
1222600 4.0
1913820 4.1
467033 3.5
1642087 4.7
2421630 3.6
1901865 4.0
2051323 4.2
1065795 3.5
2438832 3.7
2048422 4.1
1828844 3.9
2637135 4.0
20868 3.8
1540610 3.6
1450658 4.7
424740 3.1
2184621 3.6
1543393 3.4
136473 3.8
394890 4.3
454168 4.1
2362167 4.0
1275744 3.8
645138 4.0
415386 3.6
1217471 3.8
514403 3.7
1341239 3.5
687237 3.6
1214125 3.7
1249765 3.7
429876 3.7
1970936 3.9
793581 3.9
1190119 4.2
397022 4.2
1445262 4.3
1637260 3.8
300377 4.2
544518 4.2
700126 3.5
858264 3.6
720581 3.9
1608972 4.1
719730 4.3
607153 3.8
2023357 3.8
1270957 4.1
163345 3.9
820078 3.6
1897939 4.1
1466241 4.2
928490 3.9
835147 3.9
1759971 4.0
522304 3.5
1192772 3.5
609122 3.3
399061 3.9
924096 4.1
643485 3.9
1325039 3.8
1892343 4.0
1446612 3.9
1422650 3.6
201491 3.7
1278814 3.7
2282041 4.0
1915415 3.9
1411823 4.2
2316591 3.3
2354382 4.0
2566355 4.1
722287 3.7
471760 4.4
866578 3.5
1039955 3.6
582114 3.8
1904574 3.7
2321:
1599952 4.4
2567997 3.9
108409 4.3
165247 5.0
453785 4.2
742871 4.3
660585 4.5
952078 4.3
966465 3.9
2599782 4.8
2319768 4.8
1627749 4.4
1116271 4.4
1417911 4.4
1230638 5.0
236944 4.0
939885 3.6
992436 4.4
2233302 4.0
1408770 3.8
465584 4.1
2322:
1855975 3.0
2370529 3.4
1719990 2.7
2619575 3.3
715521 3.6
1377190 3.2
1096214 3.5
549912 3.7
2323:
541870 3.2
1993563 4.1
2157779 3.8
29903 3.5
271273 3.9
2260709 4.2
2330639 2.9
1239704 4.1
1635967 4.4
467409 3.5
1665912 4.0
1801814 3.9
2511469 3.7
1762932 3.1
1267814 4.1
2121827 3.5
1867709 4.0
2324:
946054 3.2
1728314 3.2
1020871 3.3
1954630 3.2
519878 2.7
1396895 3.4
1558294 3.6
1532613 3.0
2002313 3.2
2062600 3.0
1903741 3.8
2098064 3.3
2258645 3.1
2584442 3.4
1252327 2.8
57657 2.7
1765003 3.1
2297366 3.1
920045 3.6
1670491 3.3
2414819 2.8
2438767 3.4
2493467 3.5
834279 3.3
1294397 2.9
2325:
1842668 4.4
2519310 3.6
2569227 3.9
2266522 3.9
2020743 3.4
426406 4.0
2331660 4.2
2326:
1905905 3.8
1485922 3.5
1931648 3.5
2022321 4.0
1879164 3.9
963838 3.9
1641999 3.5
620546 3.6
1371479 3.4
1010289 4.0
383344 3.9
2128886 3.6
1519094 3.0
14754 3.9
1939032 3.7
2140974 4.0
1002696 4.1
1061602 3.3
1164869 3.5
1087650 4.1
1870855 3.9
405788 3.5
1657672 3.9
2108211 4.1
177017 3.5
1414997 3.9
1474581 3.5
651176 3.3
1076155 3.8
1518719 4.0
611902 4.0
829701 3.6
1255358 3.8
1293902 3.9
146610 4.2
1296160 4.1
189887 3.7
2307884 3.8
2438293 3.2
2065893 3.8
2031284 4.4
1070337 3.8
2177165 3.6
2196856 3.7
2266800 3.6
85488 3.7
1727539 4.1
372117 3.7
2166320 3.7
2136032 3.4
1150221 3.9
79731 3.7
1778858 4.1
308567 4.0
1745744 3.8
1918930 3.6
2112757 3.7
951526 4.3
2596134 3.6
1491116 3.8
1666592 4.5
647384 3.9
425125 4.2
1426088 3.5
662505 3.8
1209950 3.8
486062 3.7
440781 3.9
1129512 4.0
1900123 3.7
2628737 3.8
1106945 3.9
421242 4.3
220420 3.6
282786 4.0
1279217 3.5
1003540 4.3
832460 3.5
497634 3.9
1898880 3.9
2480565 3.3
578272 4.3
2101347 3.7
1546461 4.0
519684 3.8
1746160 3.7
96072 3.4
1184378 3.2
2474783 3.4
2610190 3.3
2229200 4.2
2416594 4.1
1903545 3.7
2087852 3.8
2075715 3.4
1765037 3.8
2565543 3.7
1039278 4.0
2185058 3.9
1389638 3.6
823109 3.7
1149365 3.6
846921 4.6
1523465 3.7
1238676 3.7
1172676 3.0
1317073 3.8
2190307 3.6
1739239 3.5
2113836 3.9
1570763 3.4
854770 3.4
1086653 3.7
1913977 4.0
1032623 3.5
1487263 3.9
992576 3.8
337827 3.5
1735584 3.8
976971 3.6
1145648 3.6
2184126 3.8
2352663 4.3
1478706 3.8
587286 4.0
252025 4.0
2168065 3.9
8382 3.7
2178941 3.9
113139 3.1
1683889 4.3
1469792 3.8
1239196 3.7
579353 3.4
1197256 3.7
924775 3.4
2337808 4.5
817463 3.9
1874557 4.3
1275696 3.4
1027719 3.4
163695 3.4
2209123 3.6
2267433 3.7
1211007 3.6
2100797 3.7
394081 3.9
121816 3.4
1956729 4.2
2113762 3.9
1563985 3.7
1922377 3.7
2232907 3.8
1420962 3.8
1929982 3.2
63339 3.9
2030488 3.6
1213270 3.6
1429568 3.4
512966 3.3
1504194 3.6
1981425 2.9
647293 4.1
908250 3.7
1422678 3.9
1855542 4.2
1859837 4.0
38342 4.2
1523783 3.3
1502324 3.9
1911700 4.0
2019773 3.8
571980 3.5
19751 3.5
1938029 3.6
594214 3.7
927240 3.6
1336964 3.9
2327:
1134828 3.6
1081009 3.2
777750 3.2
1843808 3.4
1548625 3.6
1114846 3.9
1010396 3.3
557143 3.7
2319899 3.4
1522694 3.8
1697816 3.5
1722177 3.6
319591 4.0
2379125 3.5
1491763 3.6
816752 2.7
113597 3.3
360324 3.2
327575 3.2
1819315 3.0
135878 3.1
1591459 4.0
1022709 3.1
2117160 3.4
1614212 3.7
2328:
832846 2.0
956230 1.6
20871 2.9
2528268 2.4
158732 2.6
630393 2.0
1811592 2.1
1059372 2.6
1185473 2.7
761430 3.4
1888195 3.5
34183 2.9
72399 2.8
525311 2.8
712997 2.2
2329:
2610949 3.5
656399 3.3
1042853 3.6
923490 3.7
215739 3.3
1873412 3.3
2349053 4.2
1582456 3.7
1099917 3.5
1326136 4.1
1256700 3.8
2387616 3.6
2546842 3.4
756100 3.5
463075 3.9
1931058 3.6
2636500 3.9
1217533 3.7
1101702 3.8
1408352 3.3
950521 4.2
2213319 3.2
2023110 3.6
2474414 3.6
682783 3.6
1520984 3.2
921074 3.7
1751359 3.5
1661033 3.3
1621169 3.9
1606226 3.5
622985 3.5
2040209 3.7
2597950 3.7
842632 3.7
893126 3.9
722573 3.6
2045912 3.2
924343 3.8
195682 3.6
1765712 3.6
1277035 2.8
98748 3.3
1773034 4.0
454995 3.8
2314776 3.7
666065 3.5
423505 3.8
1931026 3.2
1622628 3.3
2332407 3.1
1499127 2.9
1989641 3.5
1829368 3.9
945845 3.3
1224002 3.8
1881911 3.9
1697425 4.1
786054 3.5
28489 3.6
2070348 3.7
1717000 4.2
24294 3.8
602344 3.4
740936 3.7
1117676 3.5
1452529 3.3
803666 3.4
1802045 3.5
1495874 3.5
896711 4.0
1428915 3.7
354148 3.9
1121426 3.7
2579476 3.8
2506364 3.9
2215820 3.9
453830 3.5
671226 3.3
1841565 2.8
2011601 3.6
861061 3.7
2255136 3.7
2568358 3.8
2527339 3.9
1661048 3.4
229984 3.8
22699 3.9
2277841 3.4
1943622 3.7
1877131 3.3
406221 3.2
1540589 3.9
81901 4.1
264378 3.4
733424 3.9
1948321 4.0
89068 4.2
1370590 3.5
1158363 3.6
786478 3.6
2541912 3.8
2462758 3.7
1557065 4.0
2353831 4.4
316047 3.7
2359729 3.3
1613747 3.7
579625 3.6
1206588 4.5
2238698 3.5
1821872 3.6
2314059 3.1
776472 3.8
2616360 4.2
44516 3.5
1155305 3.9
574447 3.8
177622 3.3
351134 3.6
1639825 3.7
1292275 3.8
101834 3.4
842704 3.4
1802648 3.4
47495 3.0
1924273 3.9
224133 3.7
1818058 3.5
250988 3.7
1960288 3.9
1461053 3.7
2424907 3.4
763558 3.7
2127917 3.7
8287 3.8
2091987 2.9
1307352 4.1
1097253 3.5
836008 3.3
985485 3.4
278556 3.5
725116 3.7
1720366 3.5
916967 3.5
1251531 3.3
1061166 3.4
1227609 4.1
2550295 3.2
1089912 4.4
2479344 3.6
2557445 3.5
2539546 3.7
320464 3.7
2533814 3.5
2209948 4.0
1052912 3.7
1937310 3.7
1500730 4.2
2206068 3.4
1108834 3.3
778920 3.7
2322625 3.7
1174964 3.6
134324 4.6
1738760 3.4
772056 3.9
1518849 4.1
1818286 3.7
2465535 4.1
679796 4.1
1584498 3.5
1033219 3.6
677070 3.9
308946 4.1
1938189 3.5
1216283 3.6
1618986 3.0
377942 3.6
2025527 4.1
1639488 3.3
17344 4.1
1763417 3.4
2370423 3.6
910370 3.9
439482 3.8
1778107 3.3
442080 3.9
431835 2.9
190926 3.3
390867 3.5
607191 3.4
2205820 3.5
717583 4.2
914078 3.6
764742 3.9
1938576 3.6
746352 3.9
2310552 3.8
2369855 3.8
1970267 3.6
1890805 3.9
809376 3.6
982652 3.6
507618 3.9
50499 3.6
528192 3.6
665058 3.8
160193 3.8
1267309 4.3
20618 3.4
2149490 4.0
823032 3.9
39953 3.6
1758721 3.5
788476 3.5
964004 3.0
2443949 3.8
595133 3.4
1098492 3.8
801271 3.6
439805 3.6
1969582 3.7
2076159 3.5
875208 3.4
859239 3.3
790547 3.8
2266655 3.6
1182636 4.2
1180571 3.9
2112100 4.1
1465422 3.5
2001602 4.0
617679 3.5
2315538 3.3
2337346 4.5
720509 3.3
1965856 3.3
337681 3.7
1785643 3.7
988410 3.7
2352068 3.9
2163219 3.6
1632980 3.3
2110423 3.8
61404 3.6
1787575 3.9
1523143 3.6
1513781 3.5
1265166 3.9
1709015 3.5
58409 3.8
1107807 3.4
1932751 3.6
1116155 3.7
121479 4.1
1133181 4.0
2593940 4.0
2432179 3.2
1663133 3.6
579685 4.2
46773 3.4
2146805 3.3
494854 4.0
2592940 3.3
282541 3.2
1951919 3.0
897368 4.0
1203215 3.6
658010 4.1
1547793 3.6
403064 3.6
1629499 4.0
1403479 4.0
2348291 3.9
1339569 4.0
925551 3.4
372752 3.6
2202085 3.3
310810 3.9
30789 4.1
2313194 3.7
403312 3.9
1094757 3.5
1076378 3.4
55202 3.8
2404176 4.0
679801 3.5
1991827 3.7
2480992 4.0
2005264 4.0
2345386 3.7
2514104 4.1
2387840 4.4
192166 4.1
880541 3.6
2299474 3.8
1748979 3.3
229712 3.5
1421853 4.0
1948944 3.7
1783226 3.9
2570410 3.5
1826523 3.2
403198 3.6
2485434 3.2
2616816 3.6
128575 3.6
48996 3.6
2369371 3.4
931715 3.6
1838945 4.0
1629940 3.6
1194766 3.7
309059 3.6
1765917 3.9
239823 3.9
1310382 3.7
603088 3.6
2010902 3.8
1404431 3.6
292700 3.9
1777691 3.5
2582458 3.6
1991148 3.8
2125793 3.3
2563135 3.7
2444217 3.8
1402583 3.7
2023996 3.7
345341 3.7
951303 3.5
2416763 3.9
1030515 3.3
782382 3.2
2510339 3.6
14225 3.6
2596038 3.2
1300751 4.2
298198 3.5
2489150 2.6
162489 3.5
2347424 4.0
799746 3.4
2516109 3.8
1791743 3.6
104042 3.9
2377006 3.7
2087266 3.5
1157965 3.5
1233338 3.7
2098745 3.1
1226585 3.6
1304766 3.5
1420484 3.2
1458131 3.5
2564229 4.0
1390413 3.4
2273992 3.9
115221 3.7
2419019 3.7
1083501 3.1
1828258 3.6
1092726 3.7
1544683 3.8
145506 4.0
282362 3.4
625992 4.0
1528877 4.0
1195709 3.2
2237025 3.2
1444340 3.3
1983562 3.2
1513699 3.9
398328 3.4
1326314 3.2
1065711 4.0
2235420 3.8
1354596 3.4
2122829 3.9
1654445 3.9
2335936 3.9
463136 3.7
1686804 3.7
2611837 3.7
251541 3.5
2103785 3.5
1129041 3.4
491717 3.5
1954342 3.4
1131625 4.5
1645431 3.9
1740460 3.2
1973073 3.3
819102 3.2
656007 3.8
619068 3.6
1573259 3.7
587353 3.6
488388 3.3
2634079 4.2
1696864 3.5
2043181 3.7
2052762 4.1
868860 3.8
1883023 3.5
1625282 3.7
2646586 3.1
55848 3.5
695285 3.8
1566835 4.0
398887 3.6
1728164 3.5
1091338 3.9
534733 3.1
658416 2.9
478043 4.1
997377 3.5
1496347 3.4
2599147 4.1
1194132 3.7
357871 3.5
1768464 3.4
1327927 3.2
1283572 3.5
574851 3.1
259573 4.0
1728611 3.5
482597 3.8
405109 3.2
565773 3.3
1994798 3.6
1119328 3.7
694847 3.6
8160 3.6
2259293 3.5
1591688 3.2
1272653 3.2
741652 4.1
711152 3.6
1919910 3.6
2159347 4.1
556810 3.6
1081034 3.7
128102 3.7
1495648 3.6
1350340 3.4
176444 3.5
2393225 4.0
45245 3.7
435218 3.5
49940 2.9
1248067 3.7
2047307 3.9
2100727 3.8
1920229 3.4
1785036 3.4
198160 3.6
1980785 3.6
2101318 3.6
2646342 3.7
1853663 3.8
666057 3.8
1272552 3.4
1378361 4.0
1972757 3.7
84093 3.8
1311521 4.0
1916537 3.4
917122 3.8
2155978 3.7
628964 4.0
2336196 3.5
620143 3.8
438978 3.5
2138598 3.0
1127800 3.4
777125 3.9
2303352 3.4
837891 3.9
2562143 3.8
2456384 3.9
2152314 3.3
337102 3.7
534178 4.1
1620132 3.7
1936189 3.3
964866 3.7
2264847 3.4
843611 3.8
829228 3.5
325206 3.6
2484379 3.6
2324876 3.8
2212307 3.6
1330158 3.4
2207491 2.9
1176775 4.0
2525347 3.5
1349272 3.4
1569526 3.7
1657353 3.7
1191171 3.7
443447 3.7
2202513 3.7
1024711 3.8
1734586 3.5
834124 3.8
406176 3.7
2136729 3.9
692308 3.4
1642811 4.0
1245644 3.2
1994163 4.1
2568998 3.6
193096 3.0
1746236 3.8
2022639 3.1
2290988 3.7
2331:
552183 3.9
1132550 3.7
382281 3.4
1432537 3.5
1233010 3.5
676741 3.1
1481102 3.3
758774 3.4
481326 3.5
772619 3.4
509754 3.7
1810322 3.0
2081380 3.5
720436 3.9
430088 3.8
2482283 3.7
292615 3.2
1475774 3.7
2568400 3.0
2247579 3.8
2056976 3.8
87333 3.7
1774332 3.6
324829 3.3
622835 3.3
2068727 3.6
1680845 3.5
201439 3.6
46529 3.7
849511 3.1
1009418 4.0
204663 3.7
2277570 3.5
149353 2.9
2331032 3.5
430600 3.5
380752 3.4
1580147 3.4
226632 4.0
2575962 4.0
2409553 3.5
1973088 3.7
174128 3.3
2339332 3.2
1830560 2.9
1589331 3.2
836701 3.6
1721378 3.3
400505 3.6
421492 3.5
2234263 3.2
2582247 3.2
1069088 2.7
312920 3.4
461561 3.6
1894300 3.4
2310672 3.7
1355300 3.0
1921786 4.1
612870 3.5
1355375 3.4
949893 3.7
1189650 3.3
1564326 3.6
1132200 3.1
2546057 3.5
2037454 3.1
2070904 3.0
2587253 3.4
226026 3.5
1679106 3.6
2332:
369430 3.6
900123 3.6
1022126 3.6
530893 3.5
2183737 4.4
699239 3.2
448594 3.6
1847533 3.8
545351 3.8
1241908 3.9
949077 3.6
1555503 3.8
1310782 3.2
555402 3.6
672583 3.7
1548706 3.5
18576 3.9
2617432 4.0
471774 3.5
192346 3.1
1047830 3.5
1549774 4.2
800617 3.7
1294041 3.7
995721 3.5
1192415 3.8
976979 3.0
1450558 3.6
2047147 3.5
2490744 3.7
764440 3.8
1015440 3.7
442151 3.4
1405323 3.3
1738666 3.8
2391243 3.9
2042132 3.4
2481992 3.3
147846 3.8
2475084 3.6
782316 3.6
1772740 3.5
1575860 3.9
664790 3.6
2260374 4.0
1994205 3.7
2639806 3.7
719645 4.2
602628 3.7
2120303 3.8
1740100 3.7
2041319 3.6
611758 3.9
1555426 4.5
1745173 3.1
1562023 4.0
2309420 3.6
1711497 4.0
1935517 3.5
1174324 3.3
990318 4.2
1933801 3.7
913572 3.6
1036278 4.1
528240 3.7
843398 3.8
1047623 3.9
2361867 3.5
1018515 4.2
1916602 3.8
2552970 3.8
1214759 3.2
2393468 3.5
1279198 3.9
1821132 3.7
1906710 4.1
2157302 3.6
1327633 4.2
1388478 3.6
414482 3.6
165254 3.4
542295 3.5
2408274 3.7
1287099 4.0
1103937 3.9
1870638 3.6
1592760 3.8
1425418 3.5
2298294 4.4
1295902 3.6
2479307 3.3
986093 3.2
2170989 4.2
1113266 4.1
1858890 4.6
2337228 3.5
66392 3.8
2348329 3.2
1922721 3.2
1493684 3.6
71733 3.8
1082930 4.2
2032031 3.8
248403 3.8
684590 2.9
274867 3.6
1237632 3.7
204921 3.6
940066 3.1
2445032 3.7
1510822 3.4
820543 3.9
1384362 3.9
2132060 4.0
1321788 3.6
1359776 3.7
467051 3.6
1863031 4.4
555248 4.0
197640 3.7
324154 3.8
1908891 3.6
2274465 3.7
846415 3.6
2538157 3.9
1056129 3.4
836224 4.0
2274807 3.4
1631513 3.9
793669 4.0
528772 3.6
13017 3.5
489741 3.8
2333:
1146509 2.7
1401862 2.9
2337795 2.2
174329 2.8
2087732 3.0
936428 2.9
414344 2.9
1425767 2.8
2317980 3.1
2050650 2.9
638314 2.5
972742 3.1
423507 2.6
789613 2.8
588724 2.7
1617051 2.9
711041 3.0
2334:
338945 2.8
2116932 2.9
1407688 3.3
882213 3.2
1475973 3.3
2335:
2132343 3.3
2079726 3.5
695937 3.9
666763 3.4
1001661 3.0
1354880 3.0
2113422 3.9
2368075 3.6
941320 3.4
1647899 3.5
RMSE: 0.97