9996:
4
3
3
4
4
3
0
2
0
3
4
3
4
3
3
2
1
4
3
9997:
4
4
2
4
9998:
2
3
4
9999:
0
9994:
2
3
3
4
4
9995:
3
3
3
2
3
3
3
3
1
3
3
3
3
2
3
3
3
3
2
3
2
2
4
3
2
3
3
4
3
3
4
4
3
5
3
3
2
3
3
3
3
4
5
4
3
3
3
3
2
2
3
4
2
3
3
3
2
4
3
4
3
3
3
4
2
3
5
3
3
4
2
3
2
3
4
3
4
3
4
3
2
2
3
4
3
4
4
3
5
9991:
4
4
3
3
3
4
3
3
3
3
3
3
4
4
3
3
4
3
4
4
4
3
3
4
4
3
4
3
4
3
4
3
4
4
3
4
3
3
4
2
4
3
4
4
2
5
4
5
4
3
4
3
3
4
2
4
5
3
3
3
9940:
3
3
4
4
2
5
5
5
5
3
3
3
4
4
4
4
4
3
3
2
3
3
3
5
5
5
3
4
4
1
3
4
5
3
4
5
5
4
2
5
4
4
4
5
2
5
4
5
4
4
5
1
4
3
3
3
3
3
4
2
1
2
3
5
3
3
2
3
5
3
4
5
4
4
3
4
3
5
5
5
4
3
3
3
3
4
4
4
3
5
2
4
5
3
4
5
4
4
5
9941:
3
2
4
9942:
1
0
1
1
1
1
9943:
3
3
2
10037:
3
3
3
3
3
4
4
3
3
4
3
3
4
3
10038:
4
3
2
3
3
3
4
3
10039:
1
1004:
2
2
2
2
3
3
2
4
2
3
3
3
2
2
3
2
3
3
2
2
3
2
2
1
2
2
3
3
2
3
3
10040:
3
2
3
10041:
3
3
3
3
3
3
1
3
0
2
0
3
3
3
3
3
3
3
3
0
3
2
3
2
3
3
2
2
3
2
3
10042:
6
5
4
6
5
6
6
5
6
6
5
3
6
6
4
6
6
6
6
5
6
6
5
6
5
6
5
4
6
5
6
6
6
6
6
5
5
5
6
5
6
2
5
4
5
5
5
5
6
5
5
6
6
3
5
5
6
6
5
6
5
6
4
5
4
3
4
6
6
5
6
4
5
5
4
6
6
5
6
5
4
6
4
6
5
5
6
6
4
5
4
6
6
6
6
6
6
4
6
5
6
6
5
6
6
6
5
5
5
5
5
5
4
6
6
5
5
5
6
6
5
5
5
6
6
5
4
5
5
5
5
5
5
4
5
5
6
6
5
6
5
6
5
6
6
5
6
4
4
4
5
4
5
6
6
5
6
5
6
6
4
5
4
6
6
6
5
5
6
5
5
6
4
5
6
5
5
6
6
5
5
6
6
5
6
6
5
4
5
5
5
3
5
5
6
5
5
5
5
6
4
6
2
6
6
2
6
6
5
5
6
5
5
6
5
5
6
5
5
5
5
6
6
6
5
5
5
5
6
5
6
6
6
5
6
6
5
5
5
4
6
6
6
6
6
5
6
6
4
6
5
5
6
5
6
4
4
5
6
4
5
4
4
6
4
6
6
5
5
6
6
5
6
6
4
6
5
5
5
5
6
6
6
5
6
5
5
6
4
5
4
6
6
6
5
4
4
5
6
5
5
6
5
5
5
6
6
5
6
5
5
5
6
4
6
5
6
3
5
5
6
5
5
5
6
6
5
5
6
6
6
6
6
6
6
5
6
6
5
4
6
6
6
6
5
6
5
6
4
5
5
5
6
4
4
5
5
6
6
5
5
5
6
4
5
6
6
5
5
6
5
6
5
5
4
6
4
4
6
4
5
6
6
6
5
4
5
4
6
6
5
6
5
4
5
5
6
4
5
6
4
4
4
6
5
5
6
6
4
6
5
4
4
5
5
5
5
5
5
4
5
5
6
5
5
4
5
6
6
6
4
5
4
5
6
4
6
4
4
5
6
6
5
5
6
6
5
5
5
4
5
6
6
6
6
6
4
4
6
5
5
6
6
6
6
6
5
3
6
5
4
5
4
6
6
5
5
6
3
4
5
6
6
5
6
4
6
5
5
5
6
6
6
6
5
6
3
5
5
6
3
4
6
5
4
5
5
6
4
5
6
5
5
6
6
6
6
6
4
4
5
5
5
5
6
6
5
4
6
6
6
5
6
5
6
4
5
5
6
6
6
6
6
5
6
6
5
6
5
6
4
6
6
2
5
6
5
5
3
6
6
4
5
5
5
4
6
5
6
4
6
2
6
5
6
6
6
3
5
5
5
4
5
6
4
5
5
6
6
6
6
5
4
5
5
5
5
5
5
6
6
5
6
5
4
5
2
5
6
6
4
5
4
6
5
4
5
6
4
6
4
4
5
6
6
5
4
4
5
5
6
4
5
4
5
5
6
6
6
4
4
6
5
6
6
5
6
5
5
6
4
6
6
5
6
6
6
6
5
5
5
6
6
6
3
5
5
6
5
5
6
4
5
5
6
5
5
5
4
6
6
6
6
5
5
4
6
6
6
4
5
6
6
5
6
4
5
6
6
5
5
3
4
6
6
4
5
5
5
4
4
4
5
6
5
6
5
6
6
5
5
6
5
5
4
4
5
5
5
6
6
5
4
4
4
4
5
6
6
4
6
4
5
6
5
6
6
5
6
6
4
3
5
5
4
5
10043:
5
5
5
5
5
5
4
4
5
5
3
5
4
5
4
4
5
4
5
5
5
4
5
10232:
1
3
10233:
2
3
2
4
4
10234:
4
3
2
2
2
3
3
3
3
3
10235:
3
0
10236:
3
4
3
4
3
3
4
3
3
4
3
3
4
3
3
4
2
3
2
3
3
3
4
3
10248:
3
10249:
2
3
2
2
1025:
3
4
2
2
2
2
2
3
3
2
4
4
3
3
2
2
3
3
2
2
3
3
10250:
4
2
3
3
4
3
3
4
10251:
4
4
3
4
4
5
5
4
5
5
3
4
5
5
5
4
3
5
5
5
3
4
5
5
4
4
4
5
5
2
4
4
5
3
5
3
4
5
5
5
10253:
1
2
4
0
2
2
3
3
3
3
4
2
4
4
2
2
3
2
4
3
3
3
2
3
3
2
4
3
2
1
2
2
3
3
2
3
2
3
4
1
4
3
2
3
3
3
1
4
3
3
3
2
2
3
10254:
4
4
3
4
4
3
2
5
4
5
4
4
3
4
4
5
3
4
5
3
5
3
5
3
4
4
2
4
5
5
5
5
5
5
4
4
4
5
3
3
4
4
2
5
3
5
1
5
4
5
4
5
3
5
4
3
3
4
4
4
5
5
4
5
4
4
5
5
4
4
3
4
10255:
4
4
5
4
5
4
5
3
3
3
5
4
4
5
4
5
4
4
4
5
4
5
5
3
5
5
4
3
4
5
3
5
3
4
4
5
5
3
4
4
5
5
4
5
3
4
5
5
5
5
4
1
5
4
4
4
4
4
4
3
5
5
4
4
5
4
3
3
3
5
4
4
4
4
4
4
5
5
4
5
4
4
5
5
3
5
4
3
5
5
5
5
4
5
4
4
4
4
2
5
5
4
5
2
5
4
5
5
5
2
3
1
5
10256:
3
2
3
5
5
3
5
5
2
10257:
3
3
3
3
4
3
2
10259:
3
4
4
4
4
4
4
4
4
2
5
3
3
4
4
4
4
4
4
4
3
3
3
5
4
3
4
3
5
3
3
4
4
2
5
4
4
4
4
4
1026:
4
4
3
4
4
4
3
3
4
1
3
2
4
4
3
4
5
3
3
3
3
3
3
4
4
4
4
2
4
5
4
2
4
4
3
4
4
3
5
4
4
4
4
3
3
3
3
3
4
4
5
3
1
3
4
3
3
3
4
3
3
3
4
5
4
4
3
3
3
5
3
3
5
5
3
4
4
3
3
3
3
2
3
4
3
5
4
4
4
3
3
5
3
4
3
5
4
5
3
5
4
4
3
3
10260:
3
3
10261:
2
2
3
3
3
3
2
10262:
3
3
3
10263:
3
2
2
2
3
10265:
4
4
4
3
3
3
3
10266:
3
4
3
2
3
4
10267:
3
3
4
3
4
4
5
4
10268:
3
3
4
2
3
2
10269:
3
1027:
5
3
4
3
3
3
3
5
3
4
3
4
3
5
4
3
5
4
3
4
3
4
3
4
3
3
4
4
5
4
5
3
4
3
4
4
4
3
3
2
5
4
3
3
4
4
4
4
4
5
2
3
3
3
3
2
4
4
3
4
2
3
3
4
4
3
5
4
3
4
3
4
3
3
3
3
2
3
4
4
4
3
3
3
4
3
4
5
4
3
4
3
5
4
5
3
4
2
4
4
4
4
3
3
4
4
4
2
2
4
3
5
4
3
3
2
3
4
4
4
3
3
3
4
3
3
4
3
4
4
4
4
4
4
2
3
3
4
5
4
4
3
3
4
4
4
3
3
4
3
3
3
3
4
5
4
4
4
4
4
4
2
3
3
4
3
3
4
4
4
3
4
3
4
4
3
3
4
3
3
3
3
3
3
4
4
4
2
3
5
4
3
4
4
4
4
4
4
4
5
3
3
4
4
4
4
3
4
4
4
3
4
3
3
4
3
4
3
4
4
4
4
3
RMSE: 0.83
