13:
4.1
4.7
4.4
26:
4.2
3.8
4.2
4.6
3.3
3.6
3.1
2.7
3.2
3.9
3.4
3.5
4.2
3.9
3.6
3.3
3.5
3.0
2.8
3.0
39:
3.0
2.8
3.7
1.7
1.5
3.6
2.7
2.6
3.8
2.9
52:
4.0
3.3
3.7
4.3
3.3
4.0
3.3
3.6
3.6
3.5
3.5
4.2
3.7
3.6
3.9
3.6
2.9
3.4
3.5
3.6
65:
2.7
3.2
3.5
78:
1.4
3.4
4.6
3.6
3.7
3.5
3.3
3.6
3.9
3.7
3.4
4.3
2.7
3.4
3.9
3.1
3.9
3.8
3.5
4.0
91:
4.8
3.0
4.8
3.8
4.0
3.3
3.8
4.2
3.9
3.9
4.2
4.0
97:
4.0
3.5
4.0
3.4
4.8
3.6
3.1
4.3
3.6
3.8
3.3
4.1
2.8
3.8
3.2
3.3
3.3
3.5
3.9
4.5
104:
3.8
3.9
4.7
3.8
3.9
4.2
3.3
3.7
4.3
3.8
4.7
4.7
3.3
3.9
4.7
3.3
3.9
3.8
3.0
3.8
117:
3.1
3.1
3.9
3.9
3.7
4.1
3.9
3.9
143:
4.4
3.4
4.4
3.0
3.6
3.3
4.0
3.5
3.4
3.9
4.3
4.0
4.4
3.7
3.1
3.2
3.6
4.0
3.2
3.2
156:
3.6
4.2
4.5
4.7
2.3
4.7
3.7
3.4
2.8
3.9
4.0
3.4
4.7
2.7
4.3
3.6
3.8
4.2
3.9
3.7
169:
4.1
3.7
3.8
182:
3.4
4.2
194:
3.8
3.0
3.9
4.6
3.6
195:
3.3
3.0
3.3
3.1
3.3
3.3
3.5
3.6
3.4
4.3
2.3
2.8
208:
4.4
3.1
3.9
1.5
2.3
4.3
3.9
4.7
2.3
4.7
3.5
4.7
2.3
3.6
4.7
3.9
3.9
221:
3.1
3.1
3.1
3.1
3.9
3.1
234:
3.0
247:
3.6
3.8
3.5
3.3
3.5
3.8
3.5
3.6
3.6
3.4
3.2
4.1
4.0
260:
4.6
4.6
1.4
273:
3.0
3.6
3.3
3.5
2.9
3.1
4.2
4.6
3.3
3.9
3.6
2.7
3.4
3.1
4.2
3.8
4.0
3.1
4.0
3.6
286:
3.0
3.0
291:
2.8
299:
3.6
3.3
3.1
4.2
3.3
3.5
3.3
2.9
3.4
4.3
3.3
3.9
3.5
3.4
3.1
4.7
3.6
3.3
3.9
3.6
312:
3.1
3.3
3.9
3.3
3.1
3.9
2.7
3.3
4.6
3.9
3.2
3.7
3.8
3.5
3.9
3.6
3.5
4.0
3.4
3.9
325:
3.6
4.3
4.0
3.7
4.3
3.3
3.8
3.1
4.0
4.8
3.5
3.5
4.1
3.1
3.7
4.8
4.4
3.4
3.5
3.6
338:
4.8
4.8
4.8
4.8
3.7
4.8
1.6
4.8
2.0
4.2
4.8
4.0
3.2
4.8
4.4
351:
2.5
4.2
3.0
364:
3.8
3.4
2.9
3.0
377:
2.1
388:
2.1
3.7
1.3
390:
2.1
2.9
3.7
4.5
4.5
2.9
3.4
4.0
4.5
2.1
2.9
2.1
1.3
3.7
1.3
2.9
2.9
1.3
2.9
3.7
403:
3.6
2.7
3.7
416:
2.0
3.1
3.1
3.2
2.2
3.4
3.3
4.0
3.0
1.4
3.3
3.7
3.3
3.7
3.2
2.5
3.3
3.9
3.2
3.0
429:
4.0
3.1
3.3
3.9
2.1
4.1
3.6
4.0
3.6
3.9
2.7
1.5
3.7
4.0
3.8
3.1
4.6
4.4
442:
3.2
4.8
3.1
4.5
3.2
4.1
3.4
4.0
4.1
3.7
4.3
3.8
3.7
4.4
4.8
3.2
4.4
3.2
3.8
3.8
455:
4.0
4.0
4.0
4.8
4.5
3.1
4.0
3.7
4.8
4.8
4.0
3.5
4.5
4.5
468:
3.5
3.4
3.2
3.9
4.1
3.4
3.3
4.4
3.8
3.0
3.7
3.8
4.1
4.4
3.2
3.4
3.6
3.4
3.5
3.3
481:
3.8
4.1
4.4
3.7
3.7
485:
4.7
3.1
3.4
4.3
3.9
3.1
3.6
2.9
3.1
3.1
3.1
2.9
494:
3.3
4.0
3.9
3.1
4.0
3.6
4.4
4.0
3.3
3.8
2.4
3.9
4.0
3.2
4.7
4.0
4.0
4.0
2.4
3.5
507:
3.1
4.5
3.5
3.3
3.1
3.1
3.1
3.9
3.9
3.9
3.9
3.9
3.9
3.1
3.1
3.1
2.5
4.5
3.8
3.4
520:
4.2
3.7
4.8
4.1
4.1
4.6
533:
3.1
4.0
3.0
4.6
3.8
3.1
3.4
3.0
3.5
3.0
3.4
3.4
3.5
4.2
3.0
3.9
3.4
4.6
4.4
3.9
546:
4.3
3.2
2.5
2.7
3.7
2.1
3.8
3.7
2.9
559:
1.5
572:
3.8
3.0
582:
4.1
4.2
2.9
3.7
2.4
3.6
3.3
3.8
3.6
3.5
4.6
2.2
2.2
4.6
585:
3.6
3.7
3.2
3.4
4.5
3.4
3.6
4.5
3.1
3.9
3.7
4.2
3.8
4.0
3.6
4.4
3.7
2.8
3.3
4.4
598:
4.7
3.1
3.9
3.1
3.9
4.7
611:
3.3
3.7
624:
4.7
3.2
4.1
3.5
4.4
3.8
3.0
2.4
3.6
3.2
3.9
2.8
3.9
3.9
3.2
2.5
3.7
2.3
3.3
4.3
637:
2.9
4.2
3.6
3.1
3.3
3.7
2.3
4.7
3.9
3.9
3.9
3.7
4.7
3.7
650:
2.1
3.7
3.7
3.6
2.8
663:
3.8
1.6
3.2
3.8
4.0
3.7
4.3
4.0
3.8
4.0
3.2
4.8
4.0
4.5
4.4
4.6
3.8
4.0
3.7
3.5
676:
4.6
3.2
3.8
3.9
3.3
3.7
4.3
4.2
3.2
3.4
3.0
4.0
3.5
3.8
4.5
4.0
3.7
679:
4.6
3.6
689:
4.7
3.5
3.8
4.3
3.4
3.1
3.8
3.9
3.3
2.8
3.2
3.4
4.1
3.2
3.7
4.1
3.7
2.7
3.0
2.7
702:
3.8
4.6
3.3
3.4
715:
2.3
4.3
3.7
3.1
3.9
4.7
1.5
4.5
3.9
3.9
4.2
4.6
3.0
3.1
3.9
3.5
3.7
728:
4.6
3.3
3.8
741:
3.1
3.1
4.5
3.4
3.9
3.9
3.9
3.5
3.3
754:
3.7
3.8
3.6
3.1
3.1
4.1
3.8
4.6
767:
3.0
3.4
3.1
3.6
3.6
3.5
776:
3.0
2.2
3.0
3.0
3.0
780:
3.6
4.4
4.0
3.2
793:
3.2
3.4
2.8
806:
2.3
4.7
4.4
3.1
3.1
2.9
4.0
4.7
3.9
2.7
3.3
3.1
3.9
2.3
3.1
4.7
2.3
4.7
819:
3.2
4.3
3.9
3.6
3.8
2.9
3.7
4.0
3.6
3.3
3.6
2.6
3.5
3.3
3.0
3.0
3.3
3.7
3.6
3.4
832:
3.2
3.8
3.9
3.0
3.9
3.6
3.8
3.1
4.1
3.2
3.8
3.6
4.8
4.8
4.4
3.7
4.0
3.8
4.5
3.9
845:
3.4
3.8
3.8
3.6
3.7
3.5
858:
3.3
3.8
4.4
2.6
3.0
871:
4.0
3.6
3.5
4.8
3.8
4.4
4.8
4.8
3.7
3.7
3.5
4.0
4.0
4.4
4.6
4.0
3.1
4.0
4.8
4.0
873:
3.5
2.1
3.2
2.9
3.8
2.1
3.4
3.0
1.3
3.5
3.5
3.7
3.3
2.1
2.9
3.4
2.5
3.2
2.9
1.4
884:
3.4
897:
3.0
3.3
4.1
3.0
3.3
3.5
2.6
3.4
3.2
2.7
3.6
2.7
3.1
3.4
2.9
2.8
4.0
3.4
3.4
3.2
910:
4.6
3.8
3.8
3.7
923:
2.7
3.9
3.3
936:
3.0
949:
2.3
2.0
3.5
3.7
3.5
4.3
4.7
3.5
2.8
3.3
3.4
3.9
2.3
3.0
3.4
962:
4.0
3.3
3.0
3.3
3.6
3.8
4.1
3.4
3.7
3.4
3.2
3.9
3.1
3.6
4.1
3.2
2.8
3.8
4.2
2.9
970:
3.4
3.6
3.2
3.6
3.6
3.8
975:
2.9
988:
4.0
2.4
4.8
4.8
3.2
3.3
3.2
4.0
4.8
2.4
4.8
3.2
4.8
4.0
1.6
3.6
4.8
4.8
3.2
4.0
1001:
4.3
3.8
3.3
3.5
3.9
4.4
3.3
3.1
3.7
3.7
4.0
3.1
3.3
3.6
3.2
3.1
3.8
4.7
4.0
3.5
1014:
3.4
4.2
3.4
3.0
1.4
3.2
2.6
4.2
3.4
2.2
3.0
2.8
3.4
3.2
3.2
2.3
3.9
4.1
2.7
3.6
1027:
3.6
2.3
4.4
3.9
3.5
3.9
4.1
3.5
3.9
4.0
3.6
3.9
4.5
4.7
3.2
4.4
3.9
4.7
4.3
3.9
1040:
3.9
2.9
4.0
3.9
3.8
3.7
3.8
3.5
4.4
3.3
3.5
4.1
4.3
1053:
3.3
1.3
1066:
3.2
2.4
4.8
3.6
3.9
4.0
4.8
3.6
3.2
3.2
4.0
3.6
4.5
4.8
3.3
4.0
4.8
3.6
3.4
4.0
1067:
4.7
3.1
3.9
3.9
2.3
2.3
3.1
4.7
3.9
2.3
2.8
1079:
4.1
2.3
3.6
2.8
1092:
4.7
3.4
3.9
4.3
4.3
3.5
2.8
4.3
3.7
3.6
3.3
3.9
3.9
4.0
2.3
3.6
2.7
4.0
3.7
2.7
1105:
4.2
3.4
3.4
3.8
3.4
3.8
4.1
3.8
2.2
3.2
3.4
4.3
4.1
4.2
4.4
4.4
1118:
4.8
3.7
4.4
4.0
4.4
4.0
4.0
4.8
3.7
4.8
4.8
3.2
4.8
2.4
2.5
3.4
3.6
3.5
4.0
4.8
1131:
4.4
3.2
1144:
4.0
4.8
4.8
4.0
4.5
2.4
4.3
2.8
4.0
4.8
3.2
4.4
3.2
4.8
3.5
4.8
3.8
4.8
3.2
3.2
1157:
1.7
2.2
3.1
4.1
3.0
2.2
1.4
1164:
3.4
2.2
4.3
3.8
3.0
3.0
3.0
3.3
3.0
3.8
3.8
3.0
1.4
1170:
3.7
3.3
3.5
3.9
3.7
3.5
1196:
3.7
3.7
4.4
3.6
3.5
1209:
2.6
3.0
1222:
4.8
4.0
4.4
4.0
4.0
3.2
4.4
4.0
4.0
3.2
4.8
3.5
2.0
2.9
4.8
3.2
4.2
4.6
3.7
4.1
1235:
2.9
1248:
3.0
3.3
3.5
3.0
3.4
3.4
3.9
2.2
3.5
3.4
1261:
4.1
4.2
3.2
3.4
2.9
3.5
3.3
3.4
3.4
3.0
3.4
1274:
3.8
3.9
2.3
3.9
3.9
3.9
4.2
3.7
3.6
3.8
3.9
3.0
3.6
3.9
3.2
3.9
3.9
3.5
2.9
4.0
1287:
3.4
3.8
1300:
4.0
4.1
4.8
3.6
4.0
3.6
4.8
4.8
4.4
4.0
4.2
4.1
4.3
4.0
4.3
4.8
3.8
4.0
4.8
4.0
1313:
3.7
3.0
3.7
3.7
3.3
3.2
4.2
4.5
3.3
3.6
1326:
3.9
2.7
3.0
4.7
1339:
4.6
1352:
3.3
3.0
3.2
2.8
3.6
3.0
2.9
3.2
3.4
3.8
2.8
4.0
4.4
3.2
3.4
4.0
4.2
3.1
3.4
4.2
1358:
4.1
3.8
2.7
3.9
3.9
2.5
3.8
1365:
3.5
3.8
3.1
3.0
3.5
3.4
3.2
3.0
3.3
3.0
3.1
3.1
2.9
2.2
2.2
1378:
3.0
1391:
1.5
1.5
3.9
2.3
3.9
4.1
3.3
4.7
3.1
1404:
3.8
3.0
1417:
3.5
1430:
1.3
1443:
4.0
4.8
4.5
3.4
4.4
4.1
4.8
4.8
1.6
4.1
3.6
2.8
3.8
3.7
4.8
4.8
4.4
4.4
3.2
4.8
1455:
3.7
3.1
3.8
2.9
3.7
3.0
3.7
3.3
3.4
3.7
4.3
3.6
3.7
3.8
2.9
2.7
3.6
2.2
3.0
3.2
1456:
3.0
2.9
2.8
1469:
2.8
3.8
3.1
2.9
1482:
4.1
3.2
3.5
3.9
3.5
3.8
3.5
3.8
3.2
3.1
3.0
3.5
4.3
3.0
3.5
3.5
3.3
2.3
4.7
3.7
1495:
3.9
4.0
3.5
3.7
4.5
4.2
4.4
3.4
4.2
3.6
4.3
4.0
3.6
3.5
4.5
3.0
3.0
4.9
4.0
3.6
1508:
3.4
4.8
4.8
4.8
3.7
3.8
1521:
3.9
3.9
3.9
4.7
3.5
3.7
3.9
3.9
3.1
3.1
4.7
4.7
2.7
3.5
2.3
3.9
4.3
3.9
4.4
3.8
1534:
4.1
3.9
4.4
1547:
2.9
4.6
4.8
3.2
3.2
4.0
4.0
4.8
4.8
4.0
4.0
3.7
2.4
4.8
4.8
4.8
3.6
4.0
4.0
4.0
1552:
1.5
4.7
3.9
3.8
4.7
3.5
3.8
1.5
3.5
2.3
4.7
3.9
4.7
3.7
3.8
4.7
4.7
4.7
3.4
4.2
1560:
3.5
3.5
3.4
3.6
2.9
4.0
4.6
3.7
2.9
1573:
3.8
3.1
3.3
3.8
2.9
2.6
1586:
3.8
4.6
4.6
1.4
3.8
3.0
3.0
2.2
1599:
4.4
3.5
3.9
3.7
4.1
3.1
4.7
3.5
3.2
3.6
4.1
4.3
4.7
3.9
3.9
4.7
4.7
3.6
3.9
3.5
1612:
3.3
3.0
3.8
2.2
2.6
1625:
3.7
4.0
3.9
3.6
4.8
3.6
3.9
3.8
4.3
4.0
4.8
4.8
4.4
3.9
4.0
4.8
3.9
3.5
3.2
3.6
1638:
2.3
3.9
3.9
4.0
3.8
3.9
2.3
2.3
3.9
3.9
2.3
3.9
3.7
2.3
4.2
1649:
2.9
2.9
1651:
3.8
1664:
4.3
3.6
4.8
4.0
4.0
4.0
3.7
3.7
3.3
4.5
3.3
3.5
3.5
3.5
4.5
3.8
4.0
3.4
3.5
3.4
1677:
4.1
1690:
3.1
1703:
3.6
3.2
3.6
3.4
3.7
4.2
2.9
4.0
4.0
4.4
4.0
3.6
3.9
4.8
2.6
4.4
3.2
3.6
4.0
3.0
1716:
3.8
1.4
1729:
3.2
3.4
3.7
4.4
3.3
1742:
3.9
3.5
3.5
3.6
3.6
3.7
3.9
1746:
3.1
3.9
3.7
4.3
3.3
4.5
3.9
3.4
4.3
4.0
3.1
4.0
3.4
4.3
3.9
3.9
2.7
3.2
3.6
4.3
1755:
2.6
2.9
1768:
3.4
3.5
3.8
2.7
3.9
3.6
3.7
4.0
3.3
3.0
3.8
4.4
3.5
3.8
3.2
4.3
3.2
3.8
4.3
3.9
1781:
4.0
3.0
2.6
3.1
3.5
3.1
3.3
3.6
3.6
3.6
3.4
3.0
3.5
3.6
4.6
1794:
4.2
3.2
3.9
3.4
4.1
4.1
3.3
3.9
4.4
3.7
3.4
3.7
3.7
3.7
4.3
2.9
3.5
3.8
3.0
3.9
1807:
2.7
3.2
3.2
2.9
3.4
3.6
3.2
3.0
2.8
2.6
3.4
1820:
3.0
2.9
3.5
3.8
3.8
1833:
3.5
3.2
3.2
3.5
3.5
3.9
3.6
3.2
3.2
2.9
4.3
3.1
3.4
3.5
4.0
3.3
3.1
3.5
3.4
3.4
1843:
3.8
3.4
4.1
4.6
3.2
4.2
2.2
3.4
4.6
3.7
3.8
3.0
4.2
3.4
3.6
3.4
3.4
3.8
4.0
3.6
1846:
4.5
1859:
3.9
3.5
1885:
3.3
3.5
2.8
3.3
3.5
3.3
4.0
3.2
3.6
3.3
4.2
3.6
3.9
4.0
1898:
3.8
3.0
3.4
1911:
3.4
3.9
3.9
3.9
3.7
3.8
3.6
3.8
4.1
4.7
4.7
4.4
3.5
4.7
3.9
1924:
3.2
1937:
3.0
3.0
2.6
2.8
3.1
3.2
2.4
3.0
3.7
1940:
4.2
3.5
3.2
3.1
3.1
2.7
4.7
1963:
3.1
3.2
2.6
3.0
3.9
3.5
2.9
2.6
3.4
2.7
3.1
3.3
3.7
3.4
3.8
2.8
3.8
RMSE: 0.84