10119:
3.62
3.31
2.72
3.24
2.85
3.79
3.59
2.48
3.54
3.57
4.07
3.19
3.92
2.58
4.47
4.31
3.46
3.15
3.48
3.01
3.45
3.65
4.12
3.17
3.60
3.55
4.19
3.20
3.41
3.79
3.56
3.24
3.58
3.68
3.89
3.45
3.01
4.05
2.98
3.71
3.55
3.67
3.23
3.59
3.34
2.86
2.90
3.65
3.82
4.15
4.10
3.32
3.17
3.81
2.69
3.50
3.59
3.68
3.35
3.47
3.29
4.02
3.05
3.65
3.06
4.31
3.07
3.83
3.45
3.78
3.97
3.28
4.09
3.57
3.85
3.92
3.55
4.09
3.92
3.81
4.00
3.89
3.61
3.17
3.80
4.28
3.39
3.99
3.61
3.55
4.06
3.22
3.33
3.38
3.41
3.31
3.28
3.42
3.51
2.20
3.56
3.63
3.32
4.28
4.05
3.28
2.72
3.32
3.31
4.23
3.41
3.29
3.75
3.34
3.03
2.87
3.57
2.98
3.21
2.68
3.89
3.44
3.87
3.58
3.81
3.54
2.59
3.41
3.56
1011:
3.59
3.68
3.74
3.79
3.46
3.62
3.75
3.84
4.01
3.96
3.61
3.74
3.77
3.46
3.50
3.36
3.66
3.44
3.50
3.11
3.64
3.54
4.16
3.44
3.80
3.67
3.48
3.57
3.01
4.10
3.91
3.93
2.58
3.79
3.79
3.10
3.61
3.84
3.91
3.58
3.88
3.65
3.46
4.05
4.00
4.17
4.19
3.25
3.96
2.81
3.61
4.00
3.87
3.93
4.04
2.92
3.20
3.47
3.23
3.40
2.97
3.72
2.98
3.46
3.62
3.64
4.02
3.92
2.99
3.30
3.67
3.60
3.66
3.58
3.83
3.85
4.04
4.18
3.84
3.76
3.72
3.72
3.70
3.03
3.11
3.69
3.92
4.00
3.13
3.65
3.57
3.35
3.69
4.11
3.98
3.30
3.90
3.71
4.21
3.68
3.38
4.03
3.36
2.92
3.83
3.48
3.40
3.87
3.86
3.64
2.56
3.48
3.93
2.86
3.89
3.41
3.58
10125:
3.60
3.42
4.50
3.98
4.01
3.38
3.46
3.85
3.35
3.76
3.70
4.50
4.06
3.92
3.66
3.32
4.03
3.21
3.94
4.27
3.84
4.05
3.39
3.67
3.98
3.57
4.16
3.89
4.36
3.91
3.74
10126:
3.49
3.71
3.53
3.44
3.37
3.38
3.74
3.75
3.05
3.61
3.24
3.32
3.98
3.23
3.97
3.16
4.18
3.81
3.42
3.52
3.65
3.90
3.52
3.32
3.67
3.40
3.32
3.68
3.22
3.10
3.75
3.46
3.50
4.00
4.50
3.38
3.83
3.93
3.35
3.18
3.91
3.76
3.36
4.15
3.43
4.33
4.04
3.49
3.52
4.21
3.49
3.39
3.76
4.49
3.88
3.42
3.69
3.59
3.90
4.15
3.95
3.42
3.54
3.75
3.71
3.73
3.64
4.03
3.82
3.24
3.45
3.44
3.07
3.39
3.41
3.99
3.53
3.79
3.94
10129:
3.28
3.41
3.63
3.94
3.34
3.63
10103:
4.50
3.63
3.35
3.67
3.75
3.65
4.45
3.92
3.90
3.05
4.02
3.57
3.56
3.95
4.05
3.73
3.87
4.41
3.61
3.86
4.14
3.71
3.68
3.76
3.97
4.02
3.67
3.76
3.77
3.36
3.24
3.37
3.62
3.66
3.14
3.78
3.47
3.73
3.81
3.61
4.06
4.19
3.63
3.70
3.82
3.85
3.77
4.25
3.74
3.82
3.32
3.31
3.31
3.63
3.84
3.65
3.68
3.11
3.67
3.72
3.49
3.61
3.52
3.53
3.83
3.46
3.93
3.87
3.67
4.16
3.93
3.61
4.18
3.90
3.24
3.38
4.05
4.02
10118:
3.54
3.12
10109:
3.75
3.89
3.21
3.55
3.46
3.44
3.47
2.75
3.19
3.13
4.08
3.44
3.29
3.65
10107:
3.32
3.74
3.74
2.99
3.52
3.62
3.65
3.59
3.10
3.62
3.19
1012:
2.81
3.69
3.46
4.41
3.28
3.34
3.83
3.46
3.77
2.28
3.53
3.70
3.42
4.41
2.82
3.44
3.75
3.48
2.91
4.23
3.44
3.77
3.64
3.57
3.68
4.38
3.48
2.92
4.32
4.17
4.33
3.33
3.51
3.75
3.83
4.50
4.16
3.08
3.98
3.30
3.43
3.89
3.92
4.21
3.72
3.85
3.45
3.73
3.82
4.09
4.32
3.56
3.42
3.66
4.05
3.30
4.01
4.16
4.21
4.53
3.54
4.03
3.02
3.79
4.46
3.27
4.27
3.92
2.68
3.93
3.52
3.31
3.98
2.99
3.90
3.56
3.46
4.14
3.44
4.16
3.66
3.89
3.84
3.82
4.07
4.31
3.77
3.81
4.50
3.43
3.88
3.82
4.42
4.34
3.26
3.29
3.66
3.50
3.72
3.35
3.77
3.92
3.90
3.40
3.62
3.91
3.38
3.08
3.97
4.32
3.40
3.82
3.67
3.45
3.64
3.29
3.41
4.10
3.96
3.75
3.95
4.28
3.36
3.68
2.98
4.25
3.69
4.00
4.05
3.50
2.80
3.31
4.19
3.50
2.82
3.83
3.55
4.35
4.23
3.59
3.27
3.53
3.40
3.50
3.21
4.15
3.54
3.45
4.24
3.85
3.78
3.94
3.62
4.39
3.98
4.42
3.06
4.04
4.17
3.45
3.43
4.03
2.80
3.67
4.10
4.33
4.25
4.32
3.97
4.00
3.36
3.97
3.53
3.76
2.66
3.43
4.35
3.51
4.31
3.90
4.17
4.28
4.26
3.77
4.45
4.20
3.76
3.87
4.20
3.59
4.13
3.00
3.91
4.23
4.10
3.53
4.08
3.91
4.12
2.68
3.72
3.75
3.36
3.28
3.42
4.13
4.27
2.66
4.23
4.04
3.28
3.69
3.27
4.06
3.58
4.03
3.36
3.88
4.12
3.05
4.16
3.98
2.94
3.58
4.36
3.76
4.21
4.30
2.93
3.55
3.95
4.53
3.88
2.98
4.37
3.35
3.75
4.27
3.83
3.52
3.36
3.81
3.99
3.03
4.04
3.84
4.18
3.59
2.88
4.19
3.34
3.88
3.31
4.40
3.85
3.50
3.80
3.37
4.39
3.28
3.44
3.84
3.25
3.78
4.35
4.41
3.55
4.07
3.69
3.90
4.35
3.90
3.25
4.05
4.16
3.46
4.29
3.45
3.08
4.26
10123:
3.45
3.15
3.59
3.51
3.64
3.68
3.06
3.57
4.10
3.95
3.46
3.25
3.26
3.15
3.13
4.36
3.47
3.34
3.68
3.99
3.22
3.90
2.87
3.57
3.25
3.60
3.67
3.52
3.88
3.62
3.78
3.87
3.14
3.26
3.64
3.86
3.10
3.05
3.41
3.86
3.87
3.55
3.83
3.67
4.40
3.11
3.48
3.86
4.42
3.54
3.69
3.75
4.05
3.92
2.44
3.57
3.09
2.98
3.87
3.11
4.09
4.07
3.99
3.96
3.51
3.10
3.15
3.15
3.71
3.53
3.26
3.72
3.93
3.03
4.15
3.88
3.85
3.89
3.60
3.85
3.64
3.49
3.31
3.89
3.80
3.52
3.77
4.23
3.73
3.48
3.68
3.76
3.66
3.30
3.52
3.86
4.37
3.66
3.40
3.54
3.42
3.17
4.01
3.29
3.66
2.82
3.98
3.59
3.22
3.66
3.29
3.50
3.43
3.47
4.16
3.99
3.60
3.79
2.96
3.38
3.45
3.59
3.54
4.11
3.75
3.10
3.71
3.72
3.59
4.07
3.85
3.65
3.80
4.12
3.24
3.26
3.87
3.16
3.76
3.61
3.64
3.66
3.17
4.00
3.88
3.75
3.74
3.82
3.73
2.54
3.18
3.47
3.57
3.20
4.37
3.57
3.33
3.39
3.65
4.04
3.65
4.04
3.35
3.74
2.95
3.64
3.68
3.84
4.24
3.36
3.42
3.72
2.88
3.93
3.28
3.38
3.49
4.08
3.62
3.51
3.84
3.59
3.71
3.37
4.00
3.87
3.37
3.81
3.83
3.74
3.41
3.59
3.72
3.44
3.11
4.23
3.60
2.84
3.82
4.34
3.55
3.65
3.18
3.49
3.76
3.01
3.14
3.71
3.69
3.87
3.82
3.61
3.75
3.24
3.38
3.07
3.05
3.66
4.06
3.79
3.04
3.63
3.56
4.04
3.44
3.39
3.62
3.38
3.66
3.78
4.27
3.73
3.82
3.42
4.15
3.44
3.68
3.49
3.72
3.32
3.40
2.95
4.17
3.59
3.40
3.31
3.64
3.98
3.56
3.73
3.85
3.10
10122:
3.92
2.69
3.64
3.58
3.73
10116:
3.86
3.99
3.40
3.49
3.00
3.89
3.24
3.22
3.94
3.32
3.51
10121:
3.93
4.51
4.42
3.66
4.30
4.25
4.03
4.06
4.16
4.23
3.77
4.57
3.31
3.82
3.63
3.64
3.41
3.75
3.89
3.99
4.18
3.73
3.78
3.88
10105:
3.35
3.53
3.42
3.03
3.40
3.43
3.64
3.56
3.42
4.21
3.26
4.31
3.39
2.89
3.55
3.35
3.14
3.54
3.45
3.52
4.02
3.12
3.52
4.10
3.85
3.69
3.25
3.93
3.31
3.70
3.84
3.79
3.06
4.06
3.95
3.49
3.66
3.71
3.85
3.76
3.68
3.33
3.71
3.69
3.45
3.29
3.63
3.42
3.81
3.54
3.73
3.78
3.75
3.18
3.58
3.53
3.38
3.04
3.67
3.05
2.97
2.50
3.38
3.67
4.07
3.62
4.48
3.53
3.64
3.68
3.12
2.83
3.72
3.48
3.56
3.46
3.85
3.59
10111:
3.78
4.24
3.55
4.12
3.15
3.11
3.51
3.55
2.77
3.85
3.95
3.58
1013:
3.33
3.93
3.76
4.14
3.64
4.12
3.95
3.22
4.14
3.33
3.13
4.05
3.46
3.47
3.62
3.43
3.72
3.29
3.32
3.39
3.79
3.65
3.84
3.90
3.59
10120:
3.59
3.45
4.12
3.19
3.74
10115:
2.73
3.86
2.80
10114:
3.62
3.44
3.67
3.20
3.16
3.39
3.23
3.73
3.37
3.56
3.59
3.79
3.24
3.50
3.61
3.36
3.56
3.78
3.27
3.53
3.06
2.96
2.72
3.97
3.25
3.57
3.45
3.35
3.11
2.75
3.60
3.17
3.30
3.27
3.28
2.84
3.22
3.44
3.13
3.76
3.20
3.79
3.71
3.47
3.54
2.82
3.09
4.12
3.36
3.15
2.95
3.36
3.63
3.31
3.83
3.07
3.41
3.76
3.47
3.33
3.19
3.63
3.43
3.38
3.06
3.74
3.15
3.42
3.34
3.14
3.90
3.58
3.55
3.29
3.76
3.25
3.09
3.45
3.38
3.41
3.33
3.62
3.48
3.25
3.65
3.55
3.22
3.28
3.38
3.91
3.30
3.57
3.43
3.24
3.25
3.37
2.56
3.05
3.54
3.70
3.47
3.36
4.17
3.33
3.25
3.35
3.08
4.06
3.53
3.42
3.37
3.52
3.68
3.11
3.97
3.02
3.26
3.70
3.78
3.49
3.62
3.41
3.54
3.43
3.31
3.08
3.09
3.28
3.89
3.48
2.92
3.27
3.28
3.18
3.34
3.45
3.44
3.81
3.82
3.11
2.96
3.17
3.53
3.63
3.29
3.31
3.84
2.95
3.41
3.32
3.33
2.86
3.01
3.27
3.03
2.68
3.36
3.09
3.06
2.98
2.72
3.90
3.04
3.87
3.13
3.36
4.35
3.22
3.57
3.48
3.32
3.55
3.39
3.40
3.32
3.10
3.64
3.09
3.50
3.86
3.26
2.49
3.77
3.09
3.40
3.35
3.28
3.17
3.27
3.24
3.72
4.00
3.58
3.74
3.29
3.40
2.97
3.71
3.47
3.20
3.30
3.67
3.32
2.97
3.61
3.54
3.37
3.46
3.35
4.00
3.77
3.35
3.41
3.15
3.77
2.66
2.76
3.65
3.30
3.70
3.23
3.12
3.57
3.99
3.12
3.45
3.18
3.10
3.60
3.36
2.85
3.33
3.02
3.57
3.39
4.11
3.55
3.54
2.49
3.47
4.03
3.25
3.42
3.58
3.40
3.31
3.61
3.88
3.14
3.18
3.27
3.33
2.91
3.27
3.49
3.50
3.24
3.09
3.52
3.93
2.99
3.66
3.12
3.50
3.58
3.47
2.99
3.28
3.36
3.18
3.28
3.41
3.67
3.32
2.45
2.63
2.59
2.85
3.03
3.37
3.65
3.38
3.67
2.91
3.52
3.52
2.98
3.19
3.36
3.94
3.30
3.03
3.10
2.89
2.20
3.28
3.43
3.73
3.24
3.82
3.61
3.43
3.83
3.76
3.47
3.78
3.31
3.14
3.10
3.41
3.40
3.11
3.83
3.14
3.69
3.51
3.63
3.19
3.23
3.92
3.19
4.21
3.56
3.81
3.09
3.29
3.53
3.72
3.18
3.39
3.37
3.60
3.32
3.70
3.50
3.76
3.33
3.18
3.23
3.56
3.40
3.18
3.39
3.63
3.69
3.59
3.10
3.09
2.41
3.71
3.60
3.56
3.36
2.89
3.20
3.39
3.40
2.80
3.63
3.14
3.49
3.44
2.94
3.17
3.29
3.08
3.55
2.54
3.81
3.62
3.37
3.84
3.23
3.37
3.50
3.26
3.24
3.77
3.22
3.28
3.79
3.77
2.71
2.90
3.55
3.85
2.87
4.16
3.05
2.97
3.83
3.33
2.99
3.13
3.15
3.78
3.42
2.99
3.23
3.65
2.99
2.30
3.38
3.25
3.38
3.21
3.13
3.22
3.58
3.41
3.51
2.91
3.33
3.47
3.21
3.20
3.35
3.62
3.42
3.42
3.57
3.13
4.22
3.43
3.28
3.62
3.22
3.49
3.59
3.19
3.18
3.30
2.86
3.08
2.60
3.50
3.37
3.50
2.96
3.47
3.20
3.49
2.96
3.50
3.19
3.70
3.78
3.77
3.41
3.48
2.26
2.99
2.98
3.55
3.34
3.70
3.16
3.11
3.39
3.28
2.74
3.32
3.27
3.72
2.89
3.38
3.69
3.03
3.67
3.87
3.39
3.57
3.27
3.67
4.01
3.36
2.87
3.45
3.04
3.91
3.63
3.51
3.32
3.42
3.37
3.43
2.93
3.40
3.10
3.28
3.40
3.10
3.48
3.10
4.12
3.77
2.97
2.70
3.26
3.54
3.36
3.64
2.87
3.88
3.34
3.46
3.71
3.64
2.99
2.69
3.52
3.90
4.01
2.37
3.44
3.92
3.80
3.57
3.23
3.82
3.61
3.42
3.33
3.37
3.63
3.20
3.51
3.35
3.67
2.69
2.96
4.18
3.92
3.05
3.76
3.04
3.24
3.32
3.22
3.69
2.93
3.19
3.22
3.76
3.44
3.41
3.11
3.24
3.03
2.47
3.12
3.62
3.30
3.48
3.19
3.19
2.97
3.51
3.49
3.21
3.50
3.49
3.46
3.00
3.40
3.60
3.70
3.23
3.10
3.49
2.92
3.31
3.93
3.34
2.64
10113:
3.32
3.63
3.91
3.75
3.49
3.09
3.16
10106:
3.18
3.75
3.25
3.87
3.32
2.95
4.31
10127:
2.43
3.61
3.84
10108:
2.90
2.65
2.84
10128:
3.32
3.63
3.07
3.39
3.61
3.82
3.01
3.20
4.08
3.92
3.54
3.01
3.42
10117:
3.92
2.98
3.84
3.83
3.30
3.36
3.74
3.99
3.78
3.73
3.20
3.16
3.63
3.64
3.63
3.46
3.46
3.59
3.33
3.69
3.44
3.85
4.38
3.77
4.02
3.44
3.55
3.66
3.94
4.35
3.85
3.59
3.83
3.17
4.01
4.23
3.14
3.14
3.64
3.73
3.75
4.08
4.19
3.73
3.86
3.52
3.88
3.67
3.90
3.83
3.59
4.18
3.70
3.44
3.43
3.57
3.84
3.73
3.51
3.56
4.23
3.06
3.56
3.87
3.42
3.82
3.23
3.01
3.89
3.92
3.52
4.08
3.79
3.84
3.92
3.59
10130:
3.87
3.65
4.03
3.62
3.21
3.14
3.55
3.30
3.43
3.29
3.28
3.31
4.02
3.85
4.13
3.41
2.86
3.78
3.97
3.22
3.81
3.63
3.53
3.89
3.08
3.29
3.22
3.68
3.80
4.05
3.39
3.77
4.17
3.46
3.46
3.59
3.43
3.92
3.21
3.56
3.33
3.82
3.81
3.93
3.91
2.99
3.59
3.34
3.84
3.50
3.47
3.35
3.86
3.24
3.49
3.80
3.53
3.81
4.23
2.79
3.99
3.73
3.13
3.48
3.25
3.63
3.81
3.91
3.23
4.28
3.88
3.37
10110:
2.95
3.27
10104:
3.73
10112:
3.64
3.85
4.12
3.75
4.16
3.38
3.87
3.67
3.37
4.13
4.16
3.49
4.10
4.11
3.62
3.77
3.49
3.87
3.74
4.28
4.08
4.21
3.93
3.44
3.35
10124:
2.38
3.18
3.10
3.32
3.85
3.55
2.76
3.39
3.14
3.22
2.85
2.91
3.62
2.79
3.86
2.78
3.10
2.81
3.38
3.63
3.26
2.64
RMSE: 0.91