10111:
4.1
5.0
4.2
5.0
3.3
2.5
3.5
4.5
1.5
4.5
5.0
4.5
10112:
4.4
4.6
5.0
4.5
5.0
3.9
4.6
4.6
4.2
5.0
5.0
3.9
5.0
5.0
4.3
4.9
4.1
4.8
4.7
5.0
4.9
5.0
5.0
4.2
4.3
10113:
3.6
3.9
4.2
4.5
3.7
3.4
3.4
10114:
3.8
4.0
3.9
3.6
3.2
3.9
3.1
4.0
3.6
3.9
4.2
4.0
3.0
3.6
4.0
3.9
3.7
4.3
3.5
3.9
3.4
3.3
2.6
4.8
3.5
3.6
3.7
3.4
3.6
2.6
3.7
3.1
3.3
3.7
3.4
2.8
3.3
3.4
3.2
4.3
3.2
4.1
4.2
3.6
3.7
2.9
3.0
4.5
3.4
3.3
2.7
3.6
4.1
3.2
4.3
3.2
3.4
3.8
4.1
3.4
3.3
3.7
3.5
3.4
2.9
5.0
3.3
3.6
3.3
3.5
4.5
4.0
3.9
3.4
4.5
3.3
2.8
3.5
4.1
3.8
3.6
4.0
3.7
3.2
4.1
3.9
3.1
3.1
3.7
4.2
3.5
3.6
3.7
3.4
3.3
3.8
2.5
3.3
3.7
4.0
3.4
3.5
5.0
3.5
3.2
3.5
3.5
5.0
3.4
3.9
3.5
3.7
3.8
3.1
4.7
2.8
3.8
4.0
4.1
3.7
3.7
3.6
4.2
3.9
3.2
3.0
3.1
3.4
4.1
3.8
3.4
3.5
3.4
3.1
3.6
3.4
3.7
4.0
4.3
3.1
2.7
3.2
3.7
4.3
3.2
3.5
5.0
2.8
3.6
3.6
3.2
2.9
2.7
3.2
3.3
2.7
3.5
3.2
3.2
3.0
2.6
4.4
2.8
4.4
3.2
3.4
5.0
3.1
4.1
3.5
3.3
3.6
3.5
3.8
3.6
3.1
4.3
3.0
3.9
4.3
3.2
1.5
4.1
3.0
3.6
3.5
2.8
3.0
3.2
3.4
4.5
4.5
3.9
4.1
3.1
3.6
3.2
4.0
3.5
3.0
3.2
4.3
3.8
2.9
4.5
4.0
3.4
3.4
3.6
4.1
4.0
3.5
4.3
3.1
4.3
2.3
2.6
4.2
3.4
3.9
3.5
2.7
3.9
4.3
2.9
3.7
3.2
3.0
3.7
3.4
2.8
3.3
3.3
3.9
3.6
4.9
3.6
4.0
2.2
3.5
4.8
3.6
3.6
3.8
3.5
3.4
3.9
4.6
3.2
2.9
3.6
3.3
3.0
3.4
3.6
3.7
3.4
3.2
4.2
4.2
2.6
3.6
3.0
3.6
4.0
3.5
2.5
3.4
3.5
3.3
2.9
3.8
4.1
3.4
1.8
2.2
2.4
2.5
3.1
3.6
4.0
3.5
4.1
2.8
4.2
3.9
2.8
3.4
3.6
4.1
3.5
3.3
3.2
3.0
2.5
3.4
3.8
4.2
2.9
4.4
4.3
3.5
4.1
3.9
3.6
4.3
3.5
3.0
3.2
3.3
3.6
3.5
4.5
3.3
4.0
3.7
4.1
3.3
3.2
5.0
3.1
4.9
3.8
3.9
3.1
3.4
4.5
4.2
3.3
3.4
3.6
3.8
3.7
3.8
3.6
4.4
3.7
3.2
3.8
3.9
3.1
3.2
3.3
3.9
3.8
3.9
2.9
3.4
2.4
4.1
4.2
3.9
3.5
2.9
3.3
4.5
3.3
3.2
3.8
3.1
4.1
3.8
2.2
3.2
3.3
3.4
3.8
2.5
3.9
5.0
3.5
4.2
3.5
3.9
3.6
3.4
3.7
4.4
3.5
3.7
4.2
4.4
2.5
2.9
4.5
4.8
2.8
5.0
3.0
2.9
4.3
3.6
2.7
3.0
3.2
4.3
3.6
3.1
3.5
4.4
2.8
2.0
3.3
3.5
3.3
2.9
2.7
4.3
3.7
3.5
3.7
3.0
3.2
3.5
3.3
3.1
3.5
4.0
3.7
3.4
3.8
3.2
4.9
3.2
3.4
3.8
3.4
3.5
3.7
3.6
3.2
4.5
3.0
3.4
2.2
3.8
4.5
3.8
3.3
3.4
3.6
3.6
3.0
3.7
3.1
3.9
4.4
4.4
3.4
3.9
2.0
2.9
3.1
2.9
3.5
4.1
3.3
2.8
4.3
3.7
2.7
3.5
3.2
4.3
3.0
3.4
4.1
3.6
3.8
5.0
4.5
3.7
3.1
3.8
4.6
3.6
2.6
3.6
3.1
4.3
4.0
3.7
3.6
3.8
3.5
3.8
2.7
3.5
3.6
3.7
3.5
3.1
3.7
3.0
4.6
4.3
2.5
2.7
3.5
3.9
3.8
3.9
3.1
4.0
3.6
3.5
4.2
3.9
2.5
2.3
3.9
4.7
4.8
1.5
3.8
4.3
4.2
3.8
3.2
4.1
3.9
3.5
3.4
3.4
4.2
3.4
3.9
3.5
4.4
2.4
2.9
5.0
4.8
3.0
4.1
2.8
3.5
4.5
3.4
4.2
2.8
3.3
3.3
4.7
3.7
3.8
3.2
3.5
3.5
2.4
3.0
4.1
3.3
3.8
3.1
3.3
1.9
3.7
3.7
3.2
3.8
3.6
3.8
2.9
4.5
4.5
4.2
3.4
3.1
3.7
2.7
3.5
4.1
3.2
2.5
10115:
1.9
5.0
2.6
10116:
4.4
4.7
3.8
3.8
3.0
4.4
3.5
3.5
4.9
3.5
3.6
10117:
4.5
2.5
4.5
4.4
3.6
3.9
4.5
4.6
4.5
4.1
3.3
3.5
4.3
4.7
4.1
3.4
3.9
3.5
3.7
4.0
4.5
4.4
5.0
4.5
5.0
4.0
4.5
4.5
4.8
5.0
4.5
4.1
4.6
3.2
4.5
5.0
2.5
2.5
4.2
4.8
4.5
5.0
5.0
4.5
4.5
3.5
4.5
4.5
5.0
4.5
4.4
5.0
4.5
3.3
4.2
4.4
4.5
4.5
3.9
3.8
5.0
2.5
3.5
4.5
3.8
4.4
3.4
2.4
4.7
4.5
4.2
4.8
4.5
4.4
4.5
3.9
10118:
3.9
2.8
10119:
3.9
3.3
1.5
3.5
2.5
4.1
3.7
1.5
4.5
4.5
4.8
3.5
4.5
1.5
5.0
5.0
4.5
2.5
3.3
2.3
3.5
4.3
5.0
2.5
4.0
3.5
5.0
3.5
3.3
4.5
3.5
3.5
4.0
4.2
4.8
3.5
2.8
5.0
2.5
4.3
3.5
4.0
3.1
4.5
3.5
2.8
2.2
4.5
4.2
4.8
5.0
3.4
2.5
4.5
1.5
3.9
4.1
4.3
3.5
3.5
3.5
4.5
2.4
4.0
3.3
5.0
3.2
4.5
3.8
4.5
4.8
3.8
5.0
4.0
4.5
4.5
4.2
5.0
4.5
4.6
5.0
4.5
4.1
2.8
4.5
5.0
3.5
4.4
4.0
3.5
4.8
2.5
3.3
3.5
3.6
3.5
3.2
3.5
4.5
1.5
4.5
4.5
3.5
5.0
5.0
3.2
1.5
3.5
3.5
5.0
3.4
3.5
4.2
3.2
2.5
2.4
4.5
2.9
3.2
1.5
5.0
3.5
4.5
3.9
4.5
4.5
1.5
3.6
4.5
1012:
1.5
4.3
3.5
5.0
3.5
3.5
4.5
4.0
4.5
1.3
3.5
4.3
3.5
5.0
2.5
3.5
4.2
3.5
2.5
5.0
3.5
4.5
3.5
3.8
4.3
5.0
3.5
2.5
5.0
5.0
5.0
3.5
3.5
4.5
4.3
5.0
5.0
2.3
4.5
3.4
3.8
4.5
4.5
5.0
4.3
4.3
3.8
4.5
3.8
5.0
5.0
3.6
4.1
3.5
5.0
3.5
4.8
5.0
5.0
5.0
3.5
4.8
2.5
4.5
5.0
3.5
5.0
4.5
1.5
4.5
3.6
3.5
4.5
2.3
4.3
3.5
3.5
5.0
3.5
5.0
3.5
4.5
4.3
4.5
5.0
5.0
4.3
4.5
5.0
3.5
4.7
4.5
5.0
5.0
3.5
3.5
4.5
3.5
4.6
3.5
4.5
5.0
4.3
3.5
3.3
4.3
3.5
2.5
4.5
5.0
3.5
5.0
4.5
3.8
4.5
3.5
3.8
4.8
4.5
4.5
4.8
5.0
3.5
3.5
1.5
5.0
3.8
5.0
4.9
3.5
2.5
3.5
5.0
3.3
1.5
4.5
3.8
5.0
5.0
3.7
3.5
3.5
3.5
3.5
3.5
4.8
4.1
3.5
5.0
4.5
4.3
4.4
4.3
5.0
4.5
5.0
2.5
5.0
4.8
3.5
3.5
4.5
1.5
4.3
5.0
5.0
5.0
5.0
4.5
4.8
3.5
4.5
3.5
4.5
1.5
3.2
5.0
4.5
5.0
4.5
5.0
5.0
5.0
4.3
5.0
5.0
4.3
4.5
5.0
3.8
5.0
2.5
4.8
5.0
5.0
3.5
5.0
4.3
5.0
2.5
4.3
4.0
3.5
3.5
3.5
5.0
5.0
1.5
4.8
5.0
3.5
4.3
3.5
4.4
4.5
4.5
3.3
4.5
5.0
2.5
5.0
5.0
2.5
3.8
5.0
4.2
5.0
5.0
2.5
3.5
4.3
5.0
4.5
2.8
5.0
3.5
4.3
5.0
4.5
3.8
2.5
4.5
4.8
3.5
5.0
4.5
5.0
4.5
2.5
5.0
3.5
4.3
2.5
5.0
4.5
3.5
4.5
3.5
5.0
3.3
3.5
4.5
2.8
4.5
5.0
5.0
3.5
5.0
3.8
4.5
5.0
4.3
3.3
4.3
5.0
3.5
5.0
3.4
2.5
5.0
10120:
4.5
4.5
5.0
3.5
4.1
10121:
4.7
5.0
5.0
4.3
5.0
5.0
5.0
5.0
5.0
5.0
4.2
5.0
3.9
4.8
4.1
4.6
4.2
4.6
4.6
4.7
5.0
4.4
4.6
4.8
10122:
5.0
2.4
4.0
3.8
4.5
10123:
3.6
3.5
3.9
3.6
4.1
3.9
3.4
4.5
4.8
4.5
3.6
3.1
3.5
3.3
3.2
5.0
3.8
3.5
4.3
4.5
3.2
4.3
2.9
4.5
3.2
3.9
4.2
4.5
4.7
4.0
4.5
4.7
2.7
3.6
4.1
4.5
3.4
2.9
3.3
4.2
4.5
4.0
4.2
4.7
5.0
3.5
3.7
4.7
5.0
4.0
4.2
4.2
4.9
4.4
1.5
3.6
3.5
2.4
4.5
2.7
5.0
4.9
4.6
4.6
3.6
3.1
2.7
2.9
4.1
4.5
3.0
4.1
4.3
2.5
5.0
4.7
4.3
4.7
4.6
4.5
3.9
3.8
3.3
4.5
4.2
3.9
4.2
5.0
4.4
3.9
4.5
4.3
3.7
3.2
3.8
5.0
5.0
4.5
3.3
3.6
3.6
3.5
4.7
3.6
4.2
2.8
4.9
3.9
3.3
4.2
3.2
3.5
4.0
3.8
5.0
4.7
3.9
4.1
2.7
3.5
3.7
3.9
3.9
4.7
4.1
3.1
3.9
4.5
3.9
4.7
4.2
3.9
4.5
4.6
3.5
3.3
4.9
3.2
4.3
4.0
4.1
4.0
3.2
4.6
4.3
4.1
4.5
4.2
4.1
2.3
3.2
3.7
3.8
3.4
5.0
4.0
3.6
3.6
3.8
4.7
4.5
4.6
3.4
4.1
2.7
4.1
4.1
4.3
5.0
3.5
3.4
4.1
3.0
4.7
3.3
3.6
3.8
4.9
4.2
3.6
4.5
3.9
4.4
3.3
4.7
4.4
3.6
4.4
4.2
4.5
3.4
3.8
4.4
3.5
3.5
4.7
3.8
2.6
4.4
5.0
3.8
4.5
3.3
3.9
4.5
2.7
3.5
3.9
4.4
5.0
4.6
4.5
4.2
3.4
3.6
3.3
2.4
4.0
5.0
4.2
2.5
3.9
5.0
5.0
3.6
3.6
3.9
3.4
4.0
4.3
5.0
4.2
4.2
3.5
5.0
3.8
4.0
3.8
4.5
3.5
3.8
2.7
5.0
3.7
3.6
3.4
4.5
4.2
4.1
4.2
4.2
3.2
10124:
2.2
2.9
2.8
3.0
4.3
3.7
2.5
3.6
2.9
3.1
2.6
2.9
3.7
2.5
4.3
2.2
3.0
2.6
3.6
3.7
3.3
1.9
10125:
3.6
4.2
5.0
4.5
4.8
3.5
3.8
4.5
3.5
3.9
4.2
5.0
4.9
4.5
3.8
3.1
5.0
3.5
4.5
4.8
3.5
5.0
3.5
4.1
4.2
4.1
5.0
4.6
5.0
4.5
4.3
10126:
3.2
4.5
4.1
3.5
10156:
3.3
3.2
3.7
3.1
3.2
3.6
3.2
2.8
3.6
3.2
3.4
3.1
3.3
3.5
10157:
4.5
4.0
3.7
4.5
4.3
4.5
4.5
5.0
5.0
5.0
3.3
4.5
5.0
3.9
4.5
5.0
4.5
4.8
4.2
2.9
3.7
4.5
4.5
3.8
3.9
4.5
4.5
4.1
4.8
4.2
3.7
4.3
4.9
4.2
4.4
3.9
4.3
3.6
4.7
4.0
4.4
10158:
4.7
4.3
3.5
3.7
4.9
3.5
5.0
4.1
4.4
3.8
3.9
4.5
5.0
4.2
4.9
4.5
3.4
4.9
4.5
4.3
4.3
3.3
5.0
3.5
4.1
4.4
4.0
4.9
3.6
4.5
3.8
4.7
4.5
5.0
4.3
4.5
5.0
4.6
4.4
5.0
4.0
5.0
4.1
4.1
5.0
4.1
5.0
5.0
5.0
5.0
5.0
5.0
2.8
1.5
4.5
3.7
4.2
4.3
3.5
4.0
4.7
4.8
5.0
3.8
5.0
4.5
4.3
4.1
5.0
4.0
1.5
3.2
4.5
4.2
3.3
5.0
3.6
5.0
3.7
4.0
3.5
3.9
3.5
5.0
3.5
4.8
3.4
4.7
5.0
3.5
4.5
5.0
5.0
3.9
4.6
5.0
4.2
5.0
4.4
3.9
4.5
5.0
4.5
3.5
4.0
4.2
3.3
4.5
4.0
5.0
4.2
3.5
3.9
4.3
3.8
5.0
4.3
2.4
3.4
4.0
4.5
3.6
3.3
4.5
4.4
4.5
5.0
10159:
4.5
4.2
5.0
4.5
4.7
5.0
5.0
5.0
3.5
5.0
3.9
5.0
3.8
4.1
4.2
3.4
4.5
3.5
5.0
5.0
3.9
5.0
5.0
4.9
5.0
4.4
4.1
5.0
2.5
5.0
3.6
4.1
3.5
3.5
5.0
4.5
3.9
5.0
5.0
4.5
4.5
5.0
4.5
3.5
4.5
4.5
3.5
4.5
4.4
3.6
4.5
1016:
1.5
10160:
5.0
4.1
10161:
3.5
3.9
4.4
4.9
4.1
10162:
4.5
4.2
5.0
5.0
5.0
4.5
4.6
4.5
3.3
3.9
4.5
4.5
4.5
4.5
3.9
4.5
4.2
5.0
4.4
5.0
2.5
4.5
4.7
5.0
4.5
4.5
4.9
4.7
3.2
3.9
4.4
4.5
4.5
4.5
5.0
4.5
5.0
4.5
3.4
4.4
4.5
5.0
4.5
4.9
5.0
4.5
4.7
4.5
3.5
4.7
5.0
4.5
4.7
5.0
5.0
5.0
5.0
5.0
3.5
3.7
4.9
5.0
4.5
4.5
5.0
4.0
5.0
5.0
4.3
4.6
5.0
5.0
5.0
5.0
4.5
4.6
4.5
4.9
3.5
5.0
3.5
5.0
4.8
4.5
4.5
4.2
4.6
4.5
RMSE: 0.88
