9725:
3.05
2.60
3.45
9726:
3.02
3.72
3.44
9727:
2.73
3.15
3.48
9728:
3.96
3.77
3.69
9729:
3.10
2.91
3.41
973:
3.97
3.29
4.04
9730:
2.71
2.90
2.36
9731:
3.84
3.24
2.88
9732:
2.81
9733:
3.55
3.42
4.31
9734:
2.58
3.94
3.61
9735:
3.00
3.19
3.86
9736:
3.87
3.13
3.00
9737:
3.04
3.69
9738:
3.51
3.48
3.09
9739:
3.13
974:
3.42
2.26
3.43
9740:
3.06
3.17
3.18
9741:
3.04
3.40
2.45
9742:
2.97
2.87
2.73
9743:
3.44
4.71
3.85
9744:
2.68
1.24
1.57
9745:
2.65
3.23
2.49
9746:
2.49
2.74
2.36
9747:
3.49
3.41
3.94
9748:
1.73
9749:
3.59
4.02
975:
1.46
9750:
2.51
1.81
2.39
9751:
3.58
2.85
9752:
3.11
2.91
3.00
9753:
2.26
2.68
1.90
9754:
3.03
9755:
2.61
9756:
4.05
3.77
3.41
9757:
4.21
3.42
4.42
9758:
1.64
2.59
2.82
9759:
3.51
3.42
3.79
976:
3.48
3.93
3.94
9760:
3.80
3.84
3.64
9761:
3.81
2.55
3.36
9762:
3.35
3.42
3.53
9763:
3.50
2.78
2.78
9764:
1.21
3.72
2.86
9765:
4.41
3.67
9766:
4.44
4.65
3.92
9767:
3.35
3.93
3.79
9768:
3.42
3.64
3.95
9769:
2.31
2.89
977:
3.39
3.04
2.62
9770:
2.28
3.76
9771:
4.67
4.02
3.88
9772:
3.13
2.48
2.37
9774:
3.29
3.37
2.84
9776:
2.39
2.77
2.87
9777:
3.39
2.44
3.98
9778:
2.98
3.35
2.91
9779:
3.46
3.82
4.06
978:
2.67
3.13
2.70
9780:
2.31
3.29
3.15
9781:
1.99
9782:
2.79
9784:
3.78
3.69
3.44
9785:
2.94
3.10
3.25
9786:
3.97
4.19
3.86
9787:
3.39
3.73
3.29
9788:
3.56
3.53
3.47
9789:
2.98
2.98
3.08
979:
3.36
2.41
9790:
3.09
3.03
9791:
2.71
2.98
3.11
9792:
2.79
2.96
3.41
9793:
3.31
2.29
2.44
9794:
3.82
3.88
2.67
9795:
2.77
3.91
3.34
9796:
2.45
2.91
3.23
9797:
3.37
2.10
3.56
9798:
3.17
4.50
3.55
98:
3.83
3.97
4.26
980:
3.72
4.04
3.64
9800:
2.90
4.17
3.27
9801:
3.19
3.83
2.94
9802:
3.28
3.46
3.70
9804:
3.25
2.27
9805:
3.84
3.67
3.34
9806:
3.79
2.58
2.85
9807:
3.13
9808:
3.21
3.81
3.42
9809:
3.44
4.58
4.25
981:
2.34
2.23
2.32
9811:
3.43
3.16
4.04
9812:
4.07
3.65
2.35
9813:
3.61
3.08
4.23
9814:
3.64
3.28
3.27
9815:
3.64
2.73
4.01
9816:
2.79
2.99
2.12
9817:
3.10
3.45
2.77
9818:
3.43
3.30
3.75
9819:
3.85
4.31
4.25
982:
4.02
4.30
3.44
9820:
3.89
3.42
2.73
9821:
2.78
2.26
2.04
9822:
2.42
9823:
3.93
3.99
3.99
9824:
3.02
3.54
3.61
9825:
3.84
2.48
4.32
9826:
3.67
4.01
3.84
9827:
2.48
2.91
2.69
9828:
4.05
4.11
4.36
9829:
3.10
3.70
4.20
983:
2.04
2.10
2.09
9830:
3.72
9831:
3.27
3.36
4.25
9832:
2.16
2.56
2.83
9833:
3.38
3.62
4.03
9834:
3.63
2.18
2.74
9835:
3.39
4.06
3.60
9836:
3.67
4.61
4.32
9837:
3.32
2.59
3.24
9838:
2.26
2.20
4.05
9839:
1.96
2.18
2.23
984:
3.08
3.53
2.93
9840:
4.21
9841:
2.93
3.66
2.35
9842:
4.06
2.06
2.39
9843:
3.36
4.14
3.70
9844:
3.84
3.66
3.47
9845:
2.71
3.74
3.25
9846:
3.14
2.92
3.49
9847:
3.37
2.47
3.29
9848:
5.35
4.26
3.62
9849:
3.94
3.14
2.28
985:
3.73
3.55
2.83
9850:
3.06
3.18
2.73
9851:
3.80
2.70
2.96
9852:
2.42
2.57
3.24
9853:
2.28
2.63
1.94
9854:
3.63
9855:
1.94
0.96
2.65
9856:
3.72
1.77
3.52
9857:
3.19
3.03
2.67
9858:
2.57
2.40
2.52
9859:
2.10
2.24
3.25
986:
3.41
4.28
2.92
9860:
1.47
2.09
1.44
9861:
3.40
2.50
3.21
9862:
2.55
3.86
3.37
9863:
2.59
3.50
3.63
9864:
4.52
4.88
4.13
9865:
3.01
3.09
3.09
9866:
3.72
3.65
3.10
9867:
3.70
3.13
3.94
9868:
4.06
3.94
3.90
9869:
2.41
2.58
3.03
987:
2.92
3.06
3.35
9870:
3.48
2.40
1.88
9873:
2.70
2.87
1.92
9874:
2.94
3.30
2.55
9875:
2.79
2.50
2.75
9876:
2.73
1.92
3.00
9877:
3.16
3.33
3.20
9878:
2.63
2.73
3.28
9879:
3.15
2.19
2.27
988:
3.27
4.53
3.59
9880:
2.07
1.55
2.78
9881:
2.62
1.59
1.93
9882:
4.65
4.12
4.50
9883:
2.86
9884:
4.34
3.72
3.02
9885:
2.85
3.16
9886:
3.33
3.60
4.30
9888:
3.61
3.16
3.83
9889:
1.66
2.85
989:
2.80
2.61
2.51
9890:
2.98
3.45
3.69
9892:
3.58
3.94
3.26
9893:
2.86
3.24
3.48
9894:
2.22
9896:
0.85
3.12
2.81
9897:
1.72
2.26
9898:
2.81
2.41
2.29
9899:
2.88
2.67
3.28
990:
3.40
2.74
3.22
9900:
3.06
2.95
2.64
9901:
4.47
3.80
3.49
9902:
3.73
3.85
3.80
9903:
2.56
2.51
2.50
9905:
3.32
3.64
4.00
9906:
1.32
9907:
3.17
2.69
3.10
9908:
3.86
4.67
4.05
9909:
4.67
4.48
4.59
991:
3.78
3.47
3.34
9910:
2.37
4.27
2.98
9911:
2.80
3.49
2.71
9912:
1.46
2.35
2.45
9913:
3.47
4.24
3.44
9914:
3.15
2.58
9915:
2.06
2.42
2.13
9916:
3.75
2.42
2.83
9917:
1.96
2.11
1.67
9918:
3.37
9919:
3.46
992:
4.18
3.88
3.85
9920:
2.96
9921:
2.88
3.20
3.23
9922:
4.27
4.22
4.05
9923:
3.31
4.23
3.35
9924:
3.35
9925:
3.79
2.93
3.07
9926:
3.22
2.94
2.93
9929:
3.95
4.45
4.18
993:
2.71
3.99
3.37
9930:
1.97
9932:
2.17
9934:
1.64
9935:
4.73
4.14
3.65
9936:
3.65
2.74
3.03
9937:
3.58
3.10
4.48
9938:
2.71
3.65
3.36
9939:
3.14
3.97
2.77
994:
3.22
2.86
3.46
9940:
3.63
3.36
3.78
9941:
3.55
3.35
4.00
9942:
1.59
0.93
1.18
9943:
3.44
3.50
2.09
9945:
3.73
3.56
3.36
9946:
3.84
3.78
4.06
9947:
3.95
3.65
4.27
9948:
2.69
1.26
3.21
9949:
4.46
3.30
2.98
995:
1.59
2.20
1.84
9950:
3.64
2.93
2.94
9951:
2.93
3.18
4.47
9952:
2.97
3.65
3.34
9953:
3.59
9954:
3.21
4.26
3.59
9955:
3.25
3.03
2.25
9956:
3.43
9957:
3.13
2.97
2.41
9958:
2.78
4.18
3.82
9959:
3.54
4.20
3.46
996:
4.63
3.09
4.56
9960:
4.06
4.13
4.22
9961:
4.63
4.13
3.40
9962:
1.85
3.21
2.97
9963:
2.90
3.39
2.39
9964:
3.44
3.40
3.81
9965:
3.74
3.73
3.26
9966:
3.93
4.08
3.85
9967:
3.29
2.27
9968:
3.18
4.22
9969:
2.38
2.54
997:
3.71
3.40
3.04
9970:
3.92
3.92
3.13
9971:
2.66
3.65
3.81
9972:
2.99
2.81
2.57
9974:
3.37
2.65
3.12
9975:
1.90
0.80
2.41
9976:
4.09
3.41
3.17
9977:
3.58
3.41
2.71
9978:
2.48
2.74
2.65
9979:
4.19
4.25
4.06
998:
3.79
3.72
2.49
9980:
2.86
4.17
3.17
9981:
3.32
4.95
3.13
9982:
3.30
2.98
3.30
9983:
3.67
3.70
3.55
9984:
3.66
3.73
4.25
9985:
2.80
3.33
3.86
9986:
3.27
3.94
3.63
9987:
3.53
2.87
3.19
9988:
3.94
3.54
3.15
9989:
2.27
2.49
2.45
999:
2.55
2.65
2.32
9990:
4.52
3.19
3.07
9991:
3.53
3.69
3.57
9992:
1.60
1.69
9993:
5.29
4.21
3.36
9994:
3.44
3.06
3.49
9995:
3.26
3.20
3.11
9996:
4.12
2.99
2.90
9997:
3.64
3.81
3.74
9998:
2.73
2.97
3.59
9999:
1.20
RMSE: 0.99
