16773:
3.1
3.5
3.6
3.6
3.3
3.1
3.5
3.9
3.6
3.7
7133:
3.5
3.9
3.6
3.7
3.7
3.6
3.5
3.4
3.8
3.5
3.2
3.8
3.9
4.1
3.5
3.3
3.8
3.8
3.8
4.1
4.1
4.0
3.7
3111:
2.8
2.5
2.9
3.5
2.9
3.1
2.7
3.1
3.0
2.7
3.2
2.9
3.0
2.9
2.8
3.1
2.7
2.8
2.9
3.1
3.3
14994:
3.3
3.6
3.7
2.8
3.0
3.1
14340:
4.1
5140:
3.3
3.1
3.6
3.2
2.6
3.2
3.0
3.6
2.9
3.2
3.1
3.5
3.6
3.2
3.2
3.1
3.5
2.7
5748:
3.6
16078:
3.7
3.6
2.6
4.0
4.3
3.9
3.3
9959:
3.6
3.1
3.7
3.2
3.1
3.0
2.9
3.3
3.1
3.5
3.1
2.7
3.4
3.3
3.4
3.9
3.1
3.5
3.1
3.2
3.5
3.6
3.5
3.3
3.1
3.7
3.0
3.3
3.8
3.2
3.2
3.0
3.3
3.2
3.5
3.6
3.8
3.5
3.5
3.1
4.1
3.1
4.1
3.1
2.4
4.0
3.5
3.5
3.9
3.4
16637:
2.7
3.6
3.5
3.3
3.2
9162:
3.1
2138:
3.6
3.3
3.2
5703:
3.4
4.1
3.6
13260:
2.7
15882:
2.7
2.9
3.5
3.4
2.7
2.6
2.7
9299:
3.4
14628:
3.0
3.1
12704:
3.7
3.2
4.0
2.6
3.9
4.1
3.8
4.1
3.7
3.6
3.1
3.1
3.5
4.1
3.6
3.4
3.5
3.6
3.3
3.6
3.3
3.6
2.9
3.2
3.1
3.5
3.4
3.8
3.2
2.1
3.9
3.4
1244:
2.7
2.8
2.9
2.7
2.5
3.2
2.8
3.5
1737:
3.6
3.4
3.6
3.5
3.7
3.2
3.6
1534:
3.6
3.6
2.6
4.1
3.5
4.1
8884:
3.2
3.2
2.6
3.3
3.0
3.0
3.2
2.8
3.1
3.2
2.9
3.4
3.5
3.1
3.0
3.0
2.8
3.1
8800:
2.9
10064:
3.3
2.6
3.0
7910:
3.1
3.3
3.5
3.1
3.3
3.4
3.7
3.6
3.0
3.9
3.2
3.5
4.0
3.6
3.7
3.4
4.1
3.5
3.2
3.7
3.1
3.6
3.9
3.3
3.7
3.1
3.7
3.8
3.5
3.2
3.6
3.6
3.3
3.8
3.4
910:
4.1
4321:
3.0
3599:
3.1
4.0
3.1
12492:
3.4
3.6
3.6
3.6
3.8
3.2
3.1
3.6
4.1
3.6
3.5
3.6
3.1
2.8
3611:
3.4
2.9
3.1
3.5
3.1
3.5
3.3
2.5
3.1
3.4
3.4
2.9
3.5
3.6
3.6
3.4
3.1
3.5
3.2
2.6
3.5
3.6
3.6
3.5
3.0
3.2
3.3
3.6
3.1
2.7
3.3
2.9
2.6
3.4
3.1
3.4
11554:
3.5
2.7
3.6
15452:
3.5
3.5
3.6
8956:
3.1
3.5
11911:
3.5
3.4
3.9
3.1
2.9
3.0
3.7
3.5
3.4
3.4
3.0
3.5
3.4
3.7
3.1
3.5
3.3
3.4
3.4
3.9
3.4
3.6
3.5
3.4
3.2
3.9
3.5
3.2
3.4
3.3
3.8
3.3
3.4
3.6
4.1
3.7
3.3
3.5
3.6
3.5
3.2
3.7
3.4
3.4
3.2
3.9
2.6
3.5
3.4
3.1
3.5
2.6
3.5
3.5
3.6
3.2
3.5
3.3
3.2
3.0
3.3
3.7
3.6
3.5
3.4
3.4
3.8
3.2
3.5
3.7
3.1
3.4
3.2
3.4
3.5
3.9
3.5
3.7
3.6
3.6
3.1
3.4
3.4
3.1
3.1
3.8
3.3
3.2
3.2
3.1
3.6
2.1
3.0
3.6
3.8
3.6
3.4
2.9
3.4
3.7
3.3
3.3
3.1
3.5
3.7
3.6
3.3
3.5
3.5
3.2
3.1
3.6
3.4
3.0
3.6
3.1
3.6
3.6
3.2
3.2
3.5
3.3
3.5
4.1
3.5
3.7
3.3
3.4
3.1
3.1
3.3
3.6
3.5
3.3
3.5
3.6
3.6
3.3
3.2
3.3
3.8
3.3
3.3
3.5
3.4
3.4
3.7
3.6
3.3
3.4
3.5
3.6
3.4
3.6
3.5
3.3
2.8
3.6
3.6
3.7
3.2
3.5
3.4
3.4
3.2
3.5
3.2
3.5
3.7
3.3
3.4
3.8
3.4
3.2
3.5
3.5
3.6
3.4
3.5
3.4
3.3
3.2
3.1
3.7
3.6
3.3
3.3
2.9
3.8
3.5
3.4
3.7
3.0
3.5
3.4
3.4
3.0
3.2
3.8
3.3
3.3
3.2
3.5
3.9
3.6
3.6
3.5
3.0
3.4
2.8
3.6
3.3
3.5
3.5
3.0
3.2
3.8
3.2
3.2
2.6
4.0
3.6
3.4
3.3
3.3
3.5
3.7
3.7
3.4
3.9
3.7
3.5
3.4
3.4
3.7
3.4
3.5
3.2
3.2
3.0
3.8
3.3
3.3
3.7
3.3
3.7
3.1
3.3
3.2
3.2
3.6
3.3
3.8
3.2
3.1
3.3
3.5
3.4
3.3
3.4
3.9
3.6
3.2
3.7
3.6
3.5
3.3
3.0
3.6
3.3
3.5
3.4
3.6
3.3
3.4
3.2
3.1
3.2
3.2
3.3
3.3
3.1
3.0
3.3
3.2
3.4
3.1
3.2
3.6
3.5
3.4
3.6
3.6
3.3
3.9
2.9
3.5
3.7
3.0
3.3
3.3
3.3
3.4
3.7
3.4
3.4
3.3
3.2
4.0
3.2
3.4
3.6
3.2
3.3
3.3
3.3
3.1
3.6
3.6
3.1
3.7
3.7
3.2
3.7
3.1
3.5
3.0
3.7
3.5
3.7
3.8
3.8
3.5
3.4
3.4
3.6
4.1
3.3
3.3
3.5
3.5
3.5
3.4
3.4
3.5
3.5
3.5
3.5
3.6
3.4
3.1
3.1
3.4
3.5
3.4
3.5
3.1
3.4
3.6
3.4
3.5
3.6
3.8
3.1
3.3
3.3
3.1
3.0
3.4
3.6
3.6
3.6
3.3
3.3
3.5
3.8
3.0
3.4
3.3
3.0
3.2
3.8
3.1
3.4
3.4
3.2
3.0
3.7
3.0
3.2
3.2
2.9
3.4
3.8
3.0
2.7
3.3
3.1
3.6
3.7
3.7
4.1
3.4
3.1
2.6
3.5
3.5
3.2
3.6
3.4
3.5
3.1
3.2
3.3
3.7
3.7
3.6
3.4
3.3
3.4
3.1
3.4
3.2
3.2
3.5
3.3
3.3
3.5
3.4
3.2
3.1
3.4
3.2
3.3
3.7
3.3
3.1
3.4
3.2
3.3
3.1
3.8
3.4
3.6
4.0
3.5
3.4
3.6
3.2
3.3
3.5
3.9
3.3
2.2
3.6
3.3
3.4
3.3
3.4
3.2
3.3
3.7
3.5
3.3
3.1
3.5
2.9
3.5
3.6
3.5
3.5
3.4
3.7
3.2
3.7
3.2
3.4
3.6
3.5
3.3
3.7
3.4
3.5
3.6
3.4
3.8
3.3
3.0
3.2
3.7
4.2
3.5
3.3
3.2
3.1
3.5
3.7
3.1
3.2
3.7
3.2
3.4
3.3
3.4
2.8
3.5
3.9
3.6
3.7
3.1
3.1
3.5
3.5
3.4
2.9
15868:
3.8
3.6
3.6
3.1
3.6
2.6
3.6
3.6
4.1
3.1
3.1
3.6
3.6
3.6
3.6
3.8
3.1
4.1
3.1
4.1
3.1
3.8
3.1
11962:
2.9
2.8
3004:
2.8
3.5
3.2
4.1
2.6
3.3
3.0
3.5
2.9
3.6
3.2
3.1
2.7
32:
2.9
4.2
3.8
3.6
3.5
3.6
3.7
3.5
3.7
3.5
3.4
3.9
4.2
3.6
3.6
4.1
4.1
2.9
3.8
3.8
3.2
3.4
3.9
3.6
4.0
3.9
4.1
3.5
3.5
3.3
3.9
3.4
3.9
4.0
3.5
3.7
3.5
3.3
3.3
3.7
3.4
3.4
3.6
3.5
3.6
3.4
3.8
3.6
3.8
4.1
3.6
3.4
4.4
3.6
3.4
873:
3.0
2.4
3.0
2.9
2.8
3.4
3.1
2.7
3.1
2.8
2.6
2.1
3.2
3.2
3.1
2.9
2.9
3.1
3.3
3.1
3.0
3.0
3.0
2.9
2.6
3.0
3.0
3.0
3.1
2.8
3.1
3.4
1.9
7418:
2.9
2.9
2.7
2.8
3.4
2.7
2.9
2.4
10838:
2.8
3.2
2.8
15447:
3.4
2.9
3.2
3.3
3.3
2.9
3.1
3.2
12783:
3.7
3.7
3.1
13082:
3.5
3.1
3.6
4.1
3.6
3.4
3.6
4.0
3.9
3.1
4.1
4.1
3.6
4.1
3.4
3.1
3.6
3.6
4.1
3.8
3.6
2.6
3.8
4.2
4.1
3.6
3.6
3.8
3.6
3.1
4.1
2.9
3.8
3.6
4.1
3.1
3.6
3.5
3.6
4.1
3.6
4.1
3.5
4.1
3.8
4.1
3.6
4.1
3.1
3.6
3.6
4.1
4.1
3.3
3.8
3.4
4.1
3.8
3.1
3.9
RMSE: 0.96
