8256:
3.9
3.9
4.0
1139:
4.4
4.9
3.5
5.0
2.9
3.8
4.3
4.1
5.0
4.1
4.8
4.0
4.7
4.1
4.7
4.5
5.0
3.1
4.0
4.8
4.5
4.2
4.7
4.1
4.8
4.8
4.5
4.2
8739:
3.8
16903:
4.0
4.0
4.5
4.0
4.0
4.1
3.9
10604:
3.0
3.5
15709:
3.7
17021:
4.3
17375:
3.5
14122:
5.0
5.0
3.9
4.3
3.0
7269:
1.0
1037:
3.0
2.6
5.0
2.7
2.0
5.0
3.0
12633:
3.1
4.4
3.4
3.6
3.6
3.3
3.3
5.0
3.7
4.1
3.2
5.0
2122:
5.0
2.9
3.7
3.6
2.6
3.7
3.3
4.1
3.3
3.2
4.3
3.7
4.6
3.8
3.6
3.6
4.0
4.0
3.6
2.8
3.9
4.5
4.1
3.6
3.4
3.6
1.9
3.8
3.3
3.0
3.2
4.8
4.0
4.2
5.0
2.0
3.0
3.8
3.9
3.1
3.9
3.5
2.1
2.7
3.0
4.0
3.2
1.9
4.7
4.5
3.8
3.2
3.7
4.4
4.1
4.0
3.5
4.7
2.9
3.1
4.6
3.5
4.1
3.5
3.6
4.0
2.0
4.6
3.2
2.9
4.2
1.4
3.5
2.6
4.2
3.5
2.7
4.4
4.3
3.7
4.6
4.3
3.9
3.6
3.8
3.5
3.8
4.8
3.9
3.2
3.6
4.3
3.8
3.1
3.1
4.5
3.7
4.3
3.3
4.6
4.4
3.7
3.8
4.0
3.5
4.3
3.9
4.5
4.3
3.3
4.0
4.0
3.6
4.7
3.6
4.1
3.3
3.6
3.7
3.5
4.0
3.5
4.4
3.9
3.6
430:
3.7
4.6
4.5
4.0
5.0
4.0
3.9
4.4
3.7
4.0
4.9
4.0
3.6
4.6
4.6
4.1
4.7
3.0
4.6
3.6
3.6
4.5
4.7
4.3
3.9
4.8
4.1
4.2
4.8
8191:
4.3
2.8
3.9
4.0
4.4
4.2
4.0
4.6
4.2
3.9
5.0
4.5
4.8
4.2
4.7
4.4
4.6
5.0
4.5
4.5
3.8
4.0
3.4
2.6
4.2
5.0
3.9
3.9
4.0
3.6
9752:
4.2
3.0
3.7
2.8
9616:
4.0
1863:
3.1
3.1
12972:
1.5
16364:
5.0
8282:
4.6
4.0
3.9
3.9
637:
2.6
7120:
2.5
1.0
6279:
3.1
2.7
2.9
2.9
8046:
3.0
4.5
2.9
3.1
4.5
4.0
4.5
4.7
3.0
4.1
4.0
5.0
4.6
3.0
4.2
3.7
4.0
3.5
5.0
4.5
17481:
4.0
2.0
4.1
5.0
5415:
3.0
3.2
4.2
3.4
3.4
3.0
3.5
2.8
3.7
5.0
3.7
2.8
3.6
1056:
2.5
2.9
1356:
4.0
6114:
2.8
5.0
4.0
3.3
2.3
2.3
3.1
3.1
3.0
3.0
3.0
3.3
104:
5.0
5.0
3.1
3.8
4.0
5.0
2.4
3.8
4.0
3.9
9292:
3.9
4.0
3.8
2.6
3.7
3.7
5.0
4.3
4.4
6158:
3.0
3.1
4.0
3.7
3.1
3.2
3.9
4.1
3.4
3.0
3.4
3.7
3.8
3.5
3.0
2.9
3.5
3.5
3.5
2.5
3.7
3.7
3.9
4522:
5.0
3.5
4.0
3.3
4.3
3.9
3.4
4.0
1.0
3.0
2.9
2.8
4.3
4.5
4.3
3.0
4.0
4.1
3.7
3.6
4.4
3.7
3.9
2.7
4.2
4.6
5.0
4.4
3.6
2.3
3.5
4.8
3.8
4.1
4.3
3.8
4.0
4.0
4.6
5.0
9136:
3.3
3.9
3.2
3.1
4.1
2.6
3.3
3.4
4.2
2.8
3.8
3.1
3.0
3.8
3.8
3.1
2.9
3.5
4.0
4.1
4.5
3.6
3.7
3.1
3.8
3.0
3.9
1.6
3.2
4.1
3.7
3.8
4.0
3196:
3.6
3.2
2.1
12597:
4.0
17642:
4.3
3.8
5.0
4.1
4.0
12147:
4.0
12035:
4.8
4.6
4.3
4.4
4.2
3.6
3.8
4.6
4.5
4.3
4.4
4.7
4.0
5.0
3.9
4.0
4.1
4.6
4.0
5.0
4.1
4.4
4.5
4.7
4.7
4.0
4.7
3.4
4.6
4.7
5.0
4.6
4.4
3.3
5.0
4.8
5.0
4.4
4.3
4.2
4.8
5.0
4.2
4.0
3.4
4.5
4.1
4.5
5.0
4.3
4.1
4.5
4.9
3.6
4.6
5.0
4.0
5.0
4.8
4.9
4.1
4.1
4.7
3.9
4.9
4.8
11716:
3.7
3.9
6163:
3.0
4.0
3.0
8455:
1.4
16559:
4.0
3.1
1372:
4.3
2.8
4.2
3.7
3.4
2.8
3.6
15544:
4.4
3.5
3.2
3.9
3.3
3.3
3.2
3.5
3.4
289:
2.6
2.2
2.7
2.3
1.8
2.1
3.5
2.0
2.1
7483:
3.3
5.0
3.9
5.0
3.9
4.0
4.5
3.4
3.5
3.1
3.2
5.0
4.0
3.7
3.9
3.2
4.6
4.1
3.9
4.1
4.0
3.8
1.0
2.4
4.0
3.0
4.6
3.0
4.1
4.7
2.9
3.6
3.8
4.1
4.3
5.0
3.2
3.5
4.2
3.4
4.0
4.0
2.8
3.8
4.0
3.2
5.0
4.2
4.0
3.8
4.2
3.7
2.0
2.0
4.0
4.3
4.8
3.5
2.0
4.2
5.0
4.8
2.7
3.8
4.0
3.6
3.0
4.4
5.0
3.4
3.6
4.6
12815:
3.0
16292:
4.8
4.0
4.1
4.2
2494:
2.3
2.6
2.9
3.4
2.4
1.7
9878:
3.5
2.9
2.3
2.9
3.0
4.0
2.8
4.0
3.0
4.0
3.0
3.8
3.8
2.7
3.3
2.0
3.0
3.4
3.0
3.3
4.1
3.6
3.4
4.0
2.3
2.9
3.2
3.0
3.0
2.9
3.9
3.0
2.5
3.3
3.0
3.7
2.3
3.0
5080:
3.7
2.8
2.0
11202:
4.5
1290:
4.3
5.0
3.7
5.0
3.4
3.2
3.1
3.3
3.3
3.5
3.5
3.5
11982:
3.3
4.1
3.5
3.5
6154:
4.6
3.8
7010:
2.0
3.0
11326:
3.0
4.0
3.5
3.2
3.0
3.1
3.4
3.4
4.0
3.9
4.1
3.9
3.7
3.7
4.0
2.7
3.8
4.0
3.8
4.8
5063:
3.1
3.0
3.3
4.4
2.7
3.2
3.8
4.5
4.8
2.9
3.5
16210:
4.1
2.4
8989:
1.0
4.6
2.6
3.8
3.7
4.0
3.5
4.4
3.5
5.0
2.9
5.0
4.4
5.0
1.6
4.4
3.9
3.9
3.6
3.6
3.9
3.6
3.1
3.7
2.9
4.2
4.5
3.8
3.6
4.9
4568:
3.6
3.4
3.7
3.1
3.9
3.4
3.3
3.4
3.5
4.6
3.1
4.1
2.9
4.9
4.3
2.6
5854:
4.3
4.1
4.7
5.0
5.0
3.0
4.8
5.0
4.0
4.6
4.7
4.0
5.0
5.0
4.0
4.0
4.3
4.0
5.0
4.0
4.6
3.0
5.0
3.3
4.5
17319:
3.0
3.5
3.8
4.6
3.1
3.5
4.8
3.8
2.0
5.0
3.4
3.6
4.0
3.7
3.0
3.6
4.5
3.7
3.0
5.0
3.9
5.0
4.3
3.1
4.2
4.0
4.5
4.0
4.6
4.0
4.0
4.9
3.0
5.0
3.8
4.1
3.9
3.0
3.7
4.0
4.8
3.4
3.6
4.9
3.5
4.0
3.9
3.9
3.9
4.8
5.0
5.0
4.1
4.4
3.6
5.0
2.9
3.3
1.0
17190:
4.0
4.3
3.5
4.0
4.0
4.0
3.0
5.0
3.0
2.9
4.0
3.6
9599:
3.4
2.6
3.3
11483:
3.1
4.0
4.7
4.7
4.7
3.7
11070:
3.0
2.0
16229:
3.6
895:
4.0
3.8
4.0
4.4
4.9
4.2
5.0
3.8
5.0
3.3
3.7
3.9
3.9
4.0
4.0
4.4
3.0
4.0
4.0
4.2
5.0
4.0
2.9
4.0
3.8
2.8
5.0
4.6
2965:
5.0
4.6
4.8
2.0
4.9
5.0
2.8
4.0
3.0
4.0
4.4
2.0
5.0
5.0
4.0
4.0
4.0
4.0
4.0
2.7
5.0
3.3
4.0
3.0
4.9
5.0
3.9
3.7
4.8
3.0
1.0
5.0
2.8
3.0
2.0
4.2
4.9
5.0
4.5
4.4
5.0
4.8
4.2
3.0
1.0
4.0
5.0
4.0
3.5
4.6
4.0
5.0
3.0
5.0
5.0
3.8
4.9
4.0
5.0
3.6
3.0
3.9
4.0
1.0
4.6
5.0
5.0
2.8
3.0
1.5
4.2
2699:
3.2
3.4
3.5
3.2
4.1
3.8
3.4
4.2
3.9
3.2
4.2
2.8
2.8
3.4
4.3
3.8
4.8
3.4
3.8
3.3
3.9
3.1
2.9
3.4
3.2
3.5
3.3
3.0
3.8
3.0
2.9
3.9
3.9
3.6
3.0
2.5
3.4
3.6
2.5
4.7
3.3
2.9
3.7
3.6
3.5
3.0
4.4
3.6
3.6
4.0
4.1
3.9
3.9
3.4
3.8
3.1
3.4
4.2
2.9
2.6
4.0
4.0
3.2
3.1
2.2
3.7
5.0
4.1
3.1
3.8
3.2
2.6
3.5
3.5
2.9
4.0
3.3
2.8
2.9
3.2
4.0
2.3
3.3
3.6
3.6
3.0
3.0
3.5
3.4
2.7
4.7
3.9
3.2
3.8
4.7
3.3
3.7
1.7
2.9
4.1
2.4
4.3
3.7
3.6
3.9
4.5
3.6
3.8
3.1
3.5
3.1
4.0
3.4
2.5
3.5
2.7
3.1
3.8
3.9
3.2
3.6
2.8
4.3
2.8
4.2
3.9
3.0
3.7
3.5
3.6
3.6
3.5
3682:
4.0
16033:
3.8
3.7
3.1
4.7
3.6
2.9
3.4
3.0
2.6
10214:
3.2
2.6
3.0
3.2
3.4
3.5
3132:
2.4
3.8
3.0
2209:
3.8
3.0
5.0
5.0
1.0
3.7
5.0
4.5
4.6
3.7
5.0
3.0
3.0
3.9
5.0
2.0
3.0
4.0
3.0
4.0
3.7
4.0
3.0
5.0
4.0
3.0
5.0
4.0
4.0
4.0
4.0
3.7
4.0
4.1
5.0
5.0
1.0
4.0
3.0
4.0
3.1
4.1
2.0
1.0
3.4
1.0
4.0
5.0
5.0
5.0
5.0
4.0
3.0
5.0
5.0
4.0
3.9
5.0
5.0
1.0
3.0
3.0
5.0
4.0
1.0
4.0
3.3
4.0
2.0
5.0
4.0
3.7
4.6
4.0
3.0
4.6
3.4
3.0
3.5
1.0
5.0
4.0
4.0
3.0
2.8
1.0
3.0
4.0
4.0
5.0
4.0
4.6
3.0
5.0
4.0
5.0
5.0
5.0
4.0
5.0
4.1
3.0
5.0
5.0
4.0
1.0
5.0
3.0
5.0
5.0
3.6
4.0
3.4
3.4
5.0
1.0
3.7
5.0
4.3
3.0
5.0
3.8
4.0
5.0
5.0
5.0
4.5
4.0
3.0
3.0
4.2
3.0
5.0
3.0
4.0
4.6
5.0
3.0
5.0
4.0
5.0
3.6
5.0
5.0
5.0
4.0
3.7
3.0
2.7
5.0
4.0
2.0
4.1
5.0
3.6
4.4
5.0
3.4
5.0
4.2
4.0
3.0
5.0
5.0
5.0
5.0
5.0
3.0
4.0
3.4
3.0
4.0
2.0
5.0
3.4
5.0
5.0
3.7
2.0
4.6
3.0
5.0
3.5
5.0
5.0
1.0
5.0
4.4
3.0
3.0
3.1
2.0
4.0
1.0
2.0
3.3
3.0
4.6
3.0
4.0
4.1
4.0
4.0
3.0
5.0
4.0
3.0
4.0
4.2
3.0
5.0
3.7
5.0
3.8
4.0
5.0
1.0
4.0
3.0
1.0
3.1
4.0
3.0
1.9
5.0
5.0
3.0
4.0
3.0
3.7
3.0
3.6
3.9
4.0
5.0
4.1
3.0
3.4
3.0
4.4
5.0
5.0
2.0
4.0
5.0
3.0
3.0
5.0
4.3
4.0
3.6
5.0
4.0
3.0
4.0
4.6
3.0
3.8
3.5
2.8
5.0
5.0
4.0
3.0
3.0
4.0
1.0
4.1
2.0
3.0
3.0
3.0
5.0
3.0
4.0
4.1
13048:
3.4
3.5
3.3
3.2
4.2
4.0
5.0
2.2
8981:
4.5
3.1
2.9
2874:
4.0
3.5
4.1
3.5
3.5
3.6
3.1
4.4
3.9
4.6
4.2
3.2
4.2
3.8
3.8
4.1
4.3
3.5
3.5
3.2
4.2
3.5
3.6
3.7
3.0
3.0
3.1
3.8
2.8
4.3
3.3
3.5
3.7
4.0
2.6
3.4
4.3
3.6
3.9
3.4
3.9
4.5
3.1
5.0
4.3
4.3
2.8
3.1
4.0
3.1
3.3
4.0
3.5
3.7
3.9
3.7
3.4
3.1
3.4
3.9
3.1
4.1
4.7
3.9
4.0
3.6
3.6
3.3
4.0
3.3
3.4
3.6
3.6
4.2
4.1
3.1
4.2
3.4
3.6
3.6
3.0
3.3
3.5
3.5
3.5
2.7
3.3
3.4
3.4
3.3
3.7
3.6
2.6
3.8
3.8
3.7
4.5
4.3
2.9
3.7
4.0
4.2
3.8
4.8
4.4
3.5
3.6
4.6
3.0
3.1
3.4
3.9
3.7
3.3
4.4
3.3
3.7
3.0
3.0
3.7
4.0
4.3
4.0
4.9
3.7
2.9
3.9
3.3
2.2
3.5
2.5
3.3
4.6
3.6
3.3
3.3
3.5
2.7
3.7
3.4
3.0
4.3
3.6
4.5
3.5
3.4
3.8
3.2
4.7
2.7
3.7
4.0
3.0
3.0
3.7
2.8
4.0
3.1
3.6
3.4
3.5
3.8
4.1
4.3
2.8
2.8
3.2
3.5
3.5
3.3
3.0
3.9
2.9
4.0
3.8
4.7
3.7
2.8
3.8
4.6
3.9
3.8
3.3
3.6
2.9
3.5
3.9
3.2
3.5
4.0
3.6
3.4
3.5
3.2
2.7
3.4
3.0
3.8
3.1
3.1
3.6
3.5
3.9
3.6
2.9
3.2
3.4
2.1
3.8
3.1
3.5
3.1
4.2
3.2
3.7
4.0
3.8
3.1
3.4
3.4
3.6
4.2
3.3
3.6
4.2
3.9
3.3
3.6
3.2
3.6
3.8
3.4
3.7
3.6
3.3
3.3
1.9
3.6
3.6
4.5
3.8
5.0
3.4
3.5
3.5
3.1
4.1
4.7
3.7
3.7
4.1
2.8
3.8
4.1
3.3
3.5
3.8
4.2
3.7
3.4
4.0
3.5
3.7
4.3
2.5
3.6
3.4
1.9
3.3
3.8
3.9
4.7
3.3
2.7
3.5
2.4
3.0
4.1
3.6
3.0
3.1
4.1
2.7
4.0
5.0
4.0
3.9
4.9
3.7
4.6
3.6
2.5
4.6
3.9
4.0
3.3
3.1
4.5
3.6
3.4
3.3
4.5
4.0
3.6
4.1
4.0
4.3
4.1
4.0
1.8
2.3
3.5
4.5
5.0
3.4
3.0
2.7
3.8
3.5
3.4
3.8
4.0
2.0
4.3
3.0
3.4
3.6
4.2
5.0
3.3
2.0
4.0
3.4
4.4
2.9
4.2
4.1
3.3
2.9
2.7
3.7
2.3
3.6
3.1
3.3
3.4
2.5
2.6
4.1
4.1
3.6
3.9
3.8
3.0
3.9
3.6
3.3
3.2
3.3
4.1
3.0
4.0
4.0
3.4
3.5
3.7
4.0
3.3
3.5
3.4
3.9
3.5
3.4
3.0
4.3
4.5
3.7
3.4
3.1
2.7
2.9
4.0
4.7
3.3
3.2
4.3
3.7
4.0
3.5
3.5
3.1
3.3
3.3
3.9
2.3
2.7
3.1
4.3
3.7
3.1
3.3
4.5
3.4
4.0
3.6
3.1
3.6
3.7
4.0
3.4
4.5
4.0
4.4
4.5
3.5
4.1
3.3
2.9
4.1
3.9
4.1
5.0
3.4
3.5
3.8
3.8
3.9
3.9
4.2
3.2
3.6
3.2
2.8
4.3
5.0
3.5
4.2
3.5
4.4
4.1
2.9
3.8
3.1
4.4
3.2
3.8
4.1
3.0
5.0
3.2
3.8
2.4
3.6
2.6
3.6
3.8
3.6
3.1
4.4
3.2
3.1
2.3
3.1
3.5
3.1
3.2
3.1
3.6
2.6
4.3
2.9
2.9
3.9
3.8
3.4
3.6
3.5
3.7
4.0
3.7
3.7
3.4
3.1
4.0
3.0
4.1
4.6
3.1
3.8
3.7
3.3
3.5
3.6
3.0
4.5
3.3
4.1
1.0
3.4
4.0
RMSE: 0.76
