1:
3.4
2.9
3.8
4.6
5.0
3.6
4.0
3.7
3.2
3.5
10:
3.3
3.2
1000:
3.7
2.6
2.0
5.0
4.0
3.6
2.0
4.2
3.2
3.2
10000:
5.0
3.7
10001:
3.8
4.4
3.5
4.0
4.5
3.0
3.4
4.0
4.3
5.0
10002:
5.0
4.0
5.0
5.0
10003:
3.1
10004:
5.0
5.0
4.0
5.0
4.2
4.4
4.3
5.0
3.9
1.0
10005:
3.3
4.4
3.0
3.2
4.0
10006:
4.0
4.6
5.0
4.2
10007:
3.2
4.0
3.4
3.1
2.4
3.2
3.3
3.8
3.6
3.4
10008:
4.0
4.0
5.0
2.2
4.0
4.0
3.0
10009:
3.0
3.1
4.0
2.8
3.0
5.0
1001:
4.5
3.5
3.2
3.4
4.6
4.1
3.7
3.6
3.0
3.8
10010:
3.7
3.8
2.9
4.4
3.9
3.6
3.7
3.5
2.9
3.7
10011:
3.7
3.5
10012:
3.4
4.5
3.7
3.9
4.2
5.0
3.2
4.0
3.7
3.7
10013:
4.1
3.4
4.1
4.5
3.9
3.7
3.6
3.0
3.1
4.2
10014:
2.0
4.8
3.0
4.0
3.0
10015:
3.5
4.0
4.0
3.5
3.9
5.0
5.0
3.0
4.3
4.0
10016:
3.3
2.6
3.0
3.1
4.1
10017:
4.0
2.0
3.0
10018:
3.5
4.0
4.0
3.0
4.0
3.0
3.4
3.8
3.0
4.0
10019:
3.2
3.0
4.0
2.0
3.6
4.7
4.0
2.7
5.0
3.5
1002:
3.4
3.4
3.5
3.6
3.2
4.0
3.5
2.4
3.6
3.6
10020:
3.2
3.7
3.6
4.3
2.3
3.2
3.5
4.0
4.1
4.4
10021:
3.4
3.0
4.0
1.0
10022:
2.5
3.9
3.2
3.3
4.5
3.1
3.0
2.8
10023:
3.5
4.0
4.0
5.0
4.8
3.8
3.2
4.4
3.9
4.3
10024:
4.5
4.2
2.0
4.8
5.0
3.8
4.0
3.3
4.1
2.5
10025:
2.5
10027:
4.5
5.0
4.3
5.0
2.7
5.0
3.0
4.3
2.0
5.0
10028:
4.5
4.4
4.0
5.0
5.0
3.3
5.0
10029:
3.5
5.0
4.2
3.0
10031:
3.0
3.7
4.5
2.7
4.2
4.0
3.0
2.5
4.0
10032:
3.3
5.0
5.0
4.0
4.0
2.5
3.8
3.8
3.0
3.0
10033:
4.3
4.0
5.0
5.0
4.0
3.5
2.5
3.0
5.0
4.0
10034:
2.6
3.2
10035:
4.0
4.5
4.8
4.0
4.0
4.5
3.3
3.0
3.5
3.0
10036:
3.4
3.3
3.3
2.0
3.8
3.5
3.0
3.0
2.5
3.2
10037:
3.9
3.3
3.0
3.1
3.0
4.7
4.0
3.3
3.8
4.1
10038:
4.2
4.0
3.0
3.6
3.5
4.1
4.5
3.3
10039:
2.0
1004:
2.9
2.9
2.9
2.9
3.3
3.5
2.8
4.2
2.5
3.8
10040:
4.0
2.5
4.2
10041:
4.0
4.0
4.1
3.3
3.6
3.5
2.0
4.0
1.0
2.5
10042:
5.0
4.5
3.7
5.0
4.0
5.0
5.0
3.9
5.0
5.0
10043:
5.0
5.0
5.0
5.0
5.0
5.0
3.6
4.0
4.5
5.0
10044:
4.5
3.5
3.0
3.7
3.0
4.4
3.9
3.8
3.6
4.0
10045:
4.0
10046:
3.6
3.1
2.8
10047:
3.0
4.1
5.0
4.1
4.8
3.0
4.1
3.7
10048:
4.0
3.7
4.0
2.5
4.0
5.0
4.0
10049:
3.3
3.6
3.3
1005:
3.5
3.7
3.1
3.5
3.2
3.8
3.6
2.9
3.3
3.7
10050:
3.6
2.7
3.7
3.2
3.8
3.4
10051:
4.0
3.0
3.0
4.5
3.3
3.8
3.6
4.2
4.5
2.0
10052:
3.8
3.8
4.1
3.0
4.0
10053:
3.6
4.0
5.0
3.6
4.0
4.0
2.0
4.0
5.0
5.0
10054:
1.0
3.5
3.3
4.1
2.6
3.5
2.0
4.0
1.0
1.0
10055:
3.5
3.0
4.1
4.0
4.8
3.8
3.7
3.7
3.4
2.9
10056:
2.0
3.5
3.9
4.5
3.3
3.8
2.8
10057:
2.0
3.2
3.0
4.0
3.0
3.4
10058:
3.4
3.5
10059:
2.5
1006:
3.7
3.7
4.0
4.3
4.0
3.6
4.0
4.9
4.5
3.6
10060:
3.0
1.0
5.0
3.2
3.4
3.6
4.0
5.0
3.8
10061:
5.0
3.8
4.3
3.0
3.3
3.8
4.7
3.7
4.0
3.8
10062:
4.0
4.0
10063:
2.9
2.3
3.0
3.4
4.7
3.0
4.0
5.0
1.0
3.5
10064:
2.5
3.3
3.8
10065:
3.8
3.5
3.0
2.9
4.0
5.0
3.2
1.0
2.0
2.9
10066:
3.0
3.5
3.0
3.8
2.0
10067:
4.3
4.0
5.0
5.0
4.0
3.0
2.0
10068:
3.4
4.4
3.0
5.0
3.5
4.0
10069:
3.0
3.0
2.0
1007:
4.0
3.8
4.0
3.2
3.8
10070:
4.0
2.9
3.1
10071:
4.7
2.7
4.0
4.5
5.0
3.7
3.7
4.3
4.3
5.0
10072:
5.0
4.0
5.0
3.4
3.5
5.0
3.3
3.4
4.1
3.0
10073:
3.8
3.8
3.3
3.7
4.1
4.5
3.8
2.5
3.5
2.5
10074:
5.0
4.0
5.0
3.7
4.0
3.7
3.5
4.0
4.0
4.0
10075:
3.3
10076:
3.8
3.3
3.7
4.8
4.0
3.1
4.3
10077:
5.0
5.0
4.0
2.0
4.0
3.8
4.3
3.0
3.5
4.1
10078:
3.0
3.0
4.0
3.6
5.0
3.3
3.4
4.3
5.0
4.0
10079:
4.8
3.4
4.9
4.4
4.3
3.5
3.5
3.6
4.2
3.7
1008:
5.0
4.2
4.3
1.0
4.2
4.7
3.1
3.5
3.0
3.0
10080:
4.4
4.5
4.0
3.1
4.5
3.6
4.4
4.4
3.6
3.4
10081:
3.8
4.1
3.3
3.5
3.8
3.3
3.0
10082:
4.0
3.4
3.7
5.0
3.9
4.3
3.1
3.4
3.6
4.2
10083:
3.0
4.0
3.5
4.2
3.0
3.5
1.0
3.7
2.5
3.0
10084:
5.0
4.0
4.0
4.0
4.0
5.0
5.0
3.0
4.0
4.0
10085:
2.6
3.4
4.1
4.0
3.0
3.3
4.3
3.6
3.0
2.6
10086:
4.0
4.0
10087:
3.0
5.0
4.1
4.0
2.4
3.4
3.6
4.2
3.7
5.0
10088:
3.7
3.0
3.5
2.6
5.0
3.3
3.1
2.7
4.0
3.7
10089:
2.8
4.5
3.8
3.4
5.0
1009:
3.6
10090:
5.0
5.0
4.5
3.7
4.4
4.3
4.0
5.0
4.5
4.4
10091:
2.5
2.0
3.0
3.0
10092:
3.0
4.0
3.5
4.2
4.3
4.5
3.4
5.0
4.0
3.5
10094:
3.3
3.7
4.0
4.0
3.8
2.8
3.0
2.9
4.1
4.5
10095:
3.8
3.2
3.6
4.2
3.7
2.6
4.2
3.0
4.0
4.0
10096:
4.0
3.6
3.2
3.4
3.4
4.2
4.3
4.0
3.2
5.0
10097:
4.0
3.6
2.5
3.4
2.9
3.8
3.1
3.2
4.0
4.0
10098:
2.2
3.8
3.8
4.1
2.9
3.3
3.7
10099:
3.5
5.0
5.0
5.0
3.0
4.0
4.0
5.0
3.5
101:
5.0
4.2
4.0
3.3
3.7
4.4
1010:
4.7
10100:
3.8
3.0
4.0
3.3
3.7
2.9
3.7
1.0
2.9
3.5
10101:
4.8
3.0
4.0
3.8
3.0
3.7
5.0
4.4
5.0
5.0
10102:
4.0
3.6
4.8
3.5
3.0
4.0
3.4
3.2
3.7
3.3
10103:
5.0
3.5
3.0
3.5
3.6
3.5
4.6
3.8
4.1
2.5
10104:
4.0
10105:
3.4
3.7
3.3
2.6
3.0
3.3
3.9
4.0
3.2
4.6
10106:
3.3
4.0
3.0
4.3
3.4
3.0
5.0
10107:
3.1
4.0
4.0
2.8
3.9
4.0
3.8
4.0
2.9
3.8
10108:
3.1
2.8
3.2
10109:
4.3
5.0
2.7
3.8
3.7
3.8
3.8
2.0
3.2
3.0
1011:
4.2
4.0
4.2
4.1
3.3
3.8
4.0
4.5
5.0
4.6
10110:
3.0
3.4
10111:
3.7
5.0
3.6
5.0
3.0
2.0
3.0
4.0
1.0
4.0
10112:
3.5
3.8
5.0
4.0
4.2
3.0
3.6
3.4
2.9
4.3
10113:
3.2
3.6
3.9
4.0
3.5
2.8
2.9
10114:
3.9
4.0
3.9
3.4
3.0
3.8
3.1
3.8
3.5
3.8
10115:
2.0
5.0
2.5
10116:
4.4
4.5
3.6
3.7
2.7
4.4
3.4
3.1
4.6
3.4
10117:
4.0
2.0
4.0
4.0
3.0
3.5
3.9
4.0
3.7
3.8
10118:
3.5
2.3
10119:
3.8
3.0
1.0
3.0
2.0
4.0
3.7
1.0
4.0
4.0
1012:
1.0
4.0
3.0
5.0
3.0
3.0
4.0
3.5
4.0
1.0
10120:
4.0
4.0
5.0
3.0
4.2
10121:
3.7
5.0
5.0
3.5
5.0
4.3
4.2
4.2
4.2
4.5
10122:
5.0
2.2
4.0
3.7
4.0
10123:
3.5
3.0
3.5
3.3
4.0
3.7
3.2
4.0
4.5
4.4
10124:
2.1
3.2
3.0
3.2
4.3
3.8
2.4
3.7
3.1
3.3
10125:
3.0
3.5
5.0
4.2
4.5
3.0
3.5
4.2
3.0
3.7
10126:
2.7
3.8
3.5
3.0
3.1
3.2
3.8
3.9
3.0
3.7
10127:
1.0
3.8
4.2
10128:
3.5
3.8
3.0
3.5
4.0
4.1
2.8
3.0
4.7
4.0
10129:
3.5
3.5
4.0
4.7
3.8
4.0
1013:
3.2
4.1
4.0
5.0
4.0
4.5
4.5
2.7
5.0
3.2
10130:
5.0
3.4
5.0
3.5
2.9
3.0
3.4
3.1
3.2
2.7
10131:
4.0
4.0
5.0
3.0
3.6
3.8
4.1
3.5
3.0
3.7
10132:
3.3
3.6
3.4
3.1
2.8
3.0
2.7
3.8
3.0
3.7
10133:
4.0
5.0
2.7
2.0
3.0
3.0
3.0
3.5
3.0
10134:
3.4
4.7
3.4
3.6
3.2
10135:
2.5
3.4
4.1
2.0
5.0
5.0
3.0
3.7
3.5
3.2
10136:
3.6
3.6
3.3
4.0
10137:
5.0
3.7
5.0
3.0
4.0
4.4
5.0
2.5
5.0
3.6
10138:
4.1
2.9
3.9
10139:
4.3
4.1
4.2
4.1
2.9
3.7
3.2
4.2
3.3
3.4
1014:
3.3
3.4
3.0
4.1
3.9
4.6
3.5
3.3
3.9
4.1
10140:
5.0
4.2
2.9
4.2
3.0
5.0
3.4
4.0
5.0
3.7
10141:
3.2
4.0
4.2
5.0
5.0
3.2
4.4
4.0
3.6
2.9
10142:
4.0
4.0
5.0
5.0
4.0
5.0
2.0
3.0
4.0
3.0
10143:
4.5
5.0
3.0
5.0
4.5
3.8
4.0
2.0
4.0
1.0
10144:
4.0
3.0
3.5
4.5
3.3
4.0
2.6
3.5
4.1
3.0
10145:
5.0
3.3
4.3
3.8
5.0
3.0
10146:
5.0
4.0
3.5
3.7
3.5
3.7
10147:
4.3
3.0
4.0
4.7
4.0
5.0
2.0
5.0
4.7
5.0
10148:
3.6
3.1
3.0
3.3
3.0
3.2
3.7
3.0
3.3
3.8
10149:
3.5
1015:
5.0
2.0
3.3
3.4
4.6
3.0
3.4
3.5
4.1
4.0
10150:
5.0
4.3
10151:
5.0
4.0
4.7
3.6
4.0
3.2
3.8
4.0
2.5
3.4
10152:
4.2
3.0
3.7
4.0
4.2
3.9
5.0
2.9
4.3
3.8
10153:
3.0
3.9
3.2
3.5
4.4
3.4
3.2
3.2
1.0
4.2
10154:
3.2
3.7
3.1
2.4
3.8
10155:
4.0
4.9
2.5
3.4
3.6
4.0
4.0
3.6
4.7
3.3
10156:
3.5
3.2
4.0
3.5
3.5
3.8
3.6
3.0
3.5
3.5
10157:
3.7
3.5
3.0
3.8
3.5
4.0
3.7
4.3
4.4
4.5
10158:
4.2
3.9
3.0
3.7
4.7
3.0
RMSE: 0.81
